2024-12-06 20:11:20,155 - INFO - Navigating to search URL
2024-12-06 20:11:28,431 - INFO - Found 50 movie URLs
2024-12-06 20:11:36,786 - ERROR - IMDb Score not found for https://www.imdb.com/title/tt17526714/?ref_=sr_t_1: Message: no such element: Unable to locate element: {"method":"css selector","selector":"div[data-testid="hero-rating-bar__aggregate-rating__score"] span.sc-c4ffe080-1"}
  (Session info: chrome=129.0.6668.42); For documentation on this error, please visit: https://www.selenium.dev/documentation/webdriver/troubleshooting/errors#no-such-element-exception
Stacktrace:
	GetHandleVerifier [0x00007FF623969C05+29557]
	(No symbol) [0x00007FF6238DF930]
	(No symbol) [0x00007FF62379B54A]
	(No symbol) [0x00007FF6237EF6A5]
	(No symbol) [0x00007FF6237EF8FC]
	(No symbol) [0x00007FF62383B797]
	(No symbol) [0x00007FF6238171DF]
	(No symbol) [0x00007FF62383853C]
	(No symbol) [0x00007FF623816F43]
	(No symbol) [0x00007FF6237E115F]
	(No symbol) [0x00007FF6237E22B1]
	GetHandleVerifier [0x00007FF623C9BE3D+3380653]
	GetHandleVerifier [0x00007FF623CE7943+3690675]
	GetHandleVerifier [0x00007FF623CDC83B+3645355]
	GetHandleVerifier [0x00007FF623A28DD6+812358]
	(No symbol) [0x00007FF6238EAA4F]
	(No symbol) [0x00007FF6238E6A64]
	(No symbol) [0x00007FF6238E6C00]
	(No symbol) [0x00007FF6238D5B3F]
	BaseThreadInitThunk [0x00007FFFCBDEE8D7+23]
	RtlUserThreadStart [0x00007FFFCC57FBCC+44]

2024-12-06 20:12:01,046 - ERROR - Failed to fetch user reviews for https://www.imdb.com/title/tt17526714/reviews/?ref_=tt_ov_urv: Message: 

2024-12-06 20:12:15,679 - ERROR - IMDb Score not found for https://www.imdb.com/title/tt6263850/?ref_=sr_t_2: Message: no such element: Unable to locate element: {"method":"css selector","selector":"div[data-testid="hero-rating-bar__aggregate-rating__score"] span.sc-c4ffe080-1"}
  (Session info: chrome=129.0.6668.42); For documentation on this error, please visit: https://www.selenium.dev/documentation/webdriver/troubleshooting/errors#no-such-element-exception
Stacktrace:
	GetHandleVerifier [0x00007FF623969C05+29557]
	(No symbol) [0x00007FF6238DF930]
	(No symbol) [0x00007FF62379B54A]
	(No symbol) [0x00007FF6237EF6A5]
	(No symbol) [0x00007FF6237EF8FC]
	(No symbol) [0x00007FF62383B797]
	(No symbol) [0x00007FF6238171DF]
	(No symbol) [0x00007FF62383853C]
	(No symbol) [0x00007FF623816F43]
	(No symbol) [0x00007FF6237E115F]
	(No symbol) [0x00007FF6237E22B1]
	GetHandleVerifier [0x00007FF623C9BE3D+3380653]
	GetHandleVerifier [0x00007FF623CE7943+3690675]
	GetHandleVerifier [0x00007FF623CDC83B+3645355]
	GetHandleVerifier [0x00007FF623A28DD6+812358]
	(No symbol) [0x00007FF6238EAA4F]
	(No symbol) [0x00007FF6238E6A64]
	(No symbol) [0x00007FF6238E6C00]
	(No symbol) [0x00007FF6238D5B3F]
	BaseThreadInitThunk [0x00007FFFCBDEE8D7+23]
	RtlUserThreadStart [0x00007FFFCC57FBCC+44]

2024-12-06 20:12:39,403 - ERROR - Failed to fetch user reviews for https://www.imdb.com/title/tt6263850/reviews/?ref_=tt_ov_urv: Message: 

2024-12-06 20:12:47,767 - ERROR - IMDb Score not found for https://www.imdb.com/title/tt12584954/?ref_=sr_t_3: Message: no such element: Unable to locate element: {"method":"css selector","selector":"div[data-testid="hero-rating-bar__aggregate-rating__score"] span.sc-c4ffe080-1"}
  (Session info: chrome=129.0.6668.42); For documentation on this error, please visit: https://www.selenium.dev/documentation/webdriver/troubleshooting/errors#no-such-element-exception
Stacktrace:
	GetHandleVerifier [0x00007FF623969C05+29557]
	(No symbol) [0x00007FF6238DF930]
	(No symbol) [0x00007FF62379B54A]
	(No symbol) [0x00007FF6237EF6A5]
	(No symbol) [0x00007FF6237EF8FC]
	(No symbol) [0x00007FF62383B797]
	(No symbol) [0x00007FF6238171DF]
	(No symbol) [0x00007FF62383853C]
	(No symbol) [0x00007FF623816F43]
	(No symbol) [0x00007FF6237E115F]
	(No symbol) [0x00007FF6237E22B1]
	GetHandleVerifier [0x00007FF623C9BE3D+3380653]
	GetHandleVerifier [0x00007FF623CE7943+3690675]
	GetHandleVerifier [0x00007FF623CDC83B+3645355]
	GetHandleVerifier [0x00007FF623A28DD6+812358]
	(No symbol) [0x00007FF6238EAA4F]
	(No symbol) [0x00007FF6238E6A64]
	(No symbol) [0x00007FF6238E6C00]
	(No symbol) [0x00007FF6238D5B3F]
	BaseThreadInitThunk [0x00007FFFCBDEE8D7+23]
	RtlUserThreadStart [0x00007FFFCC57FBCC+44]

2024-12-06 20:13:09,974 - ERROR - Failed to fetch user reviews for https://www.imdb.com/title/tt12584954/reviews/?ref_=tt_ov_urv: Message: 

2024-12-06 20:16:11,987 - INFO - Navigating to search URL
2024-12-06 20:16:20,208 - INFO - Clicked 'See More' button
2024-12-06 20:16:25,255 - INFO - New movies loaded
2024-12-06 20:16:25,630 - INFO - Clicked 'See More' button
2024-12-06 20:16:30,697 - INFO - New movies loaded
2024-12-06 20:16:31,234 - INFO - Clicked 'See More' button
2024-12-06 20:16:36,256 - INFO - New movies loaded
2024-12-06 20:16:36,676 - INFO - Clicked 'See More' button
2024-12-06 20:16:41,744 - INFO - New movies loaded
2024-12-06 20:16:42,163 - INFO - Clicked 'See More' button
2024-12-06 20:16:47,190 - INFO - New movies loaded
2024-12-06 20:16:47,597 - INFO - Clicked 'See More' button
2024-12-06 20:16:52,640 - INFO - New movies loaded
2024-12-06 20:16:53,047 - INFO - Clicked 'See More' button
2024-12-06 20:16:58,084 - INFO - New movies loaded
2024-12-06 20:16:58,522 - INFO - Clicked 'See More' button
2024-12-06 20:17:03,583 - INFO - New movies loaded
2024-12-06 20:17:04,036 - INFO - Clicked 'See More' button
2024-12-06 20:17:09,097 - INFO - New movies loaded
2024-12-06 20:17:09,525 - INFO - Clicked 'See More' button
2024-12-06 20:17:14,570 - INFO - New movies loaded
2024-12-06 20:17:15,008 - INFO - Clicked 'See More' button
2024-12-06 20:17:20,320 - INFO - New movies loaded
2024-12-06 20:17:20,869 - INFO - Clicked 'See More' button
2024-12-06 20:17:25,911 - INFO - New movies loaded
2024-12-06 20:17:26,358 - INFO - Clicked 'See More' button
2024-12-06 20:17:31,410 - INFO - New movies loaded
2024-12-06 20:18:51,631 - INFO - Navigating to search URL
2024-12-06 20:18:58,573 - INFO - Clicked 'See More' button
2024-12-06 20:19:03,594 - INFO - New movies loaded
2024-12-06 20:19:03,604 - ERROR - Error while trying to click 'See More' button: Message: no such element: Unable to locate element: {"method":"xpath","selector":"//span[contains(@class, "ipc-see-more")]/button[contains(@class, "ipc-see-more__button")]"}
  (Session info: chrome=129.0.6668.42); For documentation on this error, please visit: https://www.selenium.dev/documentation/webdriver/troubleshooting/errors#no-such-element-exception
Stacktrace:
	GetHandleVerifier [0x00007FF623969C05+29557]
	(No symbol) [0x00007FF6238DF930]
	(No symbol) [0x00007FF62379B54A]
	(No symbol) [0x00007FF6237EF6A5]
	(No symbol) [0x00007FF6237EF8FC]
	(No symbol) [0x00007FF62383B797]
	(No symbol) [0x00007FF6238171DF]
	(No symbol) [0x00007FF62383853C]
	(No symbol) [0x00007FF623816F43]
	(No symbol) [0x00007FF6237E115F]
	(No symbol) [0x00007FF6237E22B1]
	GetHandleVerifier [0x00007FF623C9BE3D+3380653]
	GetHandleVerifier [0x00007FF623CE7943+3690675]
	GetHandleVerifier [0x00007FF623CDC83B+3645355]
	GetHandleVerifier [0x00007FF623A28DD6+812358]
	(No symbol) [0x00007FF6238EAA4F]
	(No symbol) [0x00007FF6238E6A64]
	(No symbol) [0x00007FF6238E6C00]
	(No symbol) [0x00007FF6238D5B3F]
	BaseThreadInitThunk [0x00007FFFCBDEE8D7+23]
	RtlUserThreadStart [0x00007FFFCC57FBCC+44]

2024-12-06 20:19:04,036 - INFO - Found 72 movie URLs on the final page
2024-12-06 20:19:09,906 - ERROR - Year not found for https://www.imdb.com/title/tt30317302/?ref_=sr_t_1: Message: no such element: Unable to locate element: {"method":"xpath","selector":"(//a[@class="ipc-link ipc-link--baseAlt ipc-link--inherit-color"])[6]"}
  (Session info: chrome=129.0.6668.42); For documentation on this error, please visit: https://www.selenium.dev/documentation/webdriver/troubleshooting/errors#no-such-element-exception
Stacktrace:
	GetHandleVerifier [0x00007FF623969C05+29557]
	(No symbol) [0x00007FF6238DF930]
	(No symbol) [0x00007FF62379B54A]
	(No symbol) [0x00007FF6237EF6A5]
	(No symbol) [0x00007FF6237EF8FC]
	(No symbol) [0x00007FF62383B797]
	(No symbol) [0x00007FF6238171DF]
	(No symbol) [0x00007FF62383853C]
	(No symbol) [0x00007FF623816F43]
	(No symbol) [0x00007FF6237E115F]
	(No symbol) [0x00007FF6237E22B1]
	GetHandleVerifier [0x00007FF623C9BE3D+3380653]
	GetHandleVerifier [0x00007FF623CE7943+3690675]
	GetHandleVerifier [0x00007FF623CDC83B+3645355]
	GetHandleVerifier [0x00007FF623A28DD6+812358]
	(No symbol) [0x00007FF6238EAA4F]
	(No symbol) [0x00007FF6238E6A64]
	(No symbol) [0x00007FF6238E6C00]
	(No symbol) [0x00007FF6238D5B3F]
	BaseThreadInitThunk [0x00007FFFCBDEE8D7+23]
	RtlUserThreadStart [0x00007FFFCC57FBCC+44]

2024-12-06 20:19:10,401 - ERROR - Metascore not found for https://www.imdb.com/title/tt30317302/?ref_=sr_t_1: Message: no such element: Unable to locate element: {"method":"css selector","selector":"span.sc-b0901df4-0"}
  (Session info: chrome=129.0.6668.42); For documentation on this error, please visit: https://www.selenium.dev/documentation/webdriver/troubleshooting/errors#no-such-element-exception
Stacktrace:
	GetHandleVerifier [0x00007FF623969C05+29557]
	(No symbol) [0x00007FF6238DF930]
	(No symbol) [0x00007FF62379B54A]
	(No symbol) [0x00007FF6237EF6A5]
	(No symbol) [0x00007FF6237EF8FC]
	(No symbol) [0x00007FF62383B797]
	(No symbol) [0x00007FF6238171DF]
	(No symbol) [0x00007FF62383853C]
	(No symbol) [0x00007FF623816F43]
	(No symbol) [0x00007FF6237E115F]
	(No symbol) [0x00007FF6237E22B1]
	GetHandleVerifier [0x00007FF623C9BE3D+3380653]
	GetHandleVerifier [0x00007FF623CE7943+3690675]
	GetHandleVerifier [0x00007FF623CDC83B+3645355]
	GetHandleVerifier [0x00007FF623A28DD6+812358]
	(No symbol) [0x00007FF6238EAA4F]
	(No symbol) [0x00007FF6238E6A64]
	(No symbol) [0x00007FF6238E6C00]
	(No symbol) [0x00007FF6238D5B3F]
	BaseThreadInitThunk [0x00007FFFCBDEE8D7+23]
	RtlUserThreadStart [0x00007FFFCC57FBCC+44]

2024-12-06 20:19:10,474 - ERROR - IMDb Score not found for https://www.imdb.com/title/tt30317302/?ref_=sr_t_1: Message: no such element: Unable to locate element: {"method":"css selector","selector":"div[data-testid="hero-rating-bar__aggregate-rating__score"] span.sc-c4ffe080-1"}
  (Session info: chrome=129.0.6668.42); For documentation on this error, please visit: https://www.selenium.dev/documentation/webdriver/troubleshooting/errors#no-such-element-exception
Stacktrace:
	GetHandleVerifier [0x00007FF623969C05+29557]
	(No symbol) [0x00007FF6238DF930]
	(No symbol) [0x00007FF62379B54A]
	(No symbol) [0x00007FF6237EF6A5]
	(No symbol) [0x00007FF6237EF8FC]
	(No symbol) [0x00007FF62383B797]
	(No symbol) [0x00007FF6238171DF]
	(No symbol) [0x00007FF62383853C]
	(No symbol) [0x00007FF623816F43]
	(No symbol) [0x00007FF6237E115F]
	(No symbol) [0x00007FF6237E22B1]
	GetHandleVerifier [0x00007FF623C9BE3D+3380653]
	GetHandleVerifier [0x00007FF623CE7943+3690675]
	GetHandleVerifier [0x00007FF623CDC83B+3645355]
	GetHandleVerifier [0x00007FF623A28DD6+812358]
	(No symbol) [0x00007FF6238EAA4F]
	(No symbol) [0x00007FF6238E6A64]
	(No symbol) [0x00007FF6238E6C00]
	(No symbol) [0x00007FF6238D5B3F]
	BaseThreadInitThunk [0x00007FFFCBDEE8D7+23]
	RtlUserThreadStart [0x00007FFFCC57FBCC+44]

2024-12-06 20:19:10,603 - ERROR - Failed to fetch box office data for https://www.imdb.com/title/tt30317302/?ref_=sr_t_1: Message: no such element: Unable to locate element: {"method":"css selector","selector":"section[data-testid="BoxOffice"]"}
  (Session info: chrome=129.0.6668.42); For documentation on this error, please visit: https://www.selenium.dev/documentation/webdriver/troubleshooting/errors#no-such-element-exception
Stacktrace:
	GetHandleVerifier [0x00007FF623969C05+29557]
	(No symbol) [0x00007FF6238DF930]
	(No symbol) [0x00007FF62379B54A]
	(No symbol) [0x00007FF6237EF6A5]
	(No symbol) [0x00007FF6237EF8FC]
	(No symbol) [0x00007FF62383B797]
	(No symbol) [0x00007FF6238171DF]
	(No symbol) [0x00007FF62383853C]
	(No symbol) [0x00007FF623816F43]
	(No symbol) [0x00007FF6237E115F]
	(No symbol) [0x00007FF6237E22B1]
	GetHandleVerifier [0x00007FF623C9BE3D+3380653]
	GetHandleVerifier [0x00007FF623CE7943+3690675]
	GetHandleVerifier [0x00007FF623CDC83B+3645355]
	GetHandleVerifier [0x00007FF623A28DD6+812358]
	(No symbol) [0x00007FF6238EAA4F]
	(No symbol) [0x00007FF6238E6A64]
	(No symbol) [0x00007FF6238E6C00]
	(No symbol) [0x00007FF6238D5B3F]
	BaseThreadInitThunk [0x00007FFFCBDEE8D7+23]
	RtlUserThreadStart [0x00007FFFCC57FBCC+44]

2024-12-06 20:19:10,656 - ERROR - Failed to fetch critic reviews link for https://www.imdb.com/title/tt30317302/?ref_=sr_t_1: Message: no such element: Unable to locate element: {"method":"css selector","selector":"a.isReview[href*="/criticreviews/"]"}
  (Session info: chrome=129.0.6668.42); For documentation on this error, please visit: https://www.selenium.dev/documentation/webdriver/troubleshooting/errors#no-such-element-exception
Stacktrace:
	GetHandleVerifier [0x00007FF623969C05+29557]
	(No symbol) [0x00007FF6238DF930]
	(No symbol) [0x00007FF62379B54A]
	(No symbol) [0x00007FF6237EF6A5]
	(No symbol) [0x00007FF6237EF8FC]
	(No symbol) [0x00007FF62383B797]
	(No symbol) [0x00007FF6238171DF]
	(No symbol) [0x00007FF62383853C]
	(No symbol) [0x00007FF623816F43]
	(No symbol) [0x00007FF6237E115F]
	(No symbol) [0x00007FF6237E22B1]
	GetHandleVerifier [0x00007FF623C9BE3D+3380653]
	GetHandleVerifier [0x00007FF623CE7943+3690675]
	GetHandleVerifier [0x00007FF623CDC83B+3645355]
	GetHandleVerifier [0x00007FF623A28DD6+812358]
	(No symbol) [0x00007FF6238EAA4F]
	(No symbol) [0x00007FF6238E6A64]
	(No symbol) [0x00007FF6238E6C00]
	(No symbol) [0x00007FF6238D5B3F]
	BaseThreadInitThunk [0x00007FFFCBDEE8D7+23]
	RtlUserThreadStart [0x00007FFFCC57FBCC+44]

2024-12-06 20:19:34,501 - ERROR - Failed to fetch user reviews for https://www.imdb.com/title/tt30317302/reviews/?ref_=tt_ov_urv: Message: 

2024-12-06 20:19:39,514 - ERROR - Year not found for https://www.imdb.com/title/tt26902267/?ref_=sr_t_2: Message: no such element: Unable to locate element: {"method":"xpath","selector":"(//a[@class="ipc-link ipc-link--baseAlt ipc-link--inherit-color"])[6]"}
  (Session info: chrome=129.0.6668.42); For documentation on this error, please visit: https://www.selenium.dev/documentation/webdriver/troubleshooting/errors#no-such-element-exception
Stacktrace:
	GetHandleVerifier [0x00007FF623969C05+29557]
	(No symbol) [0x00007FF6238DF930]
	(No symbol) [0x00007FF62379B54A]
	(No symbol) [0x00007FF6237EF6A5]
	(No symbol) [0x00007FF6237EF8FC]
	(No symbol) [0x00007FF62383B797]
	(No symbol) [0x00007FF6238171DF]
	(No symbol) [0x00007FF62383853C]
	(No symbol) [0x00007FF623816F43]
	(No symbol) [0x00007FF6237E115F]
	(No symbol) [0x00007FF6237E22B1]
	GetHandleVerifier [0x00007FF623C9BE3D+3380653]
	GetHandleVerifier [0x00007FF623CE7943+3690675]
	GetHandleVerifier [0x00007FF623CDC83B+3645355]
	GetHandleVerifier [0x00007FF623A28DD6+812358]
	(No symbol) [0x00007FF6238EAA4F]
	(No symbol) [0x00007FF6238E6A64]
	(No symbol) [0x00007FF6238E6C00]
	(No symbol) [0x00007FF6238D5B3F]
	BaseThreadInitThunk [0x00007FFFCBDEE8D7+23]
	RtlUserThreadStart [0x00007FFFCC57FBCC+44]

2024-12-06 20:19:39,766 - ERROR - Metascore not found for https://www.imdb.com/title/tt26902267/?ref_=sr_t_2: Message: no such element: Unable to locate element: {"method":"css selector","selector":"span.sc-b0901df4-0"}
  (Session info: chrome=129.0.6668.42); For documentation on this error, please visit: https://www.selenium.dev/documentation/webdriver/troubleshooting/errors#no-such-element-exception
Stacktrace:
	GetHandleVerifier [0x00007FF623969C05+29557]
	(No symbol) [0x00007FF6238DF930]
	(No symbol) [0x00007FF62379B54A]
	(No symbol) [0x00007FF6237EF6A5]
	(No symbol) [0x00007FF6237EF8FC]
	(No symbol) [0x00007FF62383B797]
	(No symbol) [0x00007FF6238171DF]
	(No symbol) [0x00007FF62383853C]
	(No symbol) [0x00007FF623816F43]
	(No symbol) [0x00007FF6237E115F]
	(No symbol) [0x00007FF6237E22B1]
	GetHandleVerifier [0x00007FF623C9BE3D+3380653]
	GetHandleVerifier [0x00007FF623CE7943+3690675]
	GetHandleVerifier [0x00007FF623CDC83B+3645355]
	GetHandleVerifier [0x00007FF623A28DD6+812358]
	(No symbol) [0x00007FF6238EAA4F]
	(No symbol) [0x00007FF6238E6A64]
	(No symbol) [0x00007FF6238E6C00]
	(No symbol) [0x00007FF6238D5B3F]
	BaseThreadInitThunk [0x00007FFFCBDEE8D7+23]
	RtlUserThreadStart [0x00007FFFCC57FBCC+44]

2024-12-06 20:19:39,879 - ERROR - IMDb Score not found for https://www.imdb.com/title/tt26902267/?ref_=sr_t_2: Message: no such element: Unable to locate element: {"method":"css selector","selector":"div[data-testid="hero-rating-bar__aggregate-rating__score"] span.sc-c4ffe080-1"}
  (Session info: chrome=129.0.6668.42); For documentation on this error, please visit: https://www.selenium.dev/documentation/webdriver/troubleshooting/errors#no-such-element-exception
Stacktrace:
	GetHandleVerifier [0x00007FF623969C05+29557]
	(No symbol) [0x00007FF6238DF930]
	(No symbol) [0x00007FF62379B54A]
	(No symbol) [0x00007FF6237EF6A5]
	(No symbol) [0x00007FF6237EF8FC]
	(No symbol) [0x00007FF62383B797]
	(No symbol) [0x00007FF6238171DF]
	(No symbol) [0x00007FF62383853C]
	(No symbol) [0x00007FF623816F43]
	(No symbol) [0x00007FF6237E115F]
	(No symbol) [0x00007FF6237E22B1]
	GetHandleVerifier [0x00007FF623C9BE3D+3380653]
	GetHandleVerifier [0x00007FF623CE7943+3690675]
	GetHandleVerifier [0x00007FF623CDC83B+3645355]
	GetHandleVerifier [0x00007FF623A28DD6+812358]
	(No symbol) [0x00007FF6238EAA4F]
	(No symbol) [0x00007FF6238E6A64]
	(No symbol) [0x00007FF6238E6C00]
	(No symbol) [0x00007FF6238D5B3F]
	BaseThreadInitThunk [0x00007FFFCBDEE8D7+23]
	RtlUserThreadStart [0x00007FFFCC57FBCC+44]

2024-12-06 20:19:39,936 - ERROR - Failed to fetch box office data for https://www.imdb.com/title/tt26902267/?ref_=sr_t_2: Message: no such element: Unable to locate element: {"method":"css selector","selector":"section[data-testid="BoxOffice"]"}
  (Session info: chrome=129.0.6668.42); For documentation on this error, please visit: https://www.selenium.dev/documentation/webdriver/troubleshooting/errors#no-such-element-exception
Stacktrace:
	GetHandleVerifier [0x00007FF623969C05+29557]
	(No symbol) [0x00007FF6238DF930]
	(No symbol) [0x00007FF62379B54A]
	(No symbol) [0x00007FF6237EF6A5]
	(No symbol) [0x00007FF6237EF8FC]
	(No symbol) [0x00007FF62383B797]
	(No symbol) [0x00007FF6238171DF]
	(No symbol) [0x00007FF62383853C]
	(No symbol) [0x00007FF623816F43]
	(No symbol) [0x00007FF6237E115F]
	(No symbol) [0x00007FF6237E22B1]
	GetHandleVerifier [0x00007FF623C9BE3D+3380653]
	GetHandleVerifier [0x00007FF623CE7943+3690675]
	GetHandleVerifier [0x00007FF623CDC83B+3645355]
	GetHandleVerifier [0x00007FF623A28DD6+812358]
	(No symbol) [0x00007FF6238EAA4F]
	(No symbol) [0x00007FF6238E6A64]
	(No symbol) [0x00007FF6238E6C00]
	(No symbol) [0x00007FF6238D5B3F]
	BaseThreadInitThunk [0x00007FFFCBDEE8D7+23]
	RtlUserThreadStart [0x00007FFFCC57FBCC+44]

2024-12-06 20:19:40,054 - ERROR - Failed to fetch critic reviews link for https://www.imdb.com/title/tt26902267/?ref_=sr_t_2: Message: no such element: Unable to locate element: {"method":"css selector","selector":"a.isReview[href*="/criticreviews/"]"}
  (Session info: chrome=129.0.6668.42); For documentation on this error, please visit: https://www.selenium.dev/documentation/webdriver/troubleshooting/errors#no-such-element-exception
Stacktrace:
	GetHandleVerifier [0x00007FF623969C05+29557]
	(No symbol) [0x00007FF6238DF930]
	(No symbol) [0x00007FF62379B54A]
	(No symbol) [0x00007FF6237EF6A5]
	(No symbol) [0x00007FF6237EF8FC]
	(No symbol) [0x00007FF62383B797]
	(No symbol) [0x00007FF6238171DF]
	(No symbol) [0x00007FF62383853C]
	(No symbol) [0x00007FF623816F43]
	(No symbol) [0x00007FF6237E115F]
	(No symbol) [0x00007FF6237E22B1]
	GetHandleVerifier [0x00007FF623C9BE3D+3380653]
	GetHandleVerifier [0x00007FF623CE7943+3690675]
	GetHandleVerifier [0x00007FF623CDC83B+3645355]
	GetHandleVerifier [0x00007FF623A28DD6+812358]
	(No symbol) [0x00007FF6238EAA4F]
	(No symbol) [0x00007FF6238E6A64]
	(No symbol) [0x00007FF6238E6C00]
	(No symbol) [0x00007FF6238D5B3F]
	BaseThreadInitThunk [0x00007FFFCBDEE8D7+23]
	RtlUserThreadStart [0x00007FFFCC57FBCC+44]

2024-12-06 20:20:03,569 - ERROR - Failed to fetch user reviews for https://www.imdb.com/title/tt26902267/reviews/?ref_=tt_ov_urv: Message: 

2024-12-06 20:20:08,688 - ERROR - Year not found for https://www.imdb.com/title/tt28480262/?ref_=sr_t_3: Message: no such element: Unable to locate element: {"method":"xpath","selector":"(//a[@class="ipc-link ipc-link--baseAlt ipc-link--inherit-color"])[6]"}
  (Session info: chrome=129.0.6668.42); For documentation on this error, please visit: https://www.selenium.dev/documentation/webdriver/troubleshooting/errors#no-such-element-exception
Stacktrace:
	GetHandleVerifier [0x00007FF623969C05+29557]
	(No symbol) [0x00007FF6238DF930]
	(No symbol) [0x00007FF62379B54A]
	(No symbol) [0x00007FF6237EF6A5]
	(No symbol) [0x00007FF6237EF8FC]
	(No symbol) [0x00007FF62383B797]
	(No symbol) [0x00007FF6238171DF]
	(No symbol) [0x00007FF62383853C]
	(No symbol) [0x00007FF623816F43]
	(No symbol) [0x00007FF6237E115F]
	(No symbol) [0x00007FF6237E22B1]
	GetHandleVerifier [0x00007FF623C9BE3D+3380653]
	GetHandleVerifier [0x00007FF623CE7943+3690675]
	GetHandleVerifier [0x00007FF623CDC83B+3645355]
	GetHandleVerifier [0x00007FF623A28DD6+812358]
	(No symbol) [0x00007FF6238EAA4F]
	(No symbol) [0x00007FF6238E6A64]
	(No symbol) [0x00007FF6238E6C00]
	(No symbol) [0x00007FF6238D5B3F]
	BaseThreadInitThunk [0x00007FFFCBDEE8D7+23]
	RtlUserThreadStart [0x00007FFFCC57FBCC+44]

2024-12-06 20:20:08,897 - ERROR - Metascore not found for https://www.imdb.com/title/tt28480262/?ref_=sr_t_3: Message: no such element: Unable to locate element: {"method":"css selector","selector":"span.sc-b0901df4-0"}
  (Session info: chrome=129.0.6668.42); For documentation on this error, please visit: https://www.selenium.dev/documentation/webdriver/troubleshooting/errors#no-such-element-exception
Stacktrace:
	GetHandleVerifier [0x00007FF623969C05+29557]
	(No symbol) [0x00007FF6238DF930]
	(No symbol) [0x00007FF62379B54A]
	(No symbol) [0x00007FF6237EF6A5]
	(No symbol) [0x00007FF6237EF8FC]
	(No symbol) [0x00007FF62383B797]
	(No symbol) [0x00007FF6238171DF]
	(No symbol) [0x00007FF62383853C]
	(No symbol) [0x00007FF623816F43]
	(No symbol) [0x00007FF6237E115F]
	(No symbol) [0x00007FF6237E22B1]
	GetHandleVerifier [0x00007FF623C9BE3D+3380653]
	GetHandleVerifier [0x00007FF623CE7943+3690675]
	GetHandleVerifier [0x00007FF623CDC83B+3645355]
	GetHandleVerifier [0x00007FF623A28DD6+812358]
	(No symbol) [0x00007FF6238EAA4F]
	(No symbol) [0x00007FF6238E6A64]
	(No symbol) [0x00007FF6238E6C00]
	(No symbol) [0x00007FF6238D5B3F]
	BaseThreadInitThunk [0x00007FFFCBDEE8D7+23]
	RtlUserThreadStart [0x00007FFFCC57FBCC+44]

2024-12-06 20:20:08,981 - ERROR - Runtime not found for https://www.imdb.com/title/tt28480262/?ref_=sr_t_3: Message: no such element: Unable to locate element: {"method":"css selector","selector":"li[data-testid="title-techspec_runtime"] .ipc-metadata-list-item__content-container"}
  (Session info: chrome=129.0.6668.42); For documentation on this error, please visit: https://www.selenium.dev/documentation/webdriver/troubleshooting/errors#no-such-element-exception
Stacktrace:
	GetHandleVerifier [0x00007FF623969C05+29557]
	(No symbol) [0x00007FF6238DF930]
	(No symbol) [0x00007FF62379B54A]
	(No symbol) [0x00007FF6237EF6A5]
	(No symbol) [0x00007FF6237EF8FC]
	(No symbol) [0x00007FF62383B797]
	(No symbol) [0x00007FF6238171DF]
	(No symbol) [0x00007FF62383853C]
	(No symbol) [0x00007FF623816F43]
	(No symbol) [0x00007FF6237E115F]
	(No symbol) [0x00007FF6237E22B1]
	GetHandleVerifier [0x00007FF623C9BE3D+3380653]
	GetHandleVerifier [0x00007FF623CE7943+3690675]
	GetHandleVerifier [0x00007FF623CDC83B+3645355]
	GetHandleVerifier [0x00007FF623A28DD6+812358]
	(No symbol) [0x00007FF6238EAA4F]
	(No symbol) [0x00007FF6238E6A64]
	(No symbol) [0x00007FF6238E6C00]
	(No symbol) [0x00007FF6238D5B3F]
	BaseThreadInitThunk [0x00007FFFCBDEE8D7+23]
	RtlUserThreadStart [0x00007FFFCC57FBCC+44]

2024-12-06 20:20:08,996 - ERROR - IMDb Score not found for https://www.imdb.com/title/tt28480262/?ref_=sr_t_3: Message: no such element: Unable to locate element: {"method":"css selector","selector":"div[data-testid="hero-rating-bar__aggregate-rating__score"] span.sc-c4ffe080-1"}
  (Session info: chrome=129.0.6668.42); For documentation on this error, please visit: https://www.selenium.dev/documentation/webdriver/troubleshooting/errors#no-such-element-exception
Stacktrace:
	GetHandleVerifier [0x00007FF623969C05+29557]
	(No symbol) [0x00007FF6238DF930]
	(No symbol) [0x00007FF62379B54A]
	(No symbol) [0x00007FF6237EF6A5]
	(No symbol) [0x00007FF6237EF8FC]
	(No symbol) [0x00007FF62383B797]
	(No symbol) [0x00007FF6238171DF]
	(No symbol) [0x00007FF62383853C]
	(No symbol) [0x00007FF623816F43]
	(No symbol) [0x00007FF6237E115F]
	(No symbol) [0x00007FF6237E22B1]
	GetHandleVerifier [0x00007FF623C9BE3D+3380653]
	GetHandleVerifier [0x00007FF623CE7943+3690675]
	GetHandleVerifier [0x00007FF623CDC83B+3645355]
	GetHandleVerifier [0x00007FF623A28DD6+812358]
	(No symbol) [0x00007FF6238EAA4F]
	(No symbol) [0x00007FF6238E6A64]
	(No symbol) [0x00007FF6238E6C00]
	(No symbol) [0x00007FF6238D5B3F]
	BaseThreadInitThunk [0x00007FFFCBDEE8D7+23]
	RtlUserThreadStart [0x00007FFFCC57FBCC+44]

2024-12-06 20:20:09,031 - ERROR - User reviews count not found for https://www.imdb.com/title/tt28480262/?ref_=sr_t_3: Message: no such element: Unable to locate element: {"method":"css selector","selector":"a.ipc-link--baseAlt[href*="/reviews/"] span.score"}
  (Session info: chrome=129.0.6668.42); For documentation on this error, please visit: https://www.selenium.dev/documentation/webdriver/troubleshooting/errors#no-such-element-exception
Stacktrace:
	GetHandleVerifier [0x00007FF623969C05+29557]
	(No symbol) [0x00007FF6238DF930]
	(No symbol) [0x00007FF62379B54A]
	(No symbol) [0x00007FF6237EF6A5]
	(No symbol) [0x00007FF6237EF8FC]
	(No symbol) [0x00007FF62383B797]
	(No symbol) [0x00007FF6238171DF]
	(No symbol) [0x00007FF62383853C]
	(No symbol) [0x00007FF623816F43]
	(No symbol) [0x00007FF6237E115F]
	(No symbol) [0x00007FF6237E22B1]
	GetHandleVerifier [0x00007FF623C9BE3D+3380653]
	GetHandleVerifier [0x00007FF623CE7943+3690675]
	GetHandleVerifier [0x00007FF623CDC83B+3645355]
	GetHandleVerifier [0x00007FF623A28DD6+812358]
	(No symbol) [0x00007FF6238EAA4F]
	(No symbol) [0x00007FF6238E6A64]
	(No symbol) [0x00007FF6238E6C00]
	(No symbol) [0x00007FF6238D5B3F]
	BaseThreadInitThunk [0x00007FFFCBDEE8D7+23]
	RtlUserThreadStart [0x00007FFFCC57FBCC+44]

2024-12-06 20:20:09,045 - ERROR - Critic reviews count not found for https://www.imdb.com/title/tt28480262/?ref_=sr_t_3: Message: no such element: Unable to locate element: {"method":"css selector","selector":"a.ipc-link--baseAlt[href*="/externalreviews/"] span.score"}
  (Session info: chrome=129.0.6668.42); For documentation on this error, please visit: https://www.selenium.dev/documentation/webdriver/troubleshooting/errors#no-such-element-exception
Stacktrace:
	GetHandleVerifier [0x00007FF623969C05+29557]
	(No symbol) [0x00007FF6238DF930]
	(No symbol) [0x00007FF62379B54A]
	(No symbol) [0x00007FF6237EF6A5]
	(No symbol) [0x00007FF6237EF8FC]
	(No symbol) [0x00007FF62383B797]
	(No symbol) [0x00007FF6238171DF]
	(No symbol) [0x00007FF62383853C]
	(No symbol) [0x00007FF623816F43]
	(No symbol) [0x00007FF6237E115F]
	(No symbol) [0x00007FF6237E22B1]
	GetHandleVerifier [0x00007FF623C9BE3D+3380653]
	GetHandleVerifier [0x00007FF623CE7943+3690675]
	GetHandleVerifier [0x00007FF623CDC83B+3645355]
	GetHandleVerifier [0x00007FF623A28DD6+812358]
	(No symbol) [0x00007FF6238EAA4F]
	(No symbol) [0x00007FF6238E6A64]
	(No symbol) [0x00007FF6238E6C00]
	(No symbol) [0x00007FF6238D5B3F]
	BaseThreadInitThunk [0x00007FFFCBDEE8D7+23]
	RtlUserThreadStart [0x00007FFFCC57FBCC+44]

2024-12-06 20:20:09,209 - ERROR - Failed to fetch user reviews link for https://www.imdb.com/title/tt28480262/?ref_=sr_t_3: Message: no such element: Unable to locate element: {"method":"css selector","selector":"a.isReview[href*="/reviews/"]"}
  (Session info: chrome=129.0.6668.42); For documentation on this error, please visit: https://www.selenium.dev/documentation/webdriver/troubleshooting/errors#no-such-element-exception
Stacktrace:
	GetHandleVerifier [0x00007FF623969C05+29557]
	(No symbol) [0x00007FF6238DF930]
	(No symbol) [0x00007FF62379B54A]
	(No symbol) [0x00007FF6237EF6A5]
	(No symbol) [0x00007FF6237EF8FC]
	(No symbol) [0x00007FF62383B797]
	(No symbol) [0x00007FF6238171DF]
	(No symbol) [0x00007FF62383853C]
	(No symbol) [0x00007FF623816F43]
	(No symbol) [0x00007FF6237E115F]
	(No symbol) [0x00007FF6237E22B1]
	GetHandleVerifier [0x00007FF623C9BE3D+3380653]
	GetHandleVerifier [0x00007FF623CE7943+3690675]
	GetHandleVerifier [0x00007FF623CDC83B+3645355]
	GetHandleVerifier [0x00007FF623A28DD6+812358]
	(No symbol) [0x00007FF6238EAA4F]
	(No symbol) [0x00007FF6238E6A64]
	(No symbol) [0x00007FF6238E6C00]
	(No symbol) [0x00007FF6238D5B3F]
	BaseThreadInitThunk [0x00007FFFCBDEE8D7+23]
	RtlUserThreadStart [0x00007FFFCC57FBCC+44]

2024-12-06 20:20:09,216 - ERROR - Failed to fetch critic reviews link for https://www.imdb.com/title/tt28480262/?ref_=sr_t_3: Message: no such element: Unable to locate element: {"method":"css selector","selector":"a.isReview[href*="/criticreviews/"]"}
  (Session info: chrome=129.0.6668.42); For documentation on this error, please visit: https://www.selenium.dev/documentation/webdriver/troubleshooting/errors#no-such-element-exception
Stacktrace:
	GetHandleVerifier [0x00007FF623969C05+29557]
	(No symbol) [0x00007FF6238DF930]
	(No symbol) [0x00007FF62379B54A]
	(No symbol) [0x00007FF6237EF6A5]
	(No symbol) [0x00007FF6237EF8FC]
	(No symbol) [0x00007FF62383B797]
	(No symbol) [0x00007FF6238171DF]
	(No symbol) [0x00007FF62383853C]
	(No symbol) [0x00007FF623816F43]
	(No symbol) [0x00007FF6237E115F]
	(No symbol) [0x00007FF6237E22B1]
	GetHandleVerifier [0x00007FF623C9BE3D+3380653]
	GetHandleVerifier [0x00007FF623CE7943+3690675]
	GetHandleVerifier [0x00007FF623CDC83B+3645355]
	GetHandleVerifier [0x00007FF623A28DD6+812358]
	(No symbol) [0x00007FF6238EAA4F]
	(No symbol) [0x00007FF6238E6A64]
	(No symbol) [0x00007FF6238E6C00]
	(No symbol) [0x00007FF6238D5B3F]
	BaseThreadInitThunk [0x00007FFFCBDEE8D7+23]
	RtlUserThreadStart [0x00007FFFCC57FBCC+44]

2024-12-06 20:20:16,517 - ERROR - Year not found for https://www.imdb.com/title/tt27726037/?ref_=sr_t_4: Message: no such element: Unable to locate element: {"method":"xpath","selector":"(//a[@class="ipc-link ipc-link--baseAlt ipc-link--inherit-color"])[6]"}
  (Session info: chrome=129.0.6668.42); For documentation on this error, please visit: https://www.selenium.dev/documentation/webdriver/troubleshooting/errors#no-such-element-exception
Stacktrace:
	GetHandleVerifier [0x00007FF623969C05+29557]
	(No symbol) [0x00007FF6238DF930]
	(No symbol) [0x00007FF62379B54A]
	(No symbol) [0x00007FF6237EF6A5]
	(No symbol) [0x00007FF6237EF8FC]
	(No symbol) [0x00007FF62383B797]
	(No symbol) [0x00007FF6238171DF]
	(No symbol) [0x00007FF62383853C]
	(No symbol) [0x00007FF623816F43]
	(No symbol) [0x00007FF6237E115F]
	(No symbol) [0x00007FF6237E22B1]
	GetHandleVerifier [0x00007FF623C9BE3D+3380653]
	GetHandleVerifier [0x00007FF623CE7943+3690675]
	GetHandleVerifier [0x00007FF623CDC83B+3645355]
	GetHandleVerifier [0x00007FF623A28DD6+812358]
	(No symbol) [0x00007FF6238EAA4F]
	(No symbol) [0x00007FF6238E6A64]
	(No symbol) [0x00007FF6238E6C00]
	(No symbol) [0x00007FF6238D5B3F]
	BaseThreadInitThunk [0x00007FFFCBDEE8D7+23]
	RtlUserThreadStart [0x00007FFFCC57FBCC+44]

2024-12-06 20:20:16,635 - ERROR - Metascore not found for https://www.imdb.com/title/tt27726037/?ref_=sr_t_4: Message: no such element: Unable to locate element: {"method":"css selector","selector":"span.sc-b0901df4-0"}
  (Session info: chrome=129.0.6668.42); For documentation on this error, please visit: https://www.selenium.dev/documentation/webdriver/troubleshooting/errors#no-such-element-exception
Stacktrace:
	GetHandleVerifier [0x00007FF623969C05+29557]
	(No symbol) [0x00007FF6238DF930]
	(No symbol) [0x00007FF62379B54A]
	(No symbol) [0x00007FF6237EF6A5]
	(No symbol) [0x00007FF6237EF8FC]
	(No symbol) [0x00007FF62383B797]
	(No symbol) [0x00007FF6238171DF]
	(No symbol) [0x00007FF62383853C]
	(No symbol) [0x00007FF623816F43]
	(No symbol) [0x00007FF6237E115F]
	(No symbol) [0x00007FF6237E22B1]
	GetHandleVerifier [0x00007FF623C9BE3D+3380653]
	GetHandleVerifier [0x00007FF623CE7943+3690675]
	GetHandleVerifier [0x00007FF623CDC83B+3645355]
	GetHandleVerifier [0x00007FF623A28DD6+812358]
	(No symbol) [0x00007FF6238EAA4F]
	(No symbol) [0x00007FF6238E6A64]
	(No symbol) [0x00007FF6238E6C00]
	(No symbol) [0x00007FF6238D5B3F]
	BaseThreadInitThunk [0x00007FFFCBDEE8D7+23]
	RtlUserThreadStart [0x00007FFFCC57FBCC+44]

2024-12-06 20:20:16,670 - ERROR - IMDb Score not found for https://www.imdb.com/title/tt27726037/?ref_=sr_t_4: Message: no such element: Unable to locate element: {"method":"css selector","selector":"div[data-testid="hero-rating-bar__aggregate-rating__score"] span.sc-c4ffe080-1"}
  (Session info: chrome=129.0.6668.42); For documentation on this error, please visit: https://www.selenium.dev/documentation/webdriver/troubleshooting/errors#no-such-element-exception
Stacktrace:
	GetHandleVerifier [0x00007FF623969C05+29557]
	(No symbol) [0x00007FF6238DF930]
	(No symbol) [0x00007FF62379B54A]
	(No symbol) [0x00007FF6237EF6A5]
	(No symbol) [0x00007FF6237EF8FC]
	(No symbol) [0x00007FF62383B797]
	(No symbol) [0x00007FF6238171DF]
	(No symbol) [0x00007FF62383853C]
	(No symbol) [0x00007FF623816F43]
	(No symbol) [0x00007FF6237E115F]
	(No symbol) [0x00007FF6237E22B1]
	GetHandleVerifier [0x00007FF623C9BE3D+3380653]
	GetHandleVerifier [0x00007FF623CE7943+3690675]
	GetHandleVerifier [0x00007FF623CDC83B+3645355]
	GetHandleVerifier [0x00007FF623A28DD6+812358]
	(No symbol) [0x00007FF6238EAA4F]
	(No symbol) [0x00007FF6238E6A64]
	(No symbol) [0x00007FF6238E6C00]
	(No symbol) [0x00007FF6238D5B3F]
	BaseThreadInitThunk [0x00007FFFCBDEE8D7+23]
	RtlUserThreadStart [0x00007FFFCC57FBCC+44]

2024-12-06 20:20:16,677 - ERROR - User reviews count not found for https://www.imdb.com/title/tt27726037/?ref_=sr_t_4: Message: no such element: Unable to locate element: {"method":"css selector","selector":"a.ipc-link--baseAlt[href*="/reviews/"] span.score"}
  (Session info: chrome=129.0.6668.42); For documentation on this error, please visit: https://www.selenium.dev/documentation/webdriver/troubleshooting/errors#no-such-element-exception
Stacktrace:
	GetHandleVerifier [0x00007FF623969C05+29557]
	(No symbol) [0x00007FF6238DF930]
	(No symbol) [0x00007FF62379B54A]
	(No symbol) [0x00007FF6237EF6A5]
	(No symbol) [0x00007FF6237EF8FC]
	(No symbol) [0x00007FF62383B797]
	(No symbol) [0x00007FF6238171DF]
	(No symbol) [0x00007FF62383853C]
	(No symbol) [0x00007FF623816F43]
	(No symbol) [0x00007FF6237E115F]
	(No symbol) [0x00007FF6237E22B1]
	GetHandleVerifier [0x00007FF623C9BE3D+3380653]
	GetHandleVerifier [0x00007FF623CE7943+3690675]
	GetHandleVerifier [0x00007FF623CDC83B+3645355]
	GetHandleVerifier [0x00007FF623A28DD6+812358]
	(No symbol) [0x00007FF6238EAA4F]
	(No symbol) [0x00007FF6238E6A64]
	(No symbol) [0x00007FF6238E6C00]
	(No symbol) [0x00007FF6238D5B3F]
	BaseThreadInitThunk [0x00007FFFCBDEE8D7+23]
	RtlUserThreadStart [0x00007FFFCC57FBCC+44]

2024-12-06 20:20:16,684 - ERROR - Critic reviews count not found for https://www.imdb.com/title/tt27726037/?ref_=sr_t_4: Message: no such element: Unable to locate element: {"method":"css selector","selector":"a.ipc-link--baseAlt[href*="/externalreviews/"] span.score"}
  (Session info: chrome=129.0.6668.42); For documentation on this error, please visit: https://www.selenium.dev/documentation/webdriver/troubleshooting/errors#no-such-element-exception
Stacktrace:
	GetHandleVerifier [0x00007FF623969C05+29557]
	(No symbol) [0x00007FF6238DF930]
	(No symbol) [0x00007FF62379B54A]
	(No symbol) [0x00007FF6237EF6A5]
	(No symbol) [0x00007FF6237EF8FC]
	(No symbol) [0x00007FF62383B797]
	(No symbol) [0x00007FF6238171DF]
	(No symbol) [0x00007FF62383853C]
	(No symbol) [0x00007FF623816F43]
	(No symbol) [0x00007FF6237E115F]
	(No symbol) [0x00007FF6237E22B1]
	GetHandleVerifier [0x00007FF623C9BE3D+3380653]
	GetHandleVerifier [0x00007FF623CE7943+3690675]
	GetHandleVerifier [0x00007FF623CDC83B+3645355]
	GetHandleVerifier [0x00007FF623A28DD6+812358]
	(No symbol) [0x00007FF6238EAA4F]
	(No symbol) [0x00007FF6238E6A64]
	(No symbol) [0x00007FF6238E6C00]
	(No symbol) [0x00007FF6238D5B3F]
	BaseThreadInitThunk [0x00007FFFCBDEE8D7+23]
	RtlUserThreadStart [0x00007FFFCC57FBCC+44]

2024-12-06 20:20:16,693 - ERROR - Failed to fetch box office data for https://www.imdb.com/title/tt27726037/?ref_=sr_t_4: Message: no such element: Unable to locate element: {"method":"css selector","selector":"section[data-testid="BoxOffice"]"}
  (Session info: chrome=129.0.6668.42); For documentation on this error, please visit: https://www.selenium.dev/documentation/webdriver/troubleshooting/errors#no-such-element-exception
Stacktrace:
	GetHandleVerifier [0x00007FF623969C05+29557]
	(No symbol) [0x00007FF6238DF930]
	(No symbol) [0x00007FF62379B54A]
	(No symbol) [0x00007FF6237EF6A5]
	(No symbol) [0x00007FF6237EF8FC]
	(No symbol) [0x00007FF62383B797]
	(No symbol) [0x00007FF6238171DF]
	(No symbol) [0x00007FF62383853C]
	(No symbol) [0x00007FF623816F43]
	(No symbol) [0x00007FF6237E115F]
	(No symbol) [0x00007FF6237E22B1]
	GetHandleVerifier [0x00007FF623C9BE3D+3380653]
	GetHandleVerifier [0x00007FF623CE7943+3690675]
	GetHandleVerifier [0x00007FF623CDC83B+3645355]
	GetHandleVerifier [0x00007FF623A28DD6+812358]
	(No symbol) [0x00007FF6238EAA4F]
	(No symbol) [0x00007FF6238E6A64]
	(No symbol) [0x00007FF6238E6C00]
	(No symbol) [0x00007FF6238D5B3F]
	BaseThreadInitThunk [0x00007FFFCBDEE8D7+23]
	RtlUserThreadStart [0x00007FFFCC57FBCC+44]

2024-12-06 20:20:16,700 - ERROR - Failed to fetch user reviews link for https://www.imdb.com/title/tt27726037/?ref_=sr_t_4: Message: no such element: Unable to locate element: {"method":"css selector","selector":"a.isReview[href*="/reviews/"]"}
  (Session info: chrome=129.0.6668.42); For documentation on this error, please visit: https://www.selenium.dev/documentation/webdriver/troubleshooting/errors#no-such-element-exception
Stacktrace:
	GetHandleVerifier [0x00007FF623969C05+29557]
	(No symbol) [0x00007FF6238DF930]
	(No symbol) [0x00007FF62379B54A]
	(No symbol) [0x00007FF6237EF6A5]
	(No symbol) [0x00007FF6237EF8FC]
	(No symbol) [0x00007FF62383B797]
	(No symbol) [0x00007FF6238171DF]
	(No symbol) [0x00007FF62383853C]
	(No symbol) [0x00007FF623816F43]
	(No symbol) [0x00007FF6237E115F]
	(No symbol) [0x00007FF6237E22B1]
	GetHandleVerifier [0x00007FF623C9BE3D+3380653]
	GetHandleVerifier [0x00007FF623CE7943+3690675]
	GetHandleVerifier [0x00007FF623CDC83B+3645355]
	GetHandleVerifier [0x00007FF623A28DD6+812358]
	(No symbol) [0x00007FF6238EAA4F]
	(No symbol) [0x00007FF6238E6A64]
	(No symbol) [0x00007FF6238E6C00]
	(No symbol) [0x00007FF6238D5B3F]
	BaseThreadInitThunk [0x00007FFFCBDEE8D7+23]
	RtlUserThreadStart [0x00007FFFCC57FBCC+44]

2024-12-06 20:20:16,722 - ERROR - Failed to fetch critic reviews link for https://www.imdb.com/title/tt27726037/?ref_=sr_t_4: Message: no such element: Unable to locate element: {"method":"css selector","selector":"a.isReview[href*="/criticreviews/"]"}
  (Session info: chrome=129.0.6668.42); For documentation on this error, please visit: https://www.selenium.dev/documentation/webdriver/troubleshooting/errors#no-such-element-exception
Stacktrace:
	GetHandleVerifier [0x00007FF623969C05+29557]
	(No symbol) [0x00007FF6238DF930]
	(No symbol) [0x00007FF62379B54A]
	(No symbol) [0x00007FF6237EF6A5]
	(No symbol) [0x00007FF6237EF8FC]
	(No symbol) [0x00007FF62383B797]
	(No symbol) [0x00007FF6238171DF]
	(No symbol) [0x00007FF62383853C]
	(No symbol) [0x00007FF623816F43]
	(No symbol) [0x00007FF6237E115F]
	(No symbol) [0x00007FF6237E22B1]
	GetHandleVerifier [0x00007FF623C9BE3D+3380653]
	GetHandleVerifier [0x00007FF623CE7943+3690675]
	GetHandleVerifier [0x00007FF623CDC83B+3645355]
	GetHandleVerifier [0x00007FF623A28DD6+812358]
	(No symbol) [0x00007FF6238EAA4F]
	(No symbol) [0x00007FF6238E6A64]
	(No symbol) [0x00007FF6238E6C00]
	(No symbol) [0x00007FF6238D5B3F]
	BaseThreadInitThunk [0x00007FFFCBDEE8D7+23]
	RtlUserThreadStart [0x00007FFFCC57FBCC+44]

2024-12-06 20:20:22,801 - ERROR - Year not found for https://www.imdb.com/title/tt13009044/?ref_=sr_t_5: Message: no such element: Unable to locate element: {"method":"xpath","selector":"(//a[@class="ipc-link ipc-link--baseAlt ipc-link--inherit-color"])[6]"}
  (Session info: chrome=129.0.6668.42); For documentation on this error, please visit: https://www.selenium.dev/documentation/webdriver/troubleshooting/errors#no-such-element-exception
Stacktrace:
	GetHandleVerifier [0x00007FF623969C05+29557]
	(No symbol) [0x00007FF6238DF930]
	(No symbol) [0x00007FF62379B54A]
	(No symbol) [0x00007FF6237EF6A5]
	(No symbol) [0x00007FF6237EF8FC]
	(No symbol) [0x00007FF62383B797]
	(No symbol) [0x00007FF6238171DF]
	(No symbol) [0x00007FF62383853C]
	(No symbol) [0x00007FF623816F43]
	(No symbol) [0x00007FF6237E115F]
	(No symbol) [0x00007FF6237E22B1]
	GetHandleVerifier [0x00007FF623C9BE3D+3380653]
	GetHandleVerifier [0x00007FF623CE7943+3690675]
	GetHandleVerifier [0x00007FF623CDC83B+3645355]
	GetHandleVerifier [0x00007FF623A28DD6+812358]
	(No symbol) [0x00007FF6238EAA4F]
	(No symbol) [0x00007FF6238E6A64]
	(No symbol) [0x00007FF6238E6C00]
	(No symbol) [0x00007FF6238D5B3F]
	BaseThreadInitThunk [0x00007FFFCBDEE8D7+23]
	RtlUserThreadStart [0x00007FFFCC57FBCC+44]

2024-12-06 20:20:23,026 - ERROR - Metascore not found for https://www.imdb.com/title/tt13009044/?ref_=sr_t_5: Message: no such element: Unable to locate element: {"method":"css selector","selector":"span.sc-b0901df4-0"}
  (Session info: chrome=129.0.6668.42); For documentation on this error, please visit: https://www.selenium.dev/documentation/webdriver/troubleshooting/errors#no-such-element-exception
Stacktrace:
	GetHandleVerifier [0x00007FF623969C05+29557]
	(No symbol) [0x00007FF6238DF930]
	(No symbol) [0x00007FF62379B54A]
	(No symbol) [0x00007FF6237EF6A5]
	(No symbol) [0x00007FF6237EF8FC]
	(No symbol) [0x00007FF62383B797]
	(No symbol) [0x00007FF6238171DF]
	(No symbol) [0x00007FF62383853C]
	(No symbol) [0x00007FF623816F43]
	(No symbol) [0x00007FF6237E115F]
	(No symbol) [0x00007FF6237E22B1]
	GetHandleVerifier [0x00007FF623C9BE3D+3380653]
	GetHandleVerifier [0x00007FF623CE7943+3690675]
	GetHandleVerifier [0x00007FF623CDC83B+3645355]
	GetHandleVerifier [0x00007FF623A28DD6+812358]
	(No symbol) [0x00007FF6238EAA4F]
	(No symbol) [0x00007FF6238E6A64]
	(No symbol) [0x00007FF6238E6C00]
	(No symbol) [0x00007FF6238D5B3F]
	BaseThreadInitThunk [0x00007FFFCBDEE8D7+23]
	RtlUserThreadStart [0x00007FFFCC57FBCC+44]

2024-12-06 20:20:23,072 - ERROR - IMDb Score not found for https://www.imdb.com/title/tt13009044/?ref_=sr_t_5: Message: no such element: Unable to locate element: {"method":"css selector","selector":"div[data-testid="hero-rating-bar__aggregate-rating__score"] span.sc-c4ffe080-1"}
  (Session info: chrome=129.0.6668.42); For documentation on this error, please visit: https://www.selenium.dev/documentation/webdriver/troubleshooting/errors#no-such-element-exception
Stacktrace:
	GetHandleVerifier [0x00007FF623969C05+29557]
	(No symbol) [0x00007FF6238DF930]
	(No symbol) [0x00007FF62379B54A]
	(No symbol) [0x00007FF6237EF6A5]
	(No symbol) [0x00007FF6237EF8FC]
	(No symbol) [0x00007FF62383B797]
	(No symbol) [0x00007FF6238171DF]
	(No symbol) [0x00007FF62383853C]
	(No symbol) [0x00007FF623816F43]
	(No symbol) [0x00007FF6237E115F]
	(No symbol) [0x00007FF6237E22B1]
	GetHandleVerifier [0x00007FF623C9BE3D+3380653]
	GetHandleVerifier [0x00007FF623CE7943+3690675]
	GetHandleVerifier [0x00007FF623CDC83B+3645355]
	GetHandleVerifier [0x00007FF623A28DD6+812358]
	(No symbol) [0x00007FF6238EAA4F]
	(No symbol) [0x00007FF6238E6A64]
	(No symbol) [0x00007FF6238E6C00]
	(No symbol) [0x00007FF6238D5B3F]
	BaseThreadInitThunk [0x00007FFFCBDEE8D7+23]
	RtlUserThreadStart [0x00007FFFCC57FBCC+44]

2024-12-06 20:20:23,098 - ERROR - Critic reviews count not found for https://www.imdb.com/title/tt13009044/?ref_=sr_t_5: Message: no such element: Unable to locate element: {"method":"css selector","selector":"a.ipc-link--baseAlt[href*="/externalreviews/"] span.score"}
  (Session info: chrome=129.0.6668.42); For documentation on this error, please visit: https://www.selenium.dev/documentation/webdriver/troubleshooting/errors#no-such-element-exception
Stacktrace:
	GetHandleVerifier [0x00007FF623969C05+29557]
	(No symbol) [0x00007FF6238DF930]
	(No symbol) [0x00007FF62379B54A]
	(No symbol) [0x00007FF6237EF6A5]
	(No symbol) [0x00007FF6237EF8FC]
	(No symbol) [0x00007FF62383B797]
	(No symbol) [0x00007FF6238171DF]
	(No symbol) [0x00007FF62383853C]
	(No symbol) [0x00007FF623816F43]
	(No symbol) [0x00007FF6237E115F]
	(No symbol) [0x00007FF6237E22B1]
	GetHandleVerifier [0x00007FF623C9BE3D+3380653]
	GetHandleVerifier [0x00007FF623CE7943+3690675]
	GetHandleVerifier [0x00007FF623CDC83B+3645355]
	GetHandleVerifier [0x00007FF623A28DD6+812358]
	(No symbol) [0x00007FF6238EAA4F]
	(No symbol) [0x00007FF6238E6A64]
	(No symbol) [0x00007FF6238E6C00]
	(No symbol) [0x00007FF6238D5B3F]
	BaseThreadInitThunk [0x00007FFFCBDEE8D7+23]
	RtlUserThreadStart [0x00007FFFCC57FBCC+44]

2024-12-06 20:20:23,182 - ERROR - Failed to fetch critic reviews link for https://www.imdb.com/title/tt13009044/?ref_=sr_t_5: Message: no such element: Unable to locate element: {"method":"css selector","selector":"a.isReview[href*="/criticreviews/"]"}
  (Session info: chrome=129.0.6668.42); For documentation on this error, please visit: https://www.selenium.dev/documentation/webdriver/troubleshooting/errors#no-such-element-exception
Stacktrace:
	GetHandleVerifier [0x00007FF623969C05+29557]
	(No symbol) [0x00007FF6238DF930]
	(No symbol) [0x00007FF62379B54A]
	(No symbol) [0x00007FF6237EF6A5]
	(No symbol) [0x00007FF6237EF8FC]
	(No symbol) [0x00007FF62383B797]
	(No symbol) [0x00007FF6238171DF]
	(No symbol) [0x00007FF62383853C]
	(No symbol) [0x00007FF623816F43]
	(No symbol) [0x00007FF6237E115F]
	(No symbol) [0x00007FF6237E22B1]
	GetHandleVerifier [0x00007FF623C9BE3D+3380653]
	GetHandleVerifier [0x00007FF623CE7943+3690675]
	GetHandleVerifier [0x00007FF623CDC83B+3645355]
	GetHandleVerifier [0x00007FF623A28DD6+812358]
	(No symbol) [0x00007FF6238EAA4F]
	(No symbol) [0x00007FF6238E6A64]
	(No symbol) [0x00007FF6238E6C00]
	(No symbol) [0x00007FF6238D5B3F]
	BaseThreadInitThunk [0x00007FFFCBDEE8D7+23]
	RtlUserThreadStart [0x00007FFFCC57FBCC+44]

2024-12-06 20:20:45,292 - ERROR - Failed to fetch user reviews for https://www.imdb.com/title/tt13009044/reviews/?ref_=tt_ov_urv: Message: 

2024-12-06 20:20:50,703 - ERROR - Year not found for https://www.imdb.com/title/tt29220279/?ref_=sr_t_6: Message: no such element: Unable to locate element: {"method":"xpath","selector":"(//a[@class="ipc-link ipc-link--baseAlt ipc-link--inherit-color"])[6]"}
  (Session info: chrome=129.0.6668.42); For documentation on this error, please visit: https://www.selenium.dev/documentation/webdriver/troubleshooting/errors#no-such-element-exception
Stacktrace:
	GetHandleVerifier [0x00007FF623969C05+29557]
	(No symbol) [0x00007FF6238DF930]
	(No symbol) [0x00007FF62379B54A]
	(No symbol) [0x00007FF6237EF6A5]
	(No symbol) [0x00007FF6237EF8FC]
	(No symbol) [0x00007FF62383B797]
	(No symbol) [0x00007FF6238171DF]
	(No symbol) [0x00007FF62383853C]
	(No symbol) [0x00007FF623816F43]
	(No symbol) [0x00007FF6237E115F]
	(No symbol) [0x00007FF6237E22B1]
	GetHandleVerifier [0x00007FF623C9BE3D+3380653]
	GetHandleVerifier [0x00007FF623CE7943+3690675]
	GetHandleVerifier [0x00007FF623CDC83B+3645355]
	GetHandleVerifier [0x00007FF623A28DD6+812358]
	(No symbol) [0x00007FF6238EAA4F]
	(No symbol) [0x00007FF6238E6A64]
	(No symbol) [0x00007FF6238E6C00]
	(No symbol) [0x00007FF6238D5B3F]
	BaseThreadInitThunk [0x00007FFFCBDEE8D7+23]
	RtlUserThreadStart [0x00007FFFCC57FBCC+44]

2024-12-06 20:20:50,832 - ERROR - Metascore not found for https://www.imdb.com/title/tt29220279/?ref_=sr_t_6: Message: no such element: Unable to locate element: {"method":"css selector","selector":"span.sc-b0901df4-0"}
  (Session info: chrome=129.0.6668.42); For documentation on this error, please visit: https://www.selenium.dev/documentation/webdriver/troubleshooting/errors#no-such-element-exception
Stacktrace:
	GetHandleVerifier [0x00007FF623969C05+29557]
	(No symbol) [0x00007FF6238DF930]
	(No symbol) [0x00007FF62379B54A]
	(No symbol) [0x00007FF6237EF6A5]
	(No symbol) [0x00007FF6237EF8FC]
	(No symbol) [0x00007FF62383B797]
	(No symbol) [0x00007FF6238171DF]
	(No symbol) [0x00007FF62383853C]
	(No symbol) [0x00007FF623816F43]
	(No symbol) [0x00007FF6237E115F]
	(No symbol) [0x00007FF6237E22B1]
	GetHandleVerifier [0x00007FF623C9BE3D+3380653]
	GetHandleVerifier [0x00007FF623CE7943+3690675]
	GetHandleVerifier [0x00007FF623CDC83B+3645355]
	GetHandleVerifier [0x00007FF623A28DD6+812358]
	(No symbol) [0x00007FF6238EAA4F]
	(No symbol) [0x00007FF6238E6A64]
	(No symbol) [0x00007FF6238E6C00]
	(No symbol) [0x00007FF6238D5B3F]
	BaseThreadInitThunk [0x00007FFFCBDEE8D7+23]
	RtlUserThreadStart [0x00007FFFCC57FBCC+44]

2024-12-06 20:20:50,884 - ERROR - IMDb Score not found for https://www.imdb.com/title/tt29220279/?ref_=sr_t_6: Message: no such element: Unable to locate element: {"method":"css selector","selector":"div[data-testid="hero-rating-bar__aggregate-rating__score"] span.sc-c4ffe080-1"}
  (Session info: chrome=129.0.6668.42); For documentation on this error, please visit: https://www.selenium.dev/documentation/webdriver/troubleshooting/errors#no-such-element-exception
Stacktrace:
	GetHandleVerifier [0x00007FF623969C05+29557]
	(No symbol) [0x00007FF6238DF930]
	(No symbol) [0x00007FF62379B54A]
	(No symbol) [0x00007FF6237EF6A5]
	(No symbol) [0x00007FF6237EF8FC]
	(No symbol) [0x00007FF62383B797]
	(No symbol) [0x00007FF6238171DF]
	(No symbol) [0x00007FF62383853C]
	(No symbol) [0x00007FF623816F43]
	(No symbol) [0x00007FF6237E115F]
	(No symbol) [0x00007FF6237E22B1]
	GetHandleVerifier [0x00007FF623C9BE3D+3380653]
	GetHandleVerifier [0x00007FF623CE7943+3690675]
	GetHandleVerifier [0x00007FF623CDC83B+3645355]
	GetHandleVerifier [0x00007FF623A28DD6+812358]
	(No symbol) [0x00007FF6238EAA4F]
	(No symbol) [0x00007FF6238E6A64]
	(No symbol) [0x00007FF6238E6C00]
	(No symbol) [0x00007FF6238D5B3F]
	BaseThreadInitThunk [0x00007FFFCBDEE8D7+23]
	RtlUserThreadStart [0x00007FFFCC57FBCC+44]

2024-12-06 20:20:50,903 - ERROR - Critic reviews count not found for https://www.imdb.com/title/tt29220279/?ref_=sr_t_6: Message: no such element: Unable to locate element: {"method":"css selector","selector":"a.ipc-link--baseAlt[href*="/externalreviews/"] span.score"}
  (Session info: chrome=129.0.6668.42); For documentation on this error, please visit: https://www.selenium.dev/documentation/webdriver/troubleshooting/errors#no-such-element-exception
Stacktrace:
	GetHandleVerifier [0x00007FF623969C05+29557]
	(No symbol) [0x00007FF6238DF930]
	(No symbol) [0x00007FF62379B54A]
	(No symbol) [0x00007FF6237EF6A5]
	(No symbol) [0x00007FF6237EF8FC]
	(No symbol) [0x00007FF62383B797]
	(No symbol) [0x00007FF6238171DF]
	(No symbol) [0x00007FF62383853C]
	(No symbol) [0x00007FF623816F43]
	(No symbol) [0x00007FF6237E115F]
	(No symbol) [0x00007FF6237E22B1]
	GetHandleVerifier [0x00007FF623C9BE3D+3380653]
	GetHandleVerifier [0x00007FF623CE7943+3690675]
	GetHandleVerifier [0x00007FF623CDC83B+3645355]
	GetHandleVerifier [0x00007FF623A28DD6+812358]
	(No symbol) [0x00007FF6238EAA4F]
	(No symbol) [0x00007FF6238E6A64]
	(No symbol) [0x00007FF6238E6C00]
	(No symbol) [0x00007FF6238D5B3F]
	BaseThreadInitThunk [0x00007FFFCBDEE8D7+23]
	RtlUserThreadStart [0x00007FFFCC57FBCC+44]

2024-12-06 20:20:50,964 - ERROR - Failed to fetch critic reviews link for https://www.imdb.com/title/tt29220279/?ref_=sr_t_6: Message: no such element: Unable to locate element: {"method":"css selector","selector":"a.isReview[href*="/criticreviews/"]"}
  (Session info: chrome=129.0.6668.42); For documentation on this error, please visit: https://www.selenium.dev/documentation/webdriver/troubleshooting/errors#no-such-element-exception
Stacktrace:
	GetHandleVerifier [0x00007FF623969C05+29557]
	(No symbol) [0x00007FF6238DF930]
	(No symbol) [0x00007FF62379B54A]
	(No symbol) [0x00007FF6237EF6A5]
	(No symbol) [0x00007FF6237EF8FC]
	(No symbol) [0x00007FF62383B797]
	(No symbol) [0x00007FF6238171DF]
	(No symbol) [0x00007FF62383853C]
	(No symbol) [0x00007FF623816F43]
	(No symbol) [0x00007FF6237E115F]
	(No symbol) [0x00007FF6237E22B1]
	GetHandleVerifier [0x00007FF623C9BE3D+3380653]
	GetHandleVerifier [0x00007FF623CE7943+3690675]
	GetHandleVerifier [0x00007FF623CDC83B+3645355]
	GetHandleVerifier [0x00007FF623A28DD6+812358]
	(No symbol) [0x00007FF6238EAA4F]
	(No symbol) [0x00007FF6238E6A64]
	(No symbol) [0x00007FF6238E6C00]
	(No symbol) [0x00007FF6238D5B3F]
	BaseThreadInitThunk [0x00007FFFCBDEE8D7+23]
	RtlUserThreadStart [0x00007FFFCC57FBCC+44]

2024-12-06 20:21:13,974 - ERROR - Failed to fetch user reviews for https://www.imdb.com/title/tt29220279/reviews/?ref_=tt_ov_urv: Message: 

2024-12-06 20:21:19,510 - ERROR - Year not found for https://www.imdb.com/title/tt15352048/?ref_=sr_t_7: Message: no such element: Unable to locate element: {"method":"xpath","selector":"(//a[@class="ipc-link ipc-link--baseAlt ipc-link--inherit-color"])[6]"}
  (Session info: chrome=129.0.6668.42); For documentation on this error, please visit: https://www.selenium.dev/documentation/webdriver/troubleshooting/errors#no-such-element-exception
Stacktrace:
	GetHandleVerifier [0x00007FF623969C05+29557]
	(No symbol) [0x00007FF6238DF930]
	(No symbol) [0x00007FF62379B54A]
	(No symbol) [0x00007FF6237EF6A5]
	(No symbol) [0x00007FF6237EF8FC]
	(No symbol) [0x00007FF62383B797]
	(No symbol) [0x00007FF6238171DF]
	(No symbol) [0x00007FF62383853C]
	(No symbol) [0x00007FF623816F43]
	(No symbol) [0x00007FF6237E115F]
	(No symbol) [0x00007FF6237E22B1]
	GetHandleVerifier [0x00007FF623C9BE3D+3380653]
	GetHandleVerifier [0x00007FF623CE7943+3690675]
	GetHandleVerifier [0x00007FF623CDC83B+3645355]
	GetHandleVerifier [0x00007FF623A28DD6+812358]
	(No symbol) [0x00007FF6238EAA4F]
	(No symbol) [0x00007FF6238E6A64]
	(No symbol) [0x00007FF6238E6C00]
	(No symbol) [0x00007FF6238D5B3F]
	BaseThreadInitThunk [0x00007FFFCBDEE8D7+23]
	RtlUserThreadStart [0x00007FFFCC57FBCC+44]

2024-12-06 20:21:19,821 - ERROR - Metascore not found for https://www.imdb.com/title/tt15352048/?ref_=sr_t_7: Message: no such element: Unable to locate element: {"method":"css selector","selector":"span.sc-b0901df4-0"}
  (Session info: chrome=129.0.6668.42); For documentation on this error, please visit: https://www.selenium.dev/documentation/webdriver/troubleshooting/errors#no-such-element-exception
Stacktrace:
	GetHandleVerifier [0x00007FF623969C05+29557]
	(No symbol) [0x00007FF6238DF930]
	(No symbol) [0x00007FF62379B54A]
	(No symbol) [0x00007FF6237EF6A5]
	(No symbol) [0x00007FF6237EF8FC]
	(No symbol) [0x00007FF62383B797]
	(No symbol) [0x00007FF6238171DF]
	(No symbol) [0x00007FF62383853C]
	(No symbol) [0x00007FF623816F43]
	(No symbol) [0x00007FF6237E115F]
	(No symbol) [0x00007FF6237E22B1]
	GetHandleVerifier [0x00007FF623C9BE3D+3380653]
	GetHandleVerifier [0x00007FF623CE7943+3690675]
	GetHandleVerifier [0x00007FF623CDC83B+3645355]
	GetHandleVerifier [0x00007FF623A28DD6+812358]
	(No symbol) [0x00007FF6238EAA4F]
	(No symbol) [0x00007FF6238E6A64]
	(No symbol) [0x00007FF6238E6C00]
	(No symbol) [0x00007FF6238D5B3F]
	BaseThreadInitThunk [0x00007FFFCBDEE8D7+23]
	RtlUserThreadStart [0x00007FFFCC57FBCC+44]

2024-12-06 20:21:19,857 - ERROR - IMDb Score not found for https://www.imdb.com/title/tt15352048/?ref_=sr_t_7: Message: no such element: Unable to locate element: {"method":"css selector","selector":"div[data-testid="hero-rating-bar__aggregate-rating__score"] span.sc-c4ffe080-1"}
  (Session info: chrome=129.0.6668.42); For documentation on this error, please visit: https://www.selenium.dev/documentation/webdriver/troubleshooting/errors#no-such-element-exception
Stacktrace:
	GetHandleVerifier [0x00007FF623969C05+29557]
	(No symbol) [0x00007FF6238DF930]
	(No symbol) [0x00007FF62379B54A]
	(No symbol) [0x00007FF6237EF6A5]
	(No symbol) [0x00007FF6237EF8FC]
	(No symbol) [0x00007FF62383B797]
	(No symbol) [0x00007FF6238171DF]
	(No symbol) [0x00007FF62383853C]
	(No symbol) [0x00007FF623816F43]
	(No symbol) [0x00007FF6237E115F]
	(No symbol) [0x00007FF6237E22B1]
	GetHandleVerifier [0x00007FF623C9BE3D+3380653]
	GetHandleVerifier [0x00007FF623CE7943+3690675]
	GetHandleVerifier [0x00007FF623CDC83B+3645355]
	GetHandleVerifier [0x00007FF623A28DD6+812358]
	(No symbol) [0x00007FF6238EAA4F]
	(No symbol) [0x00007FF6238E6A64]
	(No symbol) [0x00007FF6238E6C00]
	(No symbol) [0x00007FF6238D5B3F]
	BaseThreadInitThunk [0x00007FFFCBDEE8D7+23]
	RtlUserThreadStart [0x00007FFFCC57FBCC+44]

2024-12-06 20:21:19,948 - ERROR - Failed to fetch critic reviews link for https://www.imdb.com/title/tt15352048/?ref_=sr_t_7: Message: no such element: Unable to locate element: {"method":"css selector","selector":"a.isReview[href*="/criticreviews/"]"}
  (Session info: chrome=129.0.6668.42); For documentation on this error, please visit: https://www.selenium.dev/documentation/webdriver/troubleshooting/errors#no-such-element-exception
Stacktrace:
	GetHandleVerifier [0x00007FF623969C05+29557]
	(No symbol) [0x00007FF6238DF930]
	(No symbol) [0x00007FF62379B54A]
	(No symbol) [0x00007FF6237EF6A5]
	(No symbol) [0x00007FF6237EF8FC]
	(No symbol) [0x00007FF62383B797]
	(No symbol) [0x00007FF6238171DF]
	(No symbol) [0x00007FF62383853C]
	(No symbol) [0x00007FF623816F43]
	(No symbol) [0x00007FF6237E115F]
	(No symbol) [0x00007FF6237E22B1]
	GetHandleVerifier [0x00007FF623C9BE3D+3380653]
	GetHandleVerifier [0x00007FF623CE7943+3690675]
	GetHandleVerifier [0x00007FF623CDC83B+3645355]
	GetHandleVerifier [0x00007FF623A28DD6+812358]
	(No symbol) [0x00007FF6238EAA4F]
	(No symbol) [0x00007FF6238E6A64]
	(No symbol) [0x00007FF6238E6C00]
	(No symbol) [0x00007FF6238D5B3F]
	BaseThreadInitThunk [0x00007FFFCBDEE8D7+23]
	RtlUserThreadStart [0x00007FFFCC57FBCC+44]

2024-12-06 20:21:41,927 - ERROR - Failed to fetch user reviews for https://www.imdb.com/title/tt15352048/reviews/?ref_=tt_ov_urv: Message: 

2024-12-06 20:21:50,803 - ERROR - Year not found for https://www.imdb.com/title/tt30761716/?ref_=sr_t_8: Message: no such element: Unable to locate element: {"method":"xpath","selector":"(//a[@class="ipc-link ipc-link--baseAlt ipc-link--inherit-color"])[6]"}
  (Session info: chrome=129.0.6668.42); For documentation on this error, please visit: https://www.selenium.dev/documentation/webdriver/troubleshooting/errors#no-such-element-exception
Stacktrace:
	GetHandleVerifier [0x00007FF623969C05+29557]
	(No symbol) [0x00007FF6238DF930]
	(No symbol) [0x00007FF62379B54A]
	(No symbol) [0x00007FF6237EF6A5]
	(No symbol) [0x00007FF6237EF8FC]
	(No symbol) [0x00007FF62383B797]
	(No symbol) [0x00007FF6238171DF]
	(No symbol) [0x00007FF62383853C]
	(No symbol) [0x00007FF623816F43]
	(No symbol) [0x00007FF6237E115F]
	(No symbol) [0x00007FF6237E22B1]
	GetHandleVerifier [0x00007FF623C9BE3D+3380653]
	GetHandleVerifier [0x00007FF623CE7943+3690675]
	GetHandleVerifier [0x00007FF623CDC83B+3645355]
	GetHandleVerifier [0x00007FF623A28DD6+812358]
	(No symbol) [0x00007FF6238EAA4F]
	(No symbol) [0x00007FF6238E6A64]
	(No symbol) [0x00007FF6238E6C00]
	(No symbol) [0x00007FF6238D5B3F]
	BaseThreadInitThunk [0x00007FFFCBDEE8D7+23]
	RtlUserThreadStart [0x00007FFFCC57FBCC+44]

2024-12-06 20:21:51,144 - ERROR - Metascore not found for https://www.imdb.com/title/tt30761716/?ref_=sr_t_8: Message: no such element: Unable to locate element: {"method":"css selector","selector":"span.sc-b0901df4-0"}
  (Session info: chrome=129.0.6668.42); For documentation on this error, please visit: https://www.selenium.dev/documentation/webdriver/troubleshooting/errors#no-such-element-exception
Stacktrace:
	GetHandleVerifier [0x00007FF623969C05+29557]
	(No symbol) [0x00007FF6238DF930]
	(No symbol) [0x00007FF62379B54A]
	(No symbol) [0x00007FF6237EF6A5]
	(No symbol) [0x00007FF6237EF8FC]
	(No symbol) [0x00007FF62383B797]
	(No symbol) [0x00007FF6238171DF]
	(No symbol) [0x00007FF62383853C]
	(No symbol) [0x00007FF623816F43]
	(No symbol) [0x00007FF6237E115F]
	(No symbol) [0x00007FF6237E22B1]
	GetHandleVerifier [0x00007FF623C9BE3D+3380653]
	GetHandleVerifier [0x00007FF623CE7943+3690675]
	GetHandleVerifier [0x00007FF623CDC83B+3645355]
	GetHandleVerifier [0x00007FF623A28DD6+812358]
	(No symbol) [0x00007FF6238EAA4F]
	(No symbol) [0x00007FF6238E6A64]
	(No symbol) [0x00007FF6238E6C00]
	(No symbol) [0x00007FF6238D5B3F]
	BaseThreadInitThunk [0x00007FFFCBDEE8D7+23]
	RtlUserThreadStart [0x00007FFFCC57FBCC+44]

2024-12-06 20:21:51,196 - ERROR - IMDb Score not found for https://www.imdb.com/title/tt30761716/?ref_=sr_t_8: Message: no such element: Unable to locate element: {"method":"css selector","selector":"div[data-testid="hero-rating-bar__aggregate-rating__score"] span.sc-c4ffe080-1"}
  (Session info: chrome=129.0.6668.42); For documentation on this error, please visit: https://www.selenium.dev/documentation/webdriver/troubleshooting/errors#no-such-element-exception
Stacktrace:
	GetHandleVerifier [0x00007FF623969C05+29557]
	(No symbol) [0x00007FF6238DF930]
	(No symbol) [0x00007FF62379B54A]
	(No symbol) [0x00007FF6237EF6A5]
	(No symbol) [0x00007FF6237EF8FC]
	(No symbol) [0x00007FF62383B797]
	(No symbol) [0x00007FF6238171DF]
	(No symbol) [0x00007FF62383853C]
	(No symbol) [0x00007FF623816F43]
	(No symbol) [0x00007FF6237E115F]
	(No symbol) [0x00007FF6237E22B1]
	GetHandleVerifier [0x00007FF623C9BE3D+3380653]
	GetHandleVerifier [0x00007FF623CE7943+3690675]
	GetHandleVerifier [0x00007FF623CDC83B+3645355]
	GetHandleVerifier [0x00007FF623A28DD6+812358]
	(No symbol) [0x00007FF6238EAA4F]
	(No symbol) [0x00007FF6238E6A64]
	(No symbol) [0x00007FF6238E6C00]
	(No symbol) [0x00007FF6238D5B3F]
	BaseThreadInitThunk [0x00007FFFCBDEE8D7+23]
	RtlUserThreadStart [0x00007FFFCC57FBCC+44]

2024-12-06 20:21:51,204 - ERROR - User reviews count not found for https://www.imdb.com/title/tt30761716/?ref_=sr_t_8: Message: no such element: Unable to locate element: {"method":"css selector","selector":"a.ipc-link--baseAlt[href*="/reviews/"] span.score"}
  (Session info: chrome=129.0.6668.42); For documentation on this error, please visit: https://www.selenium.dev/documentation/webdriver/troubleshooting/errors#no-such-element-exception
Stacktrace:
	GetHandleVerifier [0x00007FF623969C05+29557]
	(No symbol) [0x00007FF6238DF930]
	(No symbol) [0x00007FF62379B54A]
	(No symbol) [0x00007FF6237EF6A5]
	(No symbol) [0x00007FF6237EF8FC]
	(No symbol) [0x00007FF62383B797]
	(No symbol) [0x00007FF6238171DF]
	(No symbol) [0x00007FF62383853C]
	(No symbol) [0x00007FF623816F43]
	(No symbol) [0x00007FF6237E115F]
	(No symbol) [0x00007FF6237E22B1]
	GetHandleVerifier [0x00007FF623C9BE3D+3380653]
	GetHandleVerifier [0x00007FF623CE7943+3690675]
	GetHandleVerifier [0x00007FF623CDC83B+3645355]
	GetHandleVerifier [0x00007FF623A28DD6+812358]
	(No symbol) [0x00007FF6238EAA4F]
	(No symbol) [0x00007FF6238E6A64]
	(No symbol) [0x00007FF6238E6C00]
	(No symbol) [0x00007FF6238D5B3F]
	BaseThreadInitThunk [0x00007FFFCBDEE8D7+23]
	RtlUserThreadStart [0x00007FFFCC57FBCC+44]

2024-12-06 20:21:51,217 - ERROR - Critic reviews count not found for https://www.imdb.com/title/tt30761716/?ref_=sr_t_8: Message: no such element: Unable to locate element: {"method":"css selector","selector":"a.ipc-link--baseAlt[href*="/externalreviews/"] span.score"}
  (Session info: chrome=129.0.6668.42); For documentation on this error, please visit: https://www.selenium.dev/documentation/webdriver/troubleshooting/errors#no-such-element-exception
Stacktrace:
	GetHandleVerifier [0x00007FF623969C05+29557]
	(No symbol) [0x00007FF6238DF930]
	(No symbol) [0x00007FF62379B54A]
	(No symbol) [0x00007FF6237EF6A5]
	(No symbol) [0x00007FF6237EF8FC]
	(No symbol) [0x00007FF62383B797]
	(No symbol) [0x00007FF6238171DF]
	(No symbol) [0x00007FF62383853C]
	(No symbol) [0x00007FF623816F43]
	(No symbol) [0x00007FF6237E115F]
	(No symbol) [0x00007FF6237E22B1]
	GetHandleVerifier [0x00007FF623C9BE3D+3380653]
	GetHandleVerifier [0x00007FF623CE7943+3690675]
	GetHandleVerifier [0x00007FF623CDC83B+3645355]
	GetHandleVerifier [0x00007FF623A28DD6+812358]
	(No symbol) [0x00007FF6238EAA4F]
	(No symbol) [0x00007FF6238E6A64]
	(No symbol) [0x00007FF6238E6C00]
	(No symbol) [0x00007FF6238D5B3F]
	BaseThreadInitThunk [0x00007FFFCBDEE8D7+23]
	RtlUserThreadStart [0x00007FFFCC57FBCC+44]

2024-12-06 20:21:51,300 - ERROR - Failed to fetch user reviews link for https://www.imdb.com/title/tt30761716/?ref_=sr_t_8: Message: no such element: Unable to locate element: {"method":"css selector","selector":"a.isReview[href*="/reviews/"]"}
  (Session info: chrome=129.0.6668.42); For documentation on this error, please visit: https://www.selenium.dev/documentation/webdriver/troubleshooting/errors#no-such-element-exception
Stacktrace:
	GetHandleVerifier [0x00007FF623969C05+29557]
	(No symbol) [0x00007FF6238DF930]
	(No symbol) [0x00007FF62379B54A]
	(No symbol) [0x00007FF6237EF6A5]
	(No symbol) [0x00007FF6237EF8FC]
	(No symbol) [0x00007FF62383B797]
	(No symbol) [0x00007FF6238171DF]
	(No symbol) [0x00007FF62383853C]
	(No symbol) [0x00007FF623816F43]
	(No symbol) [0x00007FF6237E115F]
	(No symbol) [0x00007FF6237E22B1]
	GetHandleVerifier [0x00007FF623C9BE3D+3380653]
	GetHandleVerifier [0x00007FF623CE7943+3690675]
	GetHandleVerifier [0x00007FF623CDC83B+3645355]
	GetHandleVerifier [0x00007FF623A28DD6+812358]
	(No symbol) [0x00007FF6238EAA4F]
	(No symbol) [0x00007FF6238E6A64]
	(No symbol) [0x00007FF6238E6C00]
	(No symbol) [0x00007FF6238D5B3F]
	BaseThreadInitThunk [0x00007FFFCBDEE8D7+23]
	RtlUserThreadStart [0x00007FFFCC57FBCC+44]

2024-12-06 20:21:51,315 - ERROR - Failed to fetch critic reviews link for https://www.imdb.com/title/tt30761716/?ref_=sr_t_8: Message: no such element: Unable to locate element: {"method":"css selector","selector":"a.isReview[href*="/criticreviews/"]"}
  (Session info: chrome=129.0.6668.42); For documentation on this error, please visit: https://www.selenium.dev/documentation/webdriver/troubleshooting/errors#no-such-element-exception
Stacktrace:
	GetHandleVerifier [0x00007FF623969C05+29557]
	(No symbol) [0x00007FF6238DF930]
	(No symbol) [0x00007FF62379B54A]
	(No symbol) [0x00007FF6237EF6A5]
	(No symbol) [0x00007FF6237EF8FC]
	(No symbol) [0x00007FF62383B797]
	(No symbol) [0x00007FF6238171DF]
	(No symbol) [0x00007FF62383853C]
	(No symbol) [0x00007FF623816F43]
	(No symbol) [0x00007FF6237E115F]
	(No symbol) [0x00007FF6237E22B1]
	GetHandleVerifier [0x00007FF623C9BE3D+3380653]
	GetHandleVerifier [0x00007FF623CE7943+3690675]
	GetHandleVerifier [0x00007FF623CDC83B+3645355]
	GetHandleVerifier [0x00007FF623A28DD6+812358]
	(No symbol) [0x00007FF6238EAA4F]
	(No symbol) [0x00007FF6238E6A64]
	(No symbol) [0x00007FF6238E6C00]
	(No symbol) [0x00007FF6238D5B3F]
	BaseThreadInitThunk [0x00007FFFCBDEE8D7+23]
	RtlUserThreadStart [0x00007FFFCC57FBCC+44]

2024-12-06 20:21:59,013 - ERROR - Year not found for https://www.imdb.com/title/tt30320712/?ref_=sr_t_9: Message: no such element: Unable to locate element: {"method":"xpath","selector":"(//a[@class="ipc-link ipc-link--baseAlt ipc-link--inherit-color"])[6]"}
  (Session info: chrome=129.0.6668.42); For documentation on this error, please visit: https://www.selenium.dev/documentation/webdriver/troubleshooting/errors#no-such-element-exception
Stacktrace:
	GetHandleVerifier [0x00007FF623969C05+29557]
	(No symbol) [0x00007FF6238DF930]
	(No symbol) [0x00007FF62379B54A]
	(No symbol) [0x00007FF6237EF6A5]
	(No symbol) [0x00007FF6237EF8FC]
	(No symbol) [0x00007FF62383B797]
	(No symbol) [0x00007FF6238171DF]
	(No symbol) [0x00007FF62383853C]
	(No symbol) [0x00007FF623816F43]
	(No symbol) [0x00007FF6237E115F]
	(No symbol) [0x00007FF6237E22B1]
	GetHandleVerifier [0x00007FF623C9BE3D+3380653]
	GetHandleVerifier [0x00007FF623CE7943+3690675]
	GetHandleVerifier [0x00007FF623CDC83B+3645355]
	GetHandleVerifier [0x00007FF623A28DD6+812358]
	(No symbol) [0x00007FF6238EAA4F]
	(No symbol) [0x00007FF6238E6A64]
	(No symbol) [0x00007FF6238E6C00]
	(No symbol) [0x00007FF6238D5B3F]
	BaseThreadInitThunk [0x00007FFFCBDEE8D7+23]
	RtlUserThreadStart [0x00007FFFCC57FBCC+44]

2024-12-06 20:21:59,696 - ERROR - Metascore not found for https://www.imdb.com/title/tt30320712/?ref_=sr_t_9: Message: no such element: Unable to locate element: {"method":"css selector","selector":"span.sc-b0901df4-0"}
  (Session info: chrome=129.0.6668.42); For documentation on this error, please visit: https://www.selenium.dev/documentation/webdriver/troubleshooting/errors#no-such-element-exception
Stacktrace:
	GetHandleVerifier [0x00007FF623969C05+29557]
	(No symbol) [0x00007FF6238DF930]
	(No symbol) [0x00007FF62379B54A]
	(No symbol) [0x00007FF6237EF6A5]
	(No symbol) [0x00007FF6237EF8FC]
	(No symbol) [0x00007FF62383B797]
	(No symbol) [0x00007FF6238171DF]
	(No symbol) [0x00007FF62383853C]
	(No symbol) [0x00007FF623816F43]
	(No symbol) [0x00007FF6237E115F]
	(No symbol) [0x00007FF6237E22B1]
	GetHandleVerifier [0x00007FF623C9BE3D+3380653]
	GetHandleVerifier [0x00007FF623CE7943+3690675]
	GetHandleVerifier [0x00007FF623CDC83B+3645355]
	GetHandleVerifier [0x00007FF623A28DD6+812358]
	(No symbol) [0x00007FF6238EAA4F]
	(No symbol) [0x00007FF6238E6A64]
	(No symbol) [0x00007FF6238E6C00]
	(No symbol) [0x00007FF6238D5B3F]
	BaseThreadInitThunk [0x00007FFFCBDEE8D7+23]
	RtlUserThreadStart [0x00007FFFCC57FBCC+44]

2024-12-06 20:21:59,772 - ERROR - Runtime not found for https://www.imdb.com/title/tt30320712/?ref_=sr_t_9: Message: no such element: Unable to locate element: {"method":"css selector","selector":"li[data-testid="title-techspec_runtime"] .ipc-metadata-list-item__content-container"}
  (Session info: chrome=129.0.6668.42); For documentation on this error, please visit: https://www.selenium.dev/documentation/webdriver/troubleshooting/errors#no-such-element-exception
Stacktrace:
	GetHandleVerifier [0x00007FF623969C05+29557]
	(No symbol) [0x00007FF6238DF930]
	(No symbol) [0x00007FF62379B54A]
	(No symbol) [0x00007FF6237EF6A5]
	(No symbol) [0x00007FF6237EF8FC]
	(No symbol) [0x00007FF62383B797]
	(No symbol) [0x00007FF6238171DF]
	(No symbol) [0x00007FF62383853C]
	(No symbol) [0x00007FF623816F43]
	(No symbol) [0x00007FF6237E115F]
	(No symbol) [0x00007FF6237E22B1]
	GetHandleVerifier [0x00007FF623C9BE3D+3380653]
	GetHandleVerifier [0x00007FF623CE7943+3690675]
	GetHandleVerifier [0x00007FF623CDC83B+3645355]
	GetHandleVerifier [0x00007FF623A28DD6+812358]
	(No symbol) [0x00007FF6238EAA4F]
	(No symbol) [0x00007FF6238E6A64]
	(No symbol) [0x00007FF6238E6C00]
	(No symbol) [0x00007FF6238D5B3F]
	BaseThreadInitThunk [0x00007FFFCBDEE8D7+23]
	RtlUserThreadStart [0x00007FFFCC57FBCC+44]

2024-12-06 20:21:59,794 - ERROR - IMDb Score not found for https://www.imdb.com/title/tt30320712/?ref_=sr_t_9: Message: no such element: Unable to locate element: {"method":"css selector","selector":"div[data-testid="hero-rating-bar__aggregate-rating__score"] span.sc-c4ffe080-1"}
  (Session info: chrome=129.0.6668.42); For documentation on this error, please visit: https://www.selenium.dev/documentation/webdriver/troubleshooting/errors#no-such-element-exception
Stacktrace:
	GetHandleVerifier [0x00007FF623969C05+29557]
	(No symbol) [0x00007FF6238DF930]
	(No symbol) [0x00007FF62379B54A]
	(No symbol) [0x00007FF6237EF6A5]
	(No symbol) [0x00007FF6237EF8FC]
	(No symbol) [0x00007FF62383B797]
	(No symbol) [0x00007FF6238171DF]
	(No symbol) [0x00007FF62383853C]
	(No symbol) [0x00007FF623816F43]
	(No symbol) [0x00007FF6237E115F]
	(No symbol) [0x00007FF6237E22B1]
	GetHandleVerifier [0x00007FF623C9BE3D+3380653]
	GetHandleVerifier [0x00007FF623CE7943+3690675]
	GetHandleVerifier [0x00007FF623CDC83B+3645355]
	GetHandleVerifier [0x00007FF623A28DD6+812358]
	(No symbol) [0x00007FF6238EAA4F]
	(No symbol) [0x00007FF6238E6A64]
	(No symbol) [0x00007FF6238E6C00]
	(No symbol) [0x00007FF6238D5B3F]
	BaseThreadInitThunk [0x00007FFFCBDEE8D7+23]
	RtlUserThreadStart [0x00007FFFCC57FBCC+44]

2024-12-06 20:21:59,875 - ERROR - Critic reviews count not found for https://www.imdb.com/title/tt30320712/?ref_=sr_t_9: Message: no such element: Unable to locate element: {"method":"css selector","selector":"a.ipc-link--baseAlt[href*="/externalreviews/"] span.score"}
  (Session info: chrome=129.0.6668.42); For documentation on this error, please visit: https://www.selenium.dev/documentation/webdriver/troubleshooting/errors#no-such-element-exception
Stacktrace:
	GetHandleVerifier [0x00007FF623969C05+29557]
	(No symbol) [0x00007FF6238DF930]
	(No symbol) [0x00007FF62379B54A]
	(No symbol) [0x00007FF6237EF6A5]
	(No symbol) [0x00007FF6237EF8FC]
	(No symbol) [0x00007FF62383B797]
	(No symbol) [0x00007FF6238171DF]
	(No symbol) [0x00007FF62383853C]
	(No symbol) [0x00007FF623816F43]
	(No symbol) [0x00007FF6237E115F]
	(No symbol) [0x00007FF6237E22B1]
	GetHandleVerifier [0x00007FF623C9BE3D+3380653]
	GetHandleVerifier [0x00007FF623CE7943+3690675]
	GetHandleVerifier [0x00007FF623CDC83B+3645355]
	GetHandleVerifier [0x00007FF623A28DD6+812358]
	(No symbol) [0x00007FF6238EAA4F]
	(No symbol) [0x00007FF6238E6A64]
	(No symbol) [0x00007FF6238E6C00]
	(No symbol) [0x00007FF6238D5B3F]
	BaseThreadInitThunk [0x00007FFFCBDEE8D7+23]
	RtlUserThreadStart [0x00007FFFCC57FBCC+44]

2024-12-06 20:22:00,289 - ERROR - Failed to fetch critic reviews link for https://www.imdb.com/title/tt30320712/?ref_=sr_t_9: Message: no such element: Unable to locate element: {"method":"css selector","selector":"a.isReview[href*="/criticreviews/"]"}
  (Session info: chrome=129.0.6668.42); For documentation on this error, please visit: https://www.selenium.dev/documentation/webdriver/troubleshooting/errors#no-such-element-exception
Stacktrace:
	GetHandleVerifier [0x00007FF623969C05+29557]
	(No symbol) [0x00007FF6238DF930]
	(No symbol) [0x00007FF62379B54A]
	(No symbol) [0x00007FF6237EF6A5]
	(No symbol) [0x00007FF6237EF8FC]
	(No symbol) [0x00007FF62383B797]
	(No symbol) [0x00007FF6238171DF]
	(No symbol) [0x00007FF62383853C]
	(No symbol) [0x00007FF623816F43]
	(No symbol) [0x00007FF6237E115F]
	(No symbol) [0x00007FF6237E22B1]
	GetHandleVerifier [0x00007FF623C9BE3D+3380653]
	GetHandleVerifier [0x00007FF623CE7943+3690675]
	GetHandleVerifier [0x00007FF623CDC83B+3645355]
	GetHandleVerifier [0x00007FF623A28DD6+812358]
	(No symbol) [0x00007FF6238EAA4F]
	(No symbol) [0x00007FF6238E6A64]
	(No symbol) [0x00007FF6238E6C00]
	(No symbol) [0x00007FF6238D5B3F]
	BaseThreadInitThunk [0x00007FFFCBDEE8D7+23]
	RtlUserThreadStart [0x00007FFFCC57FBCC+44]

2024-12-06 20:22:23,052 - ERROR - Failed to fetch user reviews for https://www.imdb.com/title/tt30320712/reviews/?ref_=tt_ov_urv: Message: 

2024-12-06 20:22:32,774 - ERROR - Year not found for https://www.imdb.com/title/tt24444596/?ref_=sr_t_10: Message: no such element: Unable to locate element: {"method":"xpath","selector":"(//a[@class="ipc-link ipc-link--baseAlt ipc-link--inherit-color"])[6]"}
  (Session info: chrome=129.0.6668.42); For documentation on this error, please visit: https://www.selenium.dev/documentation/webdriver/troubleshooting/errors#no-such-element-exception
Stacktrace:
	GetHandleVerifier [0x00007FF623969C05+29557]
	(No symbol) [0x00007FF6238DF930]
	(No symbol) [0x00007FF62379B54A]
	(No symbol) [0x00007FF6237EF6A5]
	(No symbol) [0x00007FF6237EF8FC]
	(No symbol) [0x00007FF62383B797]
	(No symbol) [0x00007FF6238171DF]
	(No symbol) [0x00007FF62383853C]
	(No symbol) [0x00007FF623816F43]
	(No symbol) [0x00007FF6237E115F]
	(No symbol) [0x00007FF6237E22B1]
	GetHandleVerifier [0x00007FF623C9BE3D+3380653]
	GetHandleVerifier [0x00007FF623CE7943+3690675]
	GetHandleVerifier [0x00007FF623CDC83B+3645355]
	GetHandleVerifier [0x00007FF623A28DD6+812358]
	(No symbol) [0x00007FF6238EAA4F]
	(No symbol) [0x00007FF6238E6A64]
	(No symbol) [0x00007FF6238E6C00]
	(No symbol) [0x00007FF6238D5B3F]
	BaseThreadInitThunk [0x00007FFFCBDEE8D7+23]
	RtlUserThreadStart [0x00007FFFCC57FBCC+44]

2024-12-06 20:22:32,962 - ERROR - Metascore not found for https://www.imdb.com/title/tt24444596/?ref_=sr_t_10: Message: no such element: Unable to locate element: {"method":"css selector","selector":"span.sc-b0901df4-0"}
  (Session info: chrome=129.0.6668.42); For documentation on this error, please visit: https://www.selenium.dev/documentation/webdriver/troubleshooting/errors#no-such-element-exception
Stacktrace:
	GetHandleVerifier [0x00007FF623969C05+29557]
	(No symbol) [0x00007FF6238DF930]
	(No symbol) [0x00007FF62379B54A]
	(No symbol) [0x00007FF6237EF6A5]
	(No symbol) [0x00007FF6237EF8FC]
	(No symbol) [0x00007FF62383B797]
	(No symbol) [0x00007FF6238171DF]
	(No symbol) [0x00007FF62383853C]
	(No symbol) [0x00007FF623816F43]
	(No symbol) [0x00007FF6237E115F]
	(No symbol) [0x00007FF6237E22B1]
	GetHandleVerifier [0x00007FF623C9BE3D+3380653]
	GetHandleVerifier [0x00007FF623CE7943+3690675]
	GetHandleVerifier [0x00007FF623CDC83B+3645355]
	GetHandleVerifier [0x00007FF623A28DD6+812358]
	(No symbol) [0x00007FF6238EAA4F]
	(No symbol) [0x00007FF6238E6A64]
	(No symbol) [0x00007FF6238E6C00]
	(No symbol) [0x00007FF6238D5B3F]
	BaseThreadInitThunk [0x00007FFFCBDEE8D7+23]
	RtlUserThreadStart [0x00007FFFCC57FBCC+44]

2024-12-06 20:22:33,000 - ERROR - Runtime not found for https://www.imdb.com/title/tt24444596/?ref_=sr_t_10: Message: no such element: Unable to locate element: {"method":"css selector","selector":"li[data-testid="title-techspec_runtime"] .ipc-metadata-list-item__content-container"}
  (Session info: chrome=129.0.6668.42); For documentation on this error, please visit: https://www.selenium.dev/documentation/webdriver/troubleshooting/errors#no-such-element-exception
Stacktrace:
	GetHandleVerifier [0x00007FF623969C05+29557]
	(No symbol) [0x00007FF6238DF930]
	(No symbol) [0x00007FF62379B54A]
	(No symbol) [0x00007FF6237EF6A5]
	(No symbol) [0x00007FF6237EF8FC]
	(No symbol) [0x00007FF62383B797]
	(No symbol) [0x00007FF6238171DF]
	(No symbol) [0x00007FF62383853C]
	(No symbol) [0x00007FF623816F43]
	(No symbol) [0x00007FF6237E115F]
	(No symbol) [0x00007FF6237E22B1]
	GetHandleVerifier [0x00007FF623C9BE3D+3380653]
	GetHandleVerifier [0x00007FF623CE7943+3690675]
	GetHandleVerifier [0x00007FF623CDC83B+3645355]
	GetHandleVerifier [0x00007FF623A28DD6+812358]
	(No symbol) [0x00007FF6238EAA4F]
	(No symbol) [0x00007FF6238E6A64]
	(No symbol) [0x00007FF6238E6C00]
	(No symbol) [0x00007FF6238D5B3F]
	BaseThreadInitThunk [0x00007FFFCBDEE8D7+23]
	RtlUserThreadStart [0x00007FFFCC57FBCC+44]

2024-12-06 20:22:33,012 - ERROR - IMDb Score not found for https://www.imdb.com/title/tt24444596/?ref_=sr_t_10: Message: no such element: Unable to locate element: {"method":"css selector","selector":"div[data-testid="hero-rating-bar__aggregate-rating__score"] span.sc-c4ffe080-1"}
  (Session info: chrome=129.0.6668.42); For documentation on this error, please visit: https://www.selenium.dev/documentation/webdriver/troubleshooting/errors#no-such-element-exception
Stacktrace:
	GetHandleVerifier [0x00007FF623969C05+29557]
	(No symbol) [0x00007FF6238DF930]
	(No symbol) [0x00007FF62379B54A]
	(No symbol) [0x00007FF6237EF6A5]
	(No symbol) [0x00007FF6237EF8FC]
	(No symbol) [0x00007FF62383B797]
	(No symbol) [0x00007FF6238171DF]
	(No symbol) [0x00007FF62383853C]
	(No symbol) [0x00007FF623816F43]
	(No symbol) [0x00007FF6237E115F]
	(No symbol) [0x00007FF6237E22B1]
	GetHandleVerifier [0x00007FF623C9BE3D+3380653]
	GetHandleVerifier [0x00007FF623CE7943+3690675]
	GetHandleVerifier [0x00007FF623CDC83B+3645355]
	GetHandleVerifier [0x00007FF623A28DD6+812358]
	(No symbol) [0x00007FF6238EAA4F]
	(No symbol) [0x00007FF6238E6A64]
	(No symbol) [0x00007FF6238E6C00]
	(No symbol) [0x00007FF6238D5B3F]
	BaseThreadInitThunk [0x00007FFFCBDEE8D7+23]
	RtlUserThreadStart [0x00007FFFCC57FBCC+44]

2024-12-06 20:22:33,038 - ERROR - Critic reviews count not found for https://www.imdb.com/title/tt24444596/?ref_=sr_t_10: Message: no such element: Unable to locate element: {"method":"css selector","selector":"a.ipc-link--baseAlt[href*="/externalreviews/"] span.score"}
  (Session info: chrome=129.0.6668.42); For documentation on this error, please visit: https://www.selenium.dev/documentation/webdriver/troubleshooting/errors#no-such-element-exception
Stacktrace:
	GetHandleVerifier [0x00007FF623969C05+29557]
	(No symbol) [0x00007FF6238DF930]
	(No symbol) [0x00007FF62379B54A]
	(No symbol) [0x00007FF6237EF6A5]
	(No symbol) [0x00007FF6237EF8FC]
	(No symbol) [0x00007FF62383B797]
	(No symbol) [0x00007FF6238171DF]
	(No symbol) [0x00007FF62383853C]
	(No symbol) [0x00007FF623816F43]
	(No symbol) [0x00007FF6237E115F]
	(No symbol) [0x00007FF6237E22B1]
	GetHandleVerifier [0x00007FF623C9BE3D+3380653]
	GetHandleVerifier [0x00007FF623CE7943+3690675]
	GetHandleVerifier [0x00007FF623CDC83B+3645355]
	GetHandleVerifier [0x00007FF623A28DD6+812358]
	(No symbol) [0x00007FF6238EAA4F]
	(No symbol) [0x00007FF6238E6A64]
	(No symbol) [0x00007FF6238E6C00]
	(No symbol) [0x00007FF6238D5B3F]
	BaseThreadInitThunk [0x00007FFFCBDEE8D7+23]
	RtlUserThreadStart [0x00007FFFCC57FBCC+44]

2024-12-06 20:22:33,046 - ERROR - Failed to fetch box office data for https://www.imdb.com/title/tt24444596/?ref_=sr_t_10: Message: no such element: Unable to locate element: {"method":"css selector","selector":"section[data-testid="BoxOffice"]"}
  (Session info: chrome=129.0.6668.42); For documentation on this error, please visit: https://www.selenium.dev/documentation/webdriver/troubleshooting/errors#no-such-element-exception
Stacktrace:
	GetHandleVerifier [0x00007FF623969C05+29557]
	(No symbol) [0x00007FF6238DF930]
	(No symbol) [0x00007FF62379B54A]
	(No symbol) [0x00007FF6237EF6A5]
	(No symbol) [0x00007FF6237EF8FC]
	(No symbol) [0x00007FF62383B797]
	(No symbol) [0x00007FF6238171DF]
	(No symbol) [0x00007FF62383853C]
	(No symbol) [0x00007FF623816F43]
	(No symbol) [0x00007FF6237E115F]
	(No symbol) [0x00007FF6237E22B1]
	GetHandleVerifier [0x00007FF623C9BE3D+3380653]
	GetHandleVerifier [0x00007FF623CE7943+3690675]
	GetHandleVerifier [0x00007FF623CDC83B+3645355]
	GetHandleVerifier [0x00007FF623A28DD6+812358]
	(No symbol) [0x00007FF6238EAA4F]
	(No symbol) [0x00007FF6238E6A64]
	(No symbol) [0x00007FF6238E6C00]
	(No symbol) [0x00007FF6238D5B3F]
	BaseThreadInitThunk [0x00007FFFCBDEE8D7+23]
	RtlUserThreadStart [0x00007FFFCC57FBCC+44]

2024-12-06 20:22:33,072 - ERROR - Failed to fetch critic reviews link for https://www.imdb.com/title/tt24444596/?ref_=sr_t_10: Message: no such element: Unable to locate element: {"method":"css selector","selector":"a.isReview[href*="/criticreviews/"]"}
  (Session info: chrome=129.0.6668.42); For documentation on this error, please visit: https://www.selenium.dev/documentation/webdriver/troubleshooting/errors#no-such-element-exception
Stacktrace:
	GetHandleVerifier [0x00007FF623969C05+29557]
	(No symbol) [0x00007FF6238DF930]
	(No symbol) [0x00007FF62379B54A]
	(No symbol) [0x00007FF6237EF6A5]
	(No symbol) [0x00007FF6237EF8FC]
	(No symbol) [0x00007FF62383B797]
	(No symbol) [0x00007FF6238171DF]
	(No symbol) [0x00007FF62383853C]
	(No symbol) [0x00007FF623816F43]
	(No symbol) [0x00007FF6237E115F]
	(No symbol) [0x00007FF6237E22B1]
	GetHandleVerifier [0x00007FF623C9BE3D+3380653]
	GetHandleVerifier [0x00007FF623CE7943+3690675]
	GetHandleVerifier [0x00007FF623CDC83B+3645355]
	GetHandleVerifier [0x00007FF623A28DD6+812358]
	(No symbol) [0x00007FF6238EAA4F]
	(No symbol) [0x00007FF6238E6A64]
	(No symbol) [0x00007FF6238E6C00]
	(No symbol) [0x00007FF6238D5B3F]
	BaseThreadInitThunk [0x00007FFFCBDEE8D7+23]
	RtlUserThreadStart [0x00007FFFCC57FBCC+44]

2024-12-06 20:23:59,635 - INFO - Navigating to search URL
2024-12-06 20:24:07,662 - INFO - Clicked 'See More' button
2024-12-06 20:24:12,690 - INFO - New movies loaded
2024-12-06 20:24:12,699 - ERROR - Error while trying to click 'See More' button: Message: no such element: Unable to locate element: {"method":"xpath","selector":"//span[contains(@class, "ipc-see-more")]/button[contains(@class, "ipc-see-more__button")]"}
  (Session info: chrome=129.0.6668.42); For documentation on this error, please visit: https://www.selenium.dev/documentation/webdriver/troubleshooting/errors#no-such-element-exception
Stacktrace:
	GetHandleVerifier [0x00007FF623969C05+29557]
	(No symbol) [0x00007FF6238DF930]
	(No symbol) [0x00007FF62379B54A]
	(No symbol) [0x00007FF6237EF6A5]
	(No symbol) [0x00007FF6237EF8FC]
	(No symbol) [0x00007FF62383B797]
	(No symbol) [0x00007FF6238171DF]
	(No symbol) [0x00007FF62383853C]
	(No symbol) [0x00007FF623816F43]
	(No symbol) [0x00007FF6237E115F]
	(No symbol) [0x00007FF6237E22B1]
	GetHandleVerifier [0x00007FF623C9BE3D+3380653]
	GetHandleVerifier [0x00007FF623CE7943+3690675]
	GetHandleVerifier [0x00007FF623CDC83B+3645355]
	GetHandleVerifier [0x00007FF623A28DD6+812358]
	(No symbol) [0x00007FF6238EAA4F]
	(No symbol) [0x00007FF6238E6A64]
	(No symbol) [0x00007FF6238E6C00]
	(No symbol) [0x00007FF6238D5B3F]
	BaseThreadInitThunk [0x00007FFFCBDEE8D7+23]
	RtlUserThreadStart [0x00007FFFCC57FBCC+44]

2024-12-06 20:24:13,120 - INFO - Found 72 movie URLs on the final page
2024-12-06 20:24:17,700 - ERROR - Year not found for https://www.imdb.com/title/tt30317302/?ref_=sr_t_1: Message: no such element: Unable to locate element: {"method":"xpath","selector":"(//a[@class="ipc-link ipc-link--baseAlt ipc-link--inherit-color"])[6]"}
  (Session info: chrome=129.0.6668.42); For documentation on this error, please visit: https://www.selenium.dev/documentation/webdriver/troubleshooting/errors#no-such-element-exception
Stacktrace:
	GetHandleVerifier [0x00007FF623969C05+29557]
	(No symbol) [0x00007FF6238DF930]
	(No symbol) [0x00007FF62379B54A]
	(No symbol) [0x00007FF6237EF6A5]
	(No symbol) [0x00007FF6237EF8FC]
	(No symbol) [0x00007FF62383B797]
	(No symbol) [0x00007FF6238171DF]
	(No symbol) [0x00007FF62383853C]
	(No symbol) [0x00007FF623816F43]
	(No symbol) [0x00007FF6237E115F]
	(No symbol) [0x00007FF6237E22B1]
	GetHandleVerifier [0x00007FF623C9BE3D+3380653]
	GetHandleVerifier [0x00007FF623CE7943+3690675]
	GetHandleVerifier [0x00007FF623CDC83B+3645355]
	GetHandleVerifier [0x00007FF623A28DD6+812358]
	(No symbol) [0x00007FF6238EAA4F]
	(No symbol) [0x00007FF6238E6A64]
	(No symbol) [0x00007FF6238E6C00]
	(No symbol) [0x00007FF6238D5B3F]
	BaseThreadInitThunk [0x00007FFFCBDEE8D7+23]
	RtlUserThreadStart [0x00007FFFCC57FBCC+44]

2024-12-06 20:24:18,021 - ERROR - Metascore not found for https://www.imdb.com/title/tt30317302/?ref_=sr_t_1: Message: no such element: Unable to locate element: {"method":"css selector","selector":"span.sc-b0901df4-0"}
  (Session info: chrome=129.0.6668.42); For documentation on this error, please visit: https://www.selenium.dev/documentation/webdriver/troubleshooting/errors#no-such-element-exception
Stacktrace:
	GetHandleVerifier [0x00007FF623969C05+29557]
	(No symbol) [0x00007FF6238DF930]
	(No symbol) [0x00007FF62379B54A]
	(No symbol) [0x00007FF6237EF6A5]
	(No symbol) [0x00007FF6237EF8FC]
	(No symbol) [0x00007FF62383B797]
	(No symbol) [0x00007FF6238171DF]
	(No symbol) [0x00007FF62383853C]
	(No symbol) [0x00007FF623816F43]
	(No symbol) [0x00007FF6237E115F]
	(No symbol) [0x00007FF6237E22B1]
	GetHandleVerifier [0x00007FF623C9BE3D+3380653]
	GetHandleVerifier [0x00007FF623CE7943+3690675]
	GetHandleVerifier [0x00007FF623CDC83B+3645355]
	GetHandleVerifier [0x00007FF623A28DD6+812358]
	(No symbol) [0x00007FF6238EAA4F]
	(No symbol) [0x00007FF6238E6A64]
	(No symbol) [0x00007FF6238E6C00]
	(No symbol) [0x00007FF6238D5B3F]
	BaseThreadInitThunk [0x00007FFFCBDEE8D7+23]
	RtlUserThreadStart [0x00007FFFCC57FBCC+44]

2024-12-06 20:24:18,267 - ERROR - Failed to fetch box office data for https://www.imdb.com/title/tt30317302/?ref_=sr_t_1: Message: no such element: Unable to locate element: {"method":"css selector","selector":"section[data-testid="BoxOffice"]"}
  (Session info: chrome=129.0.6668.42); For documentation on this error, please visit: https://www.selenium.dev/documentation/webdriver/troubleshooting/errors#no-such-element-exception
Stacktrace:
	GetHandleVerifier [0x00007FF623969C05+29557]
	(No symbol) [0x00007FF6238DF930]
	(No symbol) [0x00007FF62379B54A]
	(No symbol) [0x00007FF6237EF6A5]
	(No symbol) [0x00007FF6237EF8FC]
	(No symbol) [0x00007FF62383B797]
	(No symbol) [0x00007FF6238171DF]
	(No symbol) [0x00007FF62383853C]
	(No symbol) [0x00007FF623816F43]
	(No symbol) [0x00007FF6237E115F]
	(No symbol) [0x00007FF6237E22B1]
	GetHandleVerifier [0x00007FF623C9BE3D+3380653]
	GetHandleVerifier [0x00007FF623CE7943+3690675]
	GetHandleVerifier [0x00007FF623CDC83B+3645355]
	GetHandleVerifier [0x00007FF623A28DD6+812358]
	(No symbol) [0x00007FF6238EAA4F]
	(No symbol) [0x00007FF6238E6A64]
	(No symbol) [0x00007FF6238E6C00]
	(No symbol) [0x00007FF6238D5B3F]
	BaseThreadInitThunk [0x00007FFFCBDEE8D7+23]
	RtlUserThreadStart [0x00007FFFCC57FBCC+44]

2024-12-06 20:24:18,338 - ERROR - Failed to fetch critic reviews link for https://www.imdb.com/title/tt30317302/?ref_=sr_t_1: Message: no such element: Unable to locate element: {"method":"css selector","selector":"a.isReview[href*="/criticreviews/"]"}
  (Session info: chrome=129.0.6668.42); For documentation on this error, please visit: https://www.selenium.dev/documentation/webdriver/troubleshooting/errors#no-such-element-exception
Stacktrace:
	GetHandleVerifier [0x00007FF623969C05+29557]
	(No symbol) [0x00007FF6238DF930]
	(No symbol) [0x00007FF62379B54A]
	(No symbol) [0x00007FF6237EF6A5]
	(No symbol) [0x00007FF6237EF8FC]
	(No symbol) [0x00007FF62383B797]
	(No symbol) [0x00007FF6238171DF]
	(No symbol) [0x00007FF62383853C]
	(No symbol) [0x00007FF623816F43]
	(No symbol) [0x00007FF6237E115F]
	(No symbol) [0x00007FF6237E22B1]
	GetHandleVerifier [0x00007FF623C9BE3D+3380653]
	GetHandleVerifier [0x00007FF623CE7943+3690675]
	GetHandleVerifier [0x00007FF623CDC83B+3645355]
	GetHandleVerifier [0x00007FF623A28DD6+812358]
	(No symbol) [0x00007FF6238EAA4F]
	(No symbol) [0x00007FF6238E6A64]
	(No symbol) [0x00007FF6238E6C00]
	(No symbol) [0x00007FF6238D5B3F]
	BaseThreadInitThunk [0x00007FFFCBDEE8D7+23]
	RtlUserThreadStart [0x00007FFFCC57FBCC+44]

2024-12-06 20:24:42,128 - ERROR - Failed to fetch user reviews for https://www.imdb.com/title/tt30317302/reviews/?ref_=tt_ov_urv: Message: 

2024-12-06 20:24:47,946 - ERROR - Year not found for https://www.imdb.com/title/tt26902267/?ref_=sr_t_2: Message: no such element: Unable to locate element: {"method":"xpath","selector":"(//a[@class="ipc-link ipc-link--baseAlt ipc-link--inherit-color"])[6]"}
  (Session info: chrome=129.0.6668.42); For documentation on this error, please visit: https://www.selenium.dev/documentation/webdriver/troubleshooting/errors#no-such-element-exception
Stacktrace:
	GetHandleVerifier [0x00007FF623969C05+29557]
	(No symbol) [0x00007FF6238DF930]
	(No symbol) [0x00007FF62379B54A]
	(No symbol) [0x00007FF6237EF6A5]
	(No symbol) [0x00007FF6237EF8FC]
	(No symbol) [0x00007FF62383B797]
	(No symbol) [0x00007FF6238171DF]
	(No symbol) [0x00007FF62383853C]
	(No symbol) [0x00007FF623816F43]
	(No symbol) [0x00007FF6237E115F]
	(No symbol) [0x00007FF6237E22B1]
	GetHandleVerifier [0x00007FF623C9BE3D+3380653]
	GetHandleVerifier [0x00007FF623CE7943+3690675]
	GetHandleVerifier [0x00007FF623CDC83B+3645355]
	GetHandleVerifier [0x00007FF623A28DD6+812358]
	(No symbol) [0x00007FF6238EAA4F]
	(No symbol) [0x00007FF6238E6A64]
	(No symbol) [0x00007FF6238E6C00]
	(No symbol) [0x00007FF6238D5B3F]
	BaseThreadInitThunk [0x00007FFFCBDEE8D7+23]
	RtlUserThreadStart [0x00007FFFCC57FBCC+44]

2024-12-06 20:24:48,110 - ERROR - Metascore not found for https://www.imdb.com/title/tt26902267/?ref_=sr_t_2: Message: no such element: Unable to locate element: {"method":"css selector","selector":"span.sc-b0901df4-0"}
  (Session info: chrome=129.0.6668.42); For documentation on this error, please visit: https://www.selenium.dev/documentation/webdriver/troubleshooting/errors#no-such-element-exception
Stacktrace:
	GetHandleVerifier [0x00007FF623969C05+29557]
	(No symbol) [0x00007FF6238DF930]
	(No symbol) [0x00007FF62379B54A]
	(No symbol) [0x00007FF6237EF6A5]
	(No symbol) [0x00007FF6237EF8FC]
	(No symbol) [0x00007FF62383B797]
	(No symbol) [0x00007FF6238171DF]
	(No symbol) [0x00007FF62383853C]
	(No symbol) [0x00007FF623816F43]
	(No symbol) [0x00007FF6237E115F]
	(No symbol) [0x00007FF6237E22B1]
	GetHandleVerifier [0x00007FF623C9BE3D+3380653]
	GetHandleVerifier [0x00007FF623CE7943+3690675]
	GetHandleVerifier [0x00007FF623CDC83B+3645355]
	GetHandleVerifier [0x00007FF623A28DD6+812358]
	(No symbol) [0x00007FF6238EAA4F]
	(No symbol) [0x00007FF6238E6A64]
	(No symbol) [0x00007FF6238E6C00]
	(No symbol) [0x00007FF6238D5B3F]
	BaseThreadInitThunk [0x00007FFFCBDEE8D7+23]
	RtlUserThreadStart [0x00007FFFCC57FBCC+44]

2024-12-06 20:24:48,200 - ERROR - Failed to fetch box office data for https://www.imdb.com/title/tt26902267/?ref_=sr_t_2: Message: no such element: Unable to locate element: {"method":"css selector","selector":"section[data-testid="BoxOffice"]"}
  (Session info: chrome=129.0.6668.42); For documentation on this error, please visit: https://www.selenium.dev/documentation/webdriver/troubleshooting/errors#no-such-element-exception
Stacktrace:
	GetHandleVerifier [0x00007FF623969C05+29557]
	(No symbol) [0x00007FF6238DF930]
	(No symbol) [0x00007FF62379B54A]
	(No symbol) [0x00007FF6237EF6A5]
	(No symbol) [0x00007FF6237EF8FC]
	(No symbol) [0x00007FF62383B797]
	(No symbol) [0x00007FF6238171DF]
	(No symbol) [0x00007FF62383853C]
	(No symbol) [0x00007FF623816F43]
	(No symbol) [0x00007FF6237E115F]
	(No symbol) [0x00007FF6237E22B1]
	GetHandleVerifier [0x00007FF623C9BE3D+3380653]
	GetHandleVerifier [0x00007FF623CE7943+3690675]
	GetHandleVerifier [0x00007FF623CDC83B+3645355]
	GetHandleVerifier [0x00007FF623A28DD6+812358]
	(No symbol) [0x00007FF6238EAA4F]
	(No symbol) [0x00007FF6238E6A64]
	(No symbol) [0x00007FF6238E6C00]
	(No symbol) [0x00007FF6238D5B3F]
	BaseThreadInitThunk [0x00007FFFCBDEE8D7+23]
	RtlUserThreadStart [0x00007FFFCC57FBCC+44]

2024-12-06 20:24:48,221 - ERROR - Failed to fetch critic reviews link for https://www.imdb.com/title/tt26902267/?ref_=sr_t_2: Message: no such element: Unable to locate element: {"method":"css selector","selector":"a.isReview[href*="/criticreviews/"]"}
  (Session info: chrome=129.0.6668.42); For documentation on this error, please visit: https://www.selenium.dev/documentation/webdriver/troubleshooting/errors#no-such-element-exception
Stacktrace:
	GetHandleVerifier [0x00007FF623969C05+29557]
	(No symbol) [0x00007FF6238DF930]
	(No symbol) [0x00007FF62379B54A]
	(No symbol) [0x00007FF6237EF6A5]
	(No symbol) [0x00007FF6237EF8FC]
	(No symbol) [0x00007FF62383B797]
	(No symbol) [0x00007FF6238171DF]
	(No symbol) [0x00007FF62383853C]
	(No symbol) [0x00007FF623816F43]
	(No symbol) [0x00007FF6237E115F]
	(No symbol) [0x00007FF6237E22B1]
	GetHandleVerifier [0x00007FF623C9BE3D+3380653]
	GetHandleVerifier [0x00007FF623CE7943+3690675]
	GetHandleVerifier [0x00007FF623CDC83B+3645355]
	GetHandleVerifier [0x00007FF623A28DD6+812358]
	(No symbol) [0x00007FF6238EAA4F]
	(No symbol) [0x00007FF6238E6A64]
	(No symbol) [0x00007FF6238E6C00]
	(No symbol) [0x00007FF6238D5B3F]
	BaseThreadInitThunk [0x00007FFFCBDEE8D7+23]
	RtlUserThreadStart [0x00007FFFCC57FBCC+44]

2024-12-06 20:25:10,108 - ERROR - Failed to fetch user reviews for https://www.imdb.com/title/tt26902267/reviews/?ref_=tt_ov_urv: Message: 

2024-12-06 20:25:14,959 - ERROR - Year not found for https://www.imdb.com/title/tt28480262/?ref_=sr_t_3: Message: no such element: Unable to locate element: {"method":"xpath","selector":"(//a[@class="ipc-link ipc-link--baseAlt ipc-link--inherit-color"])[6]"}
  (Session info: chrome=129.0.6668.42); For documentation on this error, please visit: https://www.selenium.dev/documentation/webdriver/troubleshooting/errors#no-such-element-exception
Stacktrace:
	GetHandleVerifier [0x00007FF623969C05+29557]
	(No symbol) [0x00007FF6238DF930]
	(No symbol) [0x00007FF62379B54A]
	(No symbol) [0x00007FF6237EF6A5]
	(No symbol) [0x00007FF6237EF8FC]
	(No symbol) [0x00007FF62383B797]
	(No symbol) [0x00007FF6238171DF]
	(No symbol) [0x00007FF62383853C]
	(No symbol) [0x00007FF623816F43]
	(No symbol) [0x00007FF6237E115F]
	(No symbol) [0x00007FF6237E22B1]
	GetHandleVerifier [0x00007FF623C9BE3D+3380653]
	GetHandleVerifier [0x00007FF623CE7943+3690675]
	GetHandleVerifier [0x00007FF623CDC83B+3645355]
	GetHandleVerifier [0x00007FF623A28DD6+812358]
	(No symbol) [0x00007FF6238EAA4F]
	(No symbol) [0x00007FF6238E6A64]
	(No symbol) [0x00007FF6238E6C00]
	(No symbol) [0x00007FF6238D5B3F]
	BaseThreadInitThunk [0x00007FFFCBDEE8D7+23]
	RtlUserThreadStart [0x00007FFFCC57FBCC+44]

2024-12-06 20:25:15,268 - ERROR - Metascore not found for https://www.imdb.com/title/tt28480262/?ref_=sr_t_3: Message: no such element: Unable to locate element: {"method":"css selector","selector":"span.sc-b0901df4-0"}
  (Session info: chrome=129.0.6668.42); For documentation on this error, please visit: https://www.selenium.dev/documentation/webdriver/troubleshooting/errors#no-such-element-exception
Stacktrace:
	GetHandleVerifier [0x00007FF623969C05+29557]
	(No symbol) [0x00007FF6238DF930]
	(No symbol) [0x00007FF62379B54A]
	(No symbol) [0x00007FF6237EF6A5]
	(No symbol) [0x00007FF6237EF8FC]
	(No symbol) [0x00007FF62383B797]
	(No symbol) [0x00007FF6238171DF]
	(No symbol) [0x00007FF62383853C]
	(No symbol) [0x00007FF623816F43]
	(No symbol) [0x00007FF6237E115F]
	(No symbol) [0x00007FF6237E22B1]
	GetHandleVerifier [0x00007FF623C9BE3D+3380653]
	GetHandleVerifier [0x00007FF623CE7943+3690675]
	GetHandleVerifier [0x00007FF623CDC83B+3645355]
	GetHandleVerifier [0x00007FF623A28DD6+812358]
	(No symbol) [0x00007FF6238EAA4F]
	(No symbol) [0x00007FF6238E6A64]
	(No symbol) [0x00007FF6238E6C00]
	(No symbol) [0x00007FF6238D5B3F]
	BaseThreadInitThunk [0x00007FFFCBDEE8D7+23]
	RtlUserThreadStart [0x00007FFFCC57FBCC+44]

2024-12-06 20:25:15,286 - ERROR - Runtime not found for https://www.imdb.com/title/tt28480262/?ref_=sr_t_3: Message: no such element: Unable to locate element: {"method":"css selector","selector":"li[data-testid="title-techspec_runtime"] .ipc-metadata-list-item__content-container"}
  (Session info: chrome=129.0.6668.42); For documentation on this error, please visit: https://www.selenium.dev/documentation/webdriver/troubleshooting/errors#no-such-element-exception
Stacktrace:
	GetHandleVerifier [0x00007FF623969C05+29557]
	(No symbol) [0x00007FF6238DF930]
	(No symbol) [0x00007FF62379B54A]
	(No symbol) [0x00007FF6237EF6A5]
	(No symbol) [0x00007FF6237EF8FC]
	(No symbol) [0x00007FF62383B797]
	(No symbol) [0x00007FF6238171DF]
	(No symbol) [0x00007FF62383853C]
	(No symbol) [0x00007FF623816F43]
	(No symbol) [0x00007FF6237E115F]
	(No symbol) [0x00007FF6237E22B1]
	GetHandleVerifier [0x00007FF623C9BE3D+3380653]
	GetHandleVerifier [0x00007FF623CE7943+3690675]
	GetHandleVerifier [0x00007FF623CDC83B+3645355]
	GetHandleVerifier [0x00007FF623A28DD6+812358]
	(No symbol) [0x00007FF6238EAA4F]
	(No symbol) [0x00007FF6238E6A64]
	(No symbol) [0x00007FF6238E6C00]
	(No symbol) [0x00007FF6238D5B3F]
	BaseThreadInitThunk [0x00007FFFCBDEE8D7+23]
	RtlUserThreadStart [0x00007FFFCC57FBCC+44]

2024-12-06 20:25:15,304 - ERROR - User reviews count not found for https://www.imdb.com/title/tt28480262/?ref_=sr_t_3: Message: no such element: Unable to locate element: {"method":"css selector","selector":"a.ipc-link--baseAlt[href*="/reviews/"] span.score"}
  (Session info: chrome=129.0.6668.42); For documentation on this error, please visit: https://www.selenium.dev/documentation/webdriver/troubleshooting/errors#no-such-element-exception
Stacktrace:
	GetHandleVerifier [0x00007FF623969C05+29557]
	(No symbol) [0x00007FF6238DF930]
	(No symbol) [0x00007FF62379B54A]
	(No symbol) [0x00007FF6237EF6A5]
	(No symbol) [0x00007FF6237EF8FC]
	(No symbol) [0x00007FF62383B797]
	(No symbol) [0x00007FF6238171DF]
	(No symbol) [0x00007FF62383853C]
	(No symbol) [0x00007FF623816F43]
	(No symbol) [0x00007FF6237E115F]
	(No symbol) [0x00007FF6237E22B1]
	GetHandleVerifier [0x00007FF623C9BE3D+3380653]
	GetHandleVerifier [0x00007FF623CE7943+3690675]
	GetHandleVerifier [0x00007FF623CDC83B+3645355]
	GetHandleVerifier [0x00007FF623A28DD6+812358]
	(No symbol) [0x00007FF6238EAA4F]
	(No symbol) [0x00007FF6238E6A64]
	(No symbol) [0x00007FF6238E6C00]
	(No symbol) [0x00007FF6238D5B3F]
	BaseThreadInitThunk [0x00007FFFCBDEE8D7+23]
	RtlUserThreadStart [0x00007FFFCC57FBCC+44]

2024-12-06 20:25:15,314 - ERROR - Critic reviews count not found for https://www.imdb.com/title/tt28480262/?ref_=sr_t_3: Message: no such element: Unable to locate element: {"method":"css selector","selector":"a.ipc-link--baseAlt[href*="/externalreviews/"] span.score"}
  (Session info: chrome=129.0.6668.42); For documentation on this error, please visit: https://www.selenium.dev/documentation/webdriver/troubleshooting/errors#no-such-element-exception
Stacktrace:
	GetHandleVerifier [0x00007FF623969C05+29557]
	(No symbol) [0x00007FF6238DF930]
	(No symbol) [0x00007FF62379B54A]
	(No symbol) [0x00007FF6237EF6A5]
	(No symbol) [0x00007FF6237EF8FC]
	(No symbol) [0x00007FF62383B797]
	(No symbol) [0x00007FF6238171DF]
	(No symbol) [0x00007FF62383853C]
	(No symbol) [0x00007FF623816F43]
	(No symbol) [0x00007FF6237E115F]
	(No symbol) [0x00007FF6237E22B1]
	GetHandleVerifier [0x00007FF623C9BE3D+3380653]
	GetHandleVerifier [0x00007FF623CE7943+3690675]
	GetHandleVerifier [0x00007FF623CDC83B+3645355]
	GetHandleVerifier [0x00007FF623A28DD6+812358]
	(No symbol) [0x00007FF6238EAA4F]
	(No symbol) [0x00007FF6238E6A64]
	(No symbol) [0x00007FF6238E6C00]
	(No symbol) [0x00007FF6238D5B3F]
	BaseThreadInitThunk [0x00007FFFCBDEE8D7+23]
	RtlUserThreadStart [0x00007FFFCC57FBCC+44]

2024-12-06 20:25:15,373 - ERROR - Failed to fetch user reviews link for https://www.imdb.com/title/tt28480262/?ref_=sr_t_3: Message: no such element: Unable to locate element: {"method":"css selector","selector":"a.isReview[href*="/reviews/"]"}
  (Session info: chrome=129.0.6668.42); For documentation on this error, please visit: https://www.selenium.dev/documentation/webdriver/troubleshooting/errors#no-such-element-exception
Stacktrace:
	GetHandleVerifier [0x00007FF623969C05+29557]
	(No symbol) [0x00007FF6238DF930]
	(No symbol) [0x00007FF62379B54A]
	(No symbol) [0x00007FF6237EF6A5]
	(No symbol) [0x00007FF6237EF8FC]
	(No symbol) [0x00007FF62383B797]
	(No symbol) [0x00007FF6238171DF]
	(No symbol) [0x00007FF62383853C]
	(No symbol) [0x00007FF623816F43]
	(No symbol) [0x00007FF6237E115F]
	(No symbol) [0x00007FF6237E22B1]
	GetHandleVerifier [0x00007FF623C9BE3D+3380653]
	GetHandleVerifier [0x00007FF623CE7943+3690675]
	GetHandleVerifier [0x00007FF623CDC83B+3645355]
	GetHandleVerifier [0x00007FF623A28DD6+812358]
	(No symbol) [0x00007FF6238EAA4F]
	(No symbol) [0x00007FF6238E6A64]
	(No symbol) [0x00007FF6238E6C00]
	(No symbol) [0x00007FF6238D5B3F]
	BaseThreadInitThunk [0x00007FFFCBDEE8D7+23]
	RtlUserThreadStart [0x00007FFFCC57FBCC+44]

2024-12-06 20:25:15,380 - ERROR - Failed to fetch critic reviews link for https://www.imdb.com/title/tt28480262/?ref_=sr_t_3: Message: no such element: Unable to locate element: {"method":"css selector","selector":"a.isReview[href*="/criticreviews/"]"}
  (Session info: chrome=129.0.6668.42); For documentation on this error, please visit: https://www.selenium.dev/documentation/webdriver/troubleshooting/errors#no-such-element-exception
Stacktrace:
	GetHandleVerifier [0x00007FF623969C05+29557]
	(No symbol) [0x00007FF6238DF930]
	(No symbol) [0x00007FF62379B54A]
	(No symbol) [0x00007FF6237EF6A5]
	(No symbol) [0x00007FF6237EF8FC]
	(No symbol) [0x00007FF62383B797]
	(No symbol) [0x00007FF6238171DF]
	(No symbol) [0x00007FF62383853C]
	(No symbol) [0x00007FF623816F43]
	(No symbol) [0x00007FF6237E115F]
	(No symbol) [0x00007FF6237E22B1]
	GetHandleVerifier [0x00007FF623C9BE3D+3380653]
	GetHandleVerifier [0x00007FF623CE7943+3690675]
	GetHandleVerifier [0x00007FF623CDC83B+3645355]
	GetHandleVerifier [0x00007FF623A28DD6+812358]
	(No symbol) [0x00007FF6238EAA4F]
	(No symbol) [0x00007FF6238E6A64]
	(No symbol) [0x00007FF6238E6C00]
	(No symbol) [0x00007FF6238D5B3F]
	BaseThreadInitThunk [0x00007FFFCBDEE8D7+23]
	RtlUserThreadStart [0x00007FFFCC57FBCC+44]

2024-12-06 20:25:21,931 - ERROR - Year not found for https://www.imdb.com/title/tt27726037/?ref_=sr_t_4: Message: no such element: Unable to locate element: {"method":"xpath","selector":"(//a[@class="ipc-link ipc-link--baseAlt ipc-link--inherit-color"])[6]"}
  (Session info: chrome=129.0.6668.42); For documentation on this error, please visit: https://www.selenium.dev/documentation/webdriver/troubleshooting/errors#no-such-element-exception
Stacktrace:
	GetHandleVerifier [0x00007FF623969C05+29557]
	(No symbol) [0x00007FF6238DF930]
	(No symbol) [0x00007FF62379B54A]
	(No symbol) [0x00007FF6237EF6A5]
	(No symbol) [0x00007FF6237EF8FC]
	(No symbol) [0x00007FF62383B797]
	(No symbol) [0x00007FF6238171DF]
	(No symbol) [0x00007FF62383853C]
	(No symbol) [0x00007FF623816F43]
	(No symbol) [0x00007FF6237E115F]
	(No symbol) [0x00007FF6237E22B1]
	GetHandleVerifier [0x00007FF623C9BE3D+3380653]
	GetHandleVerifier [0x00007FF623CE7943+3690675]
	GetHandleVerifier [0x00007FF623CDC83B+3645355]
	GetHandleVerifier [0x00007FF623A28DD6+812358]
	(No symbol) [0x00007FF6238EAA4F]
	(No symbol) [0x00007FF6238E6A64]
	(No symbol) [0x00007FF6238E6C00]
	(No symbol) [0x00007FF6238D5B3F]
	BaseThreadInitThunk [0x00007FFFCBDEE8D7+23]
	RtlUserThreadStart [0x00007FFFCC57FBCC+44]

2024-12-06 20:25:22,386 - ERROR - Metascore not found for https://www.imdb.com/title/tt27726037/?ref_=sr_t_4: Message: no such element: Unable to locate element: {"method":"css selector","selector":"span.sc-b0901df4-0"}
  (Session info: chrome=129.0.6668.42); For documentation on this error, please visit: https://www.selenium.dev/documentation/webdriver/troubleshooting/errors#no-such-element-exception
Stacktrace:
	GetHandleVerifier [0x00007FF623969C05+29557]
	(No symbol) [0x00007FF6238DF930]
	(No symbol) [0x00007FF62379B54A]
	(No symbol) [0x00007FF6237EF6A5]
	(No symbol) [0x00007FF6237EF8FC]
	(No symbol) [0x00007FF62383B797]
	(No symbol) [0x00007FF6238171DF]
	(No symbol) [0x00007FF62383853C]
	(No symbol) [0x00007FF623816F43]
	(No symbol) [0x00007FF6237E115F]
	(No symbol) [0x00007FF6237E22B1]
	GetHandleVerifier [0x00007FF623C9BE3D+3380653]
	GetHandleVerifier [0x00007FF623CE7943+3690675]
	GetHandleVerifier [0x00007FF623CDC83B+3645355]
	GetHandleVerifier [0x00007FF623A28DD6+812358]
	(No symbol) [0x00007FF6238EAA4F]
	(No symbol) [0x00007FF6238E6A64]
	(No symbol) [0x00007FF6238E6C00]
	(No symbol) [0x00007FF6238D5B3F]
	BaseThreadInitThunk [0x00007FFFCBDEE8D7+23]
	RtlUserThreadStart [0x00007FFFCC57FBCC+44]

2024-12-06 20:25:22,556 - ERROR - User reviews count not found for https://www.imdb.com/title/tt27726037/?ref_=sr_t_4: Message: no such element: Unable to locate element: {"method":"css selector","selector":"a.ipc-link--baseAlt[href*="/reviews/"] span.score"}
  (Session info: chrome=129.0.6668.42); For documentation on this error, please visit: https://www.selenium.dev/documentation/webdriver/troubleshooting/errors#no-such-element-exception
Stacktrace:
	GetHandleVerifier [0x00007FF623969C05+29557]
	(No symbol) [0x00007FF6238DF930]
	(No symbol) [0x00007FF62379B54A]
	(No symbol) [0x00007FF6237EF6A5]
	(No symbol) [0x00007FF6237EF8FC]
	(No symbol) [0x00007FF62383B797]
	(No symbol) [0x00007FF6238171DF]
	(No symbol) [0x00007FF62383853C]
	(No symbol) [0x00007FF623816F43]
	(No symbol) [0x00007FF6237E115F]
	(No symbol) [0x00007FF6237E22B1]
	GetHandleVerifier [0x00007FF623C9BE3D+3380653]
	GetHandleVerifier [0x00007FF623CE7943+3690675]
	GetHandleVerifier [0x00007FF623CDC83B+3645355]
	GetHandleVerifier [0x00007FF623A28DD6+812358]
	(No symbol) [0x00007FF6238EAA4F]
	(No symbol) [0x00007FF6238E6A64]
	(No symbol) [0x00007FF6238E6C00]
	(No symbol) [0x00007FF6238D5B3F]
	BaseThreadInitThunk [0x00007FFFCBDEE8D7+23]
	RtlUserThreadStart [0x00007FFFCC57FBCC+44]

2024-12-06 20:25:22,578 - ERROR - Critic reviews count not found for https://www.imdb.com/title/tt27726037/?ref_=sr_t_4: Message: no such element: Unable to locate element: {"method":"css selector","selector":"a.ipc-link--baseAlt[href*="/externalreviews/"] span.score"}
  (Session info: chrome=129.0.6668.42); For documentation on this error, please visit: https://www.selenium.dev/documentation/webdriver/troubleshooting/errors#no-such-element-exception
Stacktrace:
	GetHandleVerifier [0x00007FF623969C05+29557]
	(No symbol) [0x00007FF6238DF930]
	(No symbol) [0x00007FF62379B54A]
	(No symbol) [0x00007FF6237EF6A5]
	(No symbol) [0x00007FF6237EF8FC]
	(No symbol) [0x00007FF62383B797]
	(No symbol) [0x00007FF6238171DF]
	(No symbol) [0x00007FF62383853C]
	(No symbol) [0x00007FF623816F43]
	(No symbol) [0x00007FF6237E115F]
	(No symbol) [0x00007FF6237E22B1]
	GetHandleVerifier [0x00007FF623C9BE3D+3380653]
	GetHandleVerifier [0x00007FF623CE7943+3690675]
	GetHandleVerifier [0x00007FF623CDC83B+3645355]
	GetHandleVerifier [0x00007FF623A28DD6+812358]
	(No symbol) [0x00007FF6238EAA4F]
	(No symbol) [0x00007FF6238E6A64]
	(No symbol) [0x00007FF6238E6C00]
	(No symbol) [0x00007FF6238D5B3F]
	BaseThreadInitThunk [0x00007FFFCBDEE8D7+23]
	RtlUserThreadStart [0x00007FFFCC57FBCC+44]

2024-12-06 20:25:22,609 - ERROR - Failed to fetch box office data for https://www.imdb.com/title/tt27726037/?ref_=sr_t_4: Message: no such element: Unable to locate element: {"method":"css selector","selector":"section[data-testid="BoxOffice"]"}
  (Session info: chrome=129.0.6668.42); For documentation on this error, please visit: https://www.selenium.dev/documentation/webdriver/troubleshooting/errors#no-such-element-exception
Stacktrace:
	GetHandleVerifier [0x00007FF623969C05+29557]
	(No symbol) [0x00007FF6238DF930]
	(No symbol) [0x00007FF62379B54A]
	(No symbol) [0x00007FF6237EF6A5]
	(No symbol) [0x00007FF6237EF8FC]
	(No symbol) [0x00007FF62383B797]
	(No symbol) [0x00007FF6238171DF]
	(No symbol) [0x00007FF62383853C]
	(No symbol) [0x00007FF623816F43]
	(No symbol) [0x00007FF6237E115F]
	(No symbol) [0x00007FF6237E22B1]
	GetHandleVerifier [0x00007FF623C9BE3D+3380653]
	GetHandleVerifier [0x00007FF623CE7943+3690675]
	GetHandleVerifier [0x00007FF623CDC83B+3645355]
	GetHandleVerifier [0x00007FF623A28DD6+812358]
	(No symbol) [0x00007FF6238EAA4F]
	(No symbol) [0x00007FF6238E6A64]
	(No symbol) [0x00007FF6238E6C00]
	(No symbol) [0x00007FF6238D5B3F]
	BaseThreadInitThunk [0x00007FFFCBDEE8D7+23]
	RtlUserThreadStart [0x00007FFFCC57FBCC+44]

2024-12-06 20:25:22,627 - ERROR - Failed to fetch user reviews link for https://www.imdb.com/title/tt27726037/?ref_=sr_t_4: Message: no such element: Unable to locate element: {"method":"css selector","selector":"a.isReview[href*="/reviews/"]"}
  (Session info: chrome=129.0.6668.42); For documentation on this error, please visit: https://www.selenium.dev/documentation/webdriver/troubleshooting/errors#no-such-element-exception
Stacktrace:
	GetHandleVerifier [0x00007FF623969C05+29557]
	(No symbol) [0x00007FF6238DF930]
	(No symbol) [0x00007FF62379B54A]
	(No symbol) [0x00007FF6237EF6A5]
	(No symbol) [0x00007FF6237EF8FC]
	(No symbol) [0x00007FF62383B797]
	(No symbol) [0x00007FF6238171DF]
	(No symbol) [0x00007FF62383853C]
	(No symbol) [0x00007FF623816F43]
	(No symbol) [0x00007FF6237E115F]
	(No symbol) [0x00007FF6237E22B1]
	GetHandleVerifier [0x00007FF623C9BE3D+3380653]
	GetHandleVerifier [0x00007FF623CE7943+3690675]
	GetHandleVerifier [0x00007FF623CDC83B+3645355]
	GetHandleVerifier [0x00007FF623A28DD6+812358]
	(No symbol) [0x00007FF6238EAA4F]
	(No symbol) [0x00007FF6238E6A64]
	(No symbol) [0x00007FF6238E6C00]
	(No symbol) [0x00007FF6238D5B3F]
	BaseThreadInitThunk [0x00007FFFCBDEE8D7+23]
	RtlUserThreadStart [0x00007FFFCC57FBCC+44]

2024-12-06 20:25:22,646 - ERROR - Failed to fetch critic reviews link for https://www.imdb.com/title/tt27726037/?ref_=sr_t_4: Message: no such element: Unable to locate element: {"method":"css selector","selector":"a.isReview[href*="/criticreviews/"]"}
  (Session info: chrome=129.0.6668.42); For documentation on this error, please visit: https://www.selenium.dev/documentation/webdriver/troubleshooting/errors#no-such-element-exception
Stacktrace:
	GetHandleVerifier [0x00007FF623969C05+29557]
	(No symbol) [0x00007FF6238DF930]
	(No symbol) [0x00007FF62379B54A]
	(No symbol) [0x00007FF6237EF6A5]
	(No symbol) [0x00007FF6237EF8FC]
	(No symbol) [0x00007FF62383B797]
	(No symbol) [0x00007FF6238171DF]
	(No symbol) [0x00007FF62383853C]
	(No symbol) [0x00007FF623816F43]
	(No symbol) [0x00007FF6237E115F]
	(No symbol) [0x00007FF6237E22B1]
	GetHandleVerifier [0x00007FF623C9BE3D+3380653]
	GetHandleVerifier [0x00007FF623CE7943+3690675]
	GetHandleVerifier [0x00007FF623CDC83B+3645355]
	GetHandleVerifier [0x00007FF623A28DD6+812358]
	(No symbol) [0x00007FF6238EAA4F]
	(No symbol) [0x00007FF6238E6A64]
	(No symbol) [0x00007FF6238E6C00]
	(No symbol) [0x00007FF6238D5B3F]
	BaseThreadInitThunk [0x00007FFFCBDEE8D7+23]
	RtlUserThreadStart [0x00007FFFCC57FBCC+44]

2024-12-06 20:25:28,191 - ERROR - Year not found for https://www.imdb.com/title/tt13009044/?ref_=sr_t_5: Message: no such element: Unable to locate element: {"method":"xpath","selector":"(//a[@class="ipc-link ipc-link--baseAlt ipc-link--inherit-color"])[6]"}
  (Session info: chrome=129.0.6668.42); For documentation on this error, please visit: https://www.selenium.dev/documentation/webdriver/troubleshooting/errors#no-such-element-exception
Stacktrace:
	GetHandleVerifier [0x00007FF623969C05+29557]
	(No symbol) [0x00007FF6238DF930]
	(No symbol) [0x00007FF62379B54A]
	(No symbol) [0x00007FF6237EF6A5]
	(No symbol) [0x00007FF6237EF8FC]
	(No symbol) [0x00007FF62383B797]
	(No symbol) [0x00007FF6238171DF]
	(No symbol) [0x00007FF62383853C]
	(No symbol) [0x00007FF623816F43]
	(No symbol) [0x00007FF6237E115F]
	(No symbol) [0x00007FF6237E22B1]
	GetHandleVerifier [0x00007FF623C9BE3D+3380653]
	GetHandleVerifier [0x00007FF623CE7943+3690675]
	GetHandleVerifier [0x00007FF623CDC83B+3645355]
	GetHandleVerifier [0x00007FF623A28DD6+812358]
	(No symbol) [0x00007FF6238EAA4F]
	(No symbol) [0x00007FF6238E6A64]
	(No symbol) [0x00007FF6238E6C00]
	(No symbol) [0x00007FF6238D5B3F]
	BaseThreadInitThunk [0x00007FFFCBDEE8D7+23]
	RtlUserThreadStart [0x00007FFFCC57FBCC+44]

2024-12-06 20:25:28,549 - ERROR - Metascore not found for https://www.imdb.com/title/tt13009044/?ref_=sr_t_5: Message: no such element: Unable to locate element: {"method":"css selector","selector":"span.sc-b0901df4-0"}
  (Session info: chrome=129.0.6668.42); For documentation on this error, please visit: https://www.selenium.dev/documentation/webdriver/troubleshooting/errors#no-such-element-exception
Stacktrace:
	GetHandleVerifier [0x00007FF623969C05+29557]
	(No symbol) [0x00007FF6238DF930]
	(No symbol) [0x00007FF62379B54A]
	(No symbol) [0x00007FF6237EF6A5]
	(No symbol) [0x00007FF6237EF8FC]
	(No symbol) [0x00007FF62383B797]
	(No symbol) [0x00007FF6238171DF]
	(No symbol) [0x00007FF62383853C]
	(No symbol) [0x00007FF623816F43]
	(No symbol) [0x00007FF6237E115F]
	(No symbol) [0x00007FF6237E22B1]
	GetHandleVerifier [0x00007FF623C9BE3D+3380653]
	GetHandleVerifier [0x00007FF623CE7943+3690675]
	GetHandleVerifier [0x00007FF623CDC83B+3645355]
	GetHandleVerifier [0x00007FF623A28DD6+812358]
	(No symbol) [0x00007FF6238EAA4F]
	(No symbol) [0x00007FF6238E6A64]
	(No symbol) [0x00007FF6238E6C00]
	(No symbol) [0x00007FF6238D5B3F]
	BaseThreadInitThunk [0x00007FFFCBDEE8D7+23]
	RtlUserThreadStart [0x00007FFFCC57FBCC+44]

2024-12-06 20:25:28,659 - ERROR - Critic reviews count not found for https://www.imdb.com/title/tt13009044/?ref_=sr_t_5: Message: no such element: Unable to locate element: {"method":"css selector","selector":"a.ipc-link--baseAlt[href*="/externalreviews/"] span.score"}
  (Session info: chrome=129.0.6668.42); For documentation on this error, please visit: https://www.selenium.dev/documentation/webdriver/troubleshooting/errors#no-such-element-exception
Stacktrace:
	GetHandleVerifier [0x00007FF623969C05+29557]
	(No symbol) [0x00007FF6238DF930]
	(No symbol) [0x00007FF62379B54A]
	(No symbol) [0x00007FF6237EF6A5]
	(No symbol) [0x00007FF6237EF8FC]
	(No symbol) [0x00007FF62383B797]
	(No symbol) [0x00007FF6238171DF]
	(No symbol) [0x00007FF62383853C]
	(No symbol) [0x00007FF623816F43]
	(No symbol) [0x00007FF6237E115F]
	(No symbol) [0x00007FF6237E22B1]
	GetHandleVerifier [0x00007FF623C9BE3D+3380653]
	GetHandleVerifier [0x00007FF623CE7943+3690675]
	GetHandleVerifier [0x00007FF623CDC83B+3645355]
	GetHandleVerifier [0x00007FF623A28DD6+812358]
	(No symbol) [0x00007FF6238EAA4F]
	(No symbol) [0x00007FF6238E6A64]
	(No symbol) [0x00007FF6238E6C00]
	(No symbol) [0x00007FF6238D5B3F]
	BaseThreadInitThunk [0x00007FFFCBDEE8D7+23]
	RtlUserThreadStart [0x00007FFFCC57FBCC+44]

2024-12-06 20:25:28,770 - ERROR - Failed to fetch critic reviews link for https://www.imdb.com/title/tt13009044/?ref_=sr_t_5: Message: no such element: Unable to locate element: {"method":"css selector","selector":"a.isReview[href*="/criticreviews/"]"}
  (Session info: chrome=129.0.6668.42); For documentation on this error, please visit: https://www.selenium.dev/documentation/webdriver/troubleshooting/errors#no-such-element-exception
Stacktrace:
	GetHandleVerifier [0x00007FF623969C05+29557]
	(No symbol) [0x00007FF6238DF930]
	(No symbol) [0x00007FF62379B54A]
	(No symbol) [0x00007FF6237EF6A5]
	(No symbol) [0x00007FF6237EF8FC]
	(No symbol) [0x00007FF62383B797]
	(No symbol) [0x00007FF6238171DF]
	(No symbol) [0x00007FF62383853C]
	(No symbol) [0x00007FF623816F43]
	(No symbol) [0x00007FF6237E115F]
	(No symbol) [0x00007FF6237E22B1]
	GetHandleVerifier [0x00007FF623C9BE3D+3380653]
	GetHandleVerifier [0x00007FF623CE7943+3690675]
	GetHandleVerifier [0x00007FF623CDC83B+3645355]
	GetHandleVerifier [0x00007FF623A28DD6+812358]
	(No symbol) [0x00007FF6238EAA4F]
	(No symbol) [0x00007FF6238E6A64]
	(No symbol) [0x00007FF6238E6C00]
	(No symbol) [0x00007FF6238D5B3F]
	BaseThreadInitThunk [0x00007FFFCBDEE8D7+23]
	RtlUserThreadStart [0x00007FFFCC57FBCC+44]

2024-12-06 20:25:51,887 - ERROR - Failed to fetch user reviews for https://www.imdb.com/title/tt13009044/reviews/?ref_=tt_ov_urv: Message: 

2024-12-06 20:25:57,609 - ERROR - Year not found for https://www.imdb.com/title/tt29220279/?ref_=sr_t_6: Message: no such element: Unable to locate element: {"method":"xpath","selector":"(//a[@class="ipc-link ipc-link--baseAlt ipc-link--inherit-color"])[6]"}
  (Session info: chrome=129.0.6668.42); For documentation on this error, please visit: https://www.selenium.dev/documentation/webdriver/troubleshooting/errors#no-such-element-exception
Stacktrace:
	GetHandleVerifier [0x00007FF623969C05+29557]
	(No symbol) [0x00007FF6238DF930]
	(No symbol) [0x00007FF62379B54A]
	(No symbol) [0x00007FF6237EF6A5]
	(No symbol) [0x00007FF6237EF8FC]
	(No symbol) [0x00007FF62383B797]
	(No symbol) [0x00007FF6238171DF]
	(No symbol) [0x00007FF62383853C]
	(No symbol) [0x00007FF623816F43]
	(No symbol) [0x00007FF6237E115F]
	(No symbol) [0x00007FF6237E22B1]
	GetHandleVerifier [0x00007FF623C9BE3D+3380653]
	GetHandleVerifier [0x00007FF623CE7943+3690675]
	GetHandleVerifier [0x00007FF623CDC83B+3645355]
	GetHandleVerifier [0x00007FF623A28DD6+812358]
	(No symbol) [0x00007FF6238EAA4F]
	(No symbol) [0x00007FF6238E6A64]
	(No symbol) [0x00007FF6238E6C00]
	(No symbol) [0x00007FF6238D5B3F]
	BaseThreadInitThunk [0x00007FFFCBDEE8D7+23]
	RtlUserThreadStart [0x00007FFFCC57FBCC+44]

2024-12-06 20:25:57,761 - ERROR - Metascore not found for https://www.imdb.com/title/tt29220279/?ref_=sr_t_6: Message: no such element: Unable to locate element: {"method":"css selector","selector":"span.sc-b0901df4-0"}
  (Session info: chrome=129.0.6668.42); For documentation on this error, please visit: https://www.selenium.dev/documentation/webdriver/troubleshooting/errors#no-such-element-exception
Stacktrace:
	GetHandleVerifier [0x00007FF623969C05+29557]
	(No symbol) [0x00007FF6238DF930]
	(No symbol) [0x00007FF62379B54A]
	(No symbol) [0x00007FF6237EF6A5]
	(No symbol) [0x00007FF6237EF8FC]
	(No symbol) [0x00007FF62383B797]
	(No symbol) [0x00007FF6238171DF]
	(No symbol) [0x00007FF62383853C]
	(No symbol) [0x00007FF623816F43]
	(No symbol) [0x00007FF6237E115F]
	(No symbol) [0x00007FF6237E22B1]
	GetHandleVerifier [0x00007FF623C9BE3D+3380653]
	GetHandleVerifier [0x00007FF623CE7943+3690675]
	GetHandleVerifier [0x00007FF623CDC83B+3645355]
	GetHandleVerifier [0x00007FF623A28DD6+812358]
	(No symbol) [0x00007FF6238EAA4F]
	(No symbol) [0x00007FF6238E6A64]
	(No symbol) [0x00007FF6238E6C00]
	(No symbol) [0x00007FF6238D5B3F]
	BaseThreadInitThunk [0x00007FFFCBDEE8D7+23]
	RtlUserThreadStart [0x00007FFFCC57FBCC+44]

2024-12-06 20:25:57,824 - ERROR - Critic reviews count not found for https://www.imdb.com/title/tt29220279/?ref_=sr_t_6: Message: no such element: Unable to locate element: {"method":"css selector","selector":"a.ipc-link--baseAlt[href*="/externalreviews/"] span.score"}
  (Session info: chrome=129.0.6668.42); For documentation on this error, please visit: https://www.selenium.dev/documentation/webdriver/troubleshooting/errors#no-such-element-exception
Stacktrace:
	GetHandleVerifier [0x00007FF623969C05+29557]
	(No symbol) [0x00007FF6238DF930]
	(No symbol) [0x00007FF62379B54A]
	(No symbol) [0x00007FF6237EF6A5]
	(No symbol) [0x00007FF6237EF8FC]
	(No symbol) [0x00007FF62383B797]
	(No symbol) [0x00007FF6238171DF]
	(No symbol) [0x00007FF62383853C]
	(No symbol) [0x00007FF623816F43]
	(No symbol) [0x00007FF6237E115F]
	(No symbol) [0x00007FF6237E22B1]
	GetHandleVerifier [0x00007FF623C9BE3D+3380653]
	GetHandleVerifier [0x00007FF623CE7943+3690675]
	GetHandleVerifier [0x00007FF623CDC83B+3645355]
	GetHandleVerifier [0x00007FF623A28DD6+812358]
	(No symbol) [0x00007FF6238EAA4F]
	(No symbol) [0x00007FF6238E6A64]
	(No symbol) [0x00007FF6238E6C00]
	(No symbol) [0x00007FF6238D5B3F]
	BaseThreadInitThunk [0x00007FFFCBDEE8D7+23]
	RtlUserThreadStart [0x00007FFFCC57FBCC+44]

2024-12-06 20:25:57,892 - ERROR - Failed to fetch critic reviews link for https://www.imdb.com/title/tt29220279/?ref_=sr_t_6: Message: no such element: Unable to locate element: {"method":"css selector","selector":"a.isReview[href*="/criticreviews/"]"}
  (Session info: chrome=129.0.6668.42); For documentation on this error, please visit: https://www.selenium.dev/documentation/webdriver/troubleshooting/errors#no-such-element-exception
Stacktrace:
	GetHandleVerifier [0x00007FF623969C05+29557]
	(No symbol) [0x00007FF6238DF930]
	(No symbol) [0x00007FF62379B54A]
	(No symbol) [0x00007FF6237EF6A5]
	(No symbol) [0x00007FF6237EF8FC]
	(No symbol) [0x00007FF62383B797]
	(No symbol) [0x00007FF6238171DF]
	(No symbol) [0x00007FF62383853C]
	(No symbol) [0x00007FF623816F43]
	(No symbol) [0x00007FF6237E115F]
	(No symbol) [0x00007FF6237E22B1]
	GetHandleVerifier [0x00007FF623C9BE3D+3380653]
	GetHandleVerifier [0x00007FF623CE7943+3690675]
	GetHandleVerifier [0x00007FF623CDC83B+3645355]
	GetHandleVerifier [0x00007FF623A28DD6+812358]
	(No symbol) [0x00007FF6238EAA4F]
	(No symbol) [0x00007FF6238E6A64]
	(No symbol) [0x00007FF6238E6C00]
	(No symbol) [0x00007FF6238D5B3F]
	BaseThreadInitThunk [0x00007FFFCBDEE8D7+23]
	RtlUserThreadStart [0x00007FFFCC57FBCC+44]

2024-12-06 20:26:19,692 - ERROR - Failed to fetch user reviews for https://www.imdb.com/title/tt29220279/reviews/?ref_=tt_ov_urv: Message: 

2024-12-06 20:26:25,891 - ERROR - Year not found for https://www.imdb.com/title/tt15352048/?ref_=sr_t_7: Message: no such element: Unable to locate element: {"method":"xpath","selector":"(//a[@class="ipc-link ipc-link--baseAlt ipc-link--inherit-color"])[6]"}
  (Session info: chrome=129.0.6668.42); For documentation on this error, please visit: https://www.selenium.dev/documentation/webdriver/troubleshooting/errors#no-such-element-exception
Stacktrace:
	GetHandleVerifier [0x00007FF623969C05+29557]
	(No symbol) [0x00007FF6238DF930]
	(No symbol) [0x00007FF62379B54A]
	(No symbol) [0x00007FF6237EF6A5]
	(No symbol) [0x00007FF6237EF8FC]
	(No symbol) [0x00007FF62383B797]
	(No symbol) [0x00007FF6238171DF]
	(No symbol) [0x00007FF62383853C]
	(No symbol) [0x00007FF623816F43]
	(No symbol) [0x00007FF6237E115F]
	(No symbol) [0x00007FF6237E22B1]
	GetHandleVerifier [0x00007FF623C9BE3D+3380653]
	GetHandleVerifier [0x00007FF623CE7943+3690675]
	GetHandleVerifier [0x00007FF623CDC83B+3645355]
	GetHandleVerifier [0x00007FF623A28DD6+812358]
	(No symbol) [0x00007FF6238EAA4F]
	(No symbol) [0x00007FF6238E6A64]
	(No symbol) [0x00007FF6238E6C00]
	(No symbol) [0x00007FF6238D5B3F]
	BaseThreadInitThunk [0x00007FFFCBDEE8D7+23]
	RtlUserThreadStart [0x00007FFFCC57FBCC+44]

2024-12-06 20:26:26,271 - ERROR - Metascore not found for https://www.imdb.com/title/tt15352048/?ref_=sr_t_7: Message: no such element: Unable to locate element: {"method":"css selector","selector":"span.sc-b0901df4-0"}
  (Session info: chrome=129.0.6668.42); For documentation on this error, please visit: https://www.selenium.dev/documentation/webdriver/troubleshooting/errors#no-such-element-exception
Stacktrace:
	GetHandleVerifier [0x00007FF623969C05+29557]
	(No symbol) [0x00007FF6238DF930]
	(No symbol) [0x00007FF62379B54A]
	(No symbol) [0x00007FF6237EF6A5]
	(No symbol) [0x00007FF6237EF8FC]
	(No symbol) [0x00007FF62383B797]
	(No symbol) [0x00007FF6238171DF]
	(No symbol) [0x00007FF62383853C]
	(No symbol) [0x00007FF623816F43]
	(No symbol) [0x00007FF6237E115F]
	(No symbol) [0x00007FF6237E22B1]
	GetHandleVerifier [0x00007FF623C9BE3D+3380653]
	GetHandleVerifier [0x00007FF623CE7943+3690675]
	GetHandleVerifier [0x00007FF623CDC83B+3645355]
	GetHandleVerifier [0x00007FF623A28DD6+812358]
	(No symbol) [0x00007FF6238EAA4F]
	(No symbol) [0x00007FF6238E6A64]
	(No symbol) [0x00007FF6238E6C00]
	(No symbol) [0x00007FF6238D5B3F]
	BaseThreadInitThunk [0x00007FFFCBDEE8D7+23]
	RtlUserThreadStart [0x00007FFFCC57FBCC+44]

2024-12-06 20:26:26,423 - ERROR - Failed to fetch critic reviews link for https://www.imdb.com/title/tt15352048/?ref_=sr_t_7: Message: no such element: Unable to locate element: {"method":"css selector","selector":"a.isReview[href*="/criticreviews/"]"}
  (Session info: chrome=129.0.6668.42); For documentation on this error, please visit: https://www.selenium.dev/documentation/webdriver/troubleshooting/errors#no-such-element-exception
Stacktrace:
	GetHandleVerifier [0x00007FF623969C05+29557]
	(No symbol) [0x00007FF6238DF930]
	(No symbol) [0x00007FF62379B54A]
	(No symbol) [0x00007FF6237EF6A5]
	(No symbol) [0x00007FF6237EF8FC]
	(No symbol) [0x00007FF62383B797]
	(No symbol) [0x00007FF6238171DF]
	(No symbol) [0x00007FF62383853C]
	(No symbol) [0x00007FF623816F43]
	(No symbol) [0x00007FF6237E115F]
	(No symbol) [0x00007FF6237E22B1]
	GetHandleVerifier [0x00007FF623C9BE3D+3380653]
	GetHandleVerifier [0x00007FF623CE7943+3690675]
	GetHandleVerifier [0x00007FF623CDC83B+3645355]
	GetHandleVerifier [0x00007FF623A28DD6+812358]
	(No symbol) [0x00007FF6238EAA4F]
	(No symbol) [0x00007FF6238E6A64]
	(No symbol) [0x00007FF6238E6C00]
	(No symbol) [0x00007FF6238D5B3F]
	BaseThreadInitThunk [0x00007FFFCBDEE8D7+23]
	RtlUserThreadStart [0x00007FFFCC57FBCC+44]

2024-12-06 20:26:47,848 - ERROR - Failed to fetch user reviews for https://www.imdb.com/title/tt15352048/reviews/?ref_=tt_ov_urv: Message: 

2024-12-06 20:26:53,053 - ERROR - Year not found for https://www.imdb.com/title/tt30761716/?ref_=sr_t_8: Message: no such element: Unable to locate element: {"method":"xpath","selector":"(//a[@class="ipc-link ipc-link--baseAlt ipc-link--inherit-color"])[6]"}
  (Session info: chrome=129.0.6668.42); For documentation on this error, please visit: https://www.selenium.dev/documentation/webdriver/troubleshooting/errors#no-such-element-exception
Stacktrace:
	GetHandleVerifier [0x00007FF623969C05+29557]
	(No symbol) [0x00007FF6238DF930]
	(No symbol) [0x00007FF62379B54A]
	(No symbol) [0x00007FF6237EF6A5]
	(No symbol) [0x00007FF6237EF8FC]
	(No symbol) [0x00007FF62383B797]
	(No symbol) [0x00007FF6238171DF]
	(No symbol) [0x00007FF62383853C]
	(No symbol) [0x00007FF623816F43]
	(No symbol) [0x00007FF6237E115F]
	(No symbol) [0x00007FF6237E22B1]
	GetHandleVerifier [0x00007FF623C9BE3D+3380653]
	GetHandleVerifier [0x00007FF623CE7943+3690675]
	GetHandleVerifier [0x00007FF623CDC83B+3645355]
	GetHandleVerifier [0x00007FF623A28DD6+812358]
	(No symbol) [0x00007FF6238EAA4F]
	(No symbol) [0x00007FF6238E6A64]
	(No symbol) [0x00007FF6238E6C00]
	(No symbol) [0x00007FF6238D5B3F]
	BaseThreadInitThunk [0x00007FFFCBDEE8D7+23]
	RtlUserThreadStart [0x00007FFFCC57FBCC+44]

2024-12-06 20:26:53,305 - ERROR - Metascore not found for https://www.imdb.com/title/tt30761716/?ref_=sr_t_8: Message: no such element: Unable to locate element: {"method":"css selector","selector":"span.sc-b0901df4-0"}
  (Session info: chrome=129.0.6668.42); For documentation on this error, please visit: https://www.selenium.dev/documentation/webdriver/troubleshooting/errors#no-such-element-exception
Stacktrace:
	GetHandleVerifier [0x00007FF623969C05+29557]
	(No symbol) [0x00007FF6238DF930]
	(No symbol) [0x00007FF62379B54A]
	(No symbol) [0x00007FF6237EF6A5]
	(No symbol) [0x00007FF6237EF8FC]
	(No symbol) [0x00007FF62383B797]
	(No symbol) [0x00007FF6238171DF]
	(No symbol) [0x00007FF62383853C]
	(No symbol) [0x00007FF623816F43]
	(No symbol) [0x00007FF6237E115F]
	(No symbol) [0x00007FF6237E22B1]
	GetHandleVerifier [0x00007FF623C9BE3D+3380653]
	GetHandleVerifier [0x00007FF623CE7943+3690675]
	GetHandleVerifier [0x00007FF623CDC83B+3645355]
	GetHandleVerifier [0x00007FF623A28DD6+812358]
	(No symbol) [0x00007FF6238EAA4F]
	(No symbol) [0x00007FF6238E6A64]
	(No symbol) [0x00007FF6238E6C00]
	(No symbol) [0x00007FF6238D5B3F]
	BaseThreadInitThunk [0x00007FFFCBDEE8D7+23]
	RtlUserThreadStart [0x00007FFFCC57FBCC+44]

2024-12-06 20:26:53,371 - ERROR - User reviews count not found for https://www.imdb.com/title/tt30761716/?ref_=sr_t_8: Message: no such element: Unable to locate element: {"method":"css selector","selector":"a.ipc-link--baseAlt[href*="/reviews/"] span.score"}
  (Session info: chrome=129.0.6668.42); For documentation on this error, please visit: https://www.selenium.dev/documentation/webdriver/troubleshooting/errors#no-such-element-exception
Stacktrace:
	GetHandleVerifier [0x00007FF623969C05+29557]
	(No symbol) [0x00007FF6238DF930]
	(No symbol) [0x00007FF62379B54A]
	(No symbol) [0x00007FF6237EF6A5]
	(No symbol) [0x00007FF6237EF8FC]
	(No symbol) [0x00007FF62383B797]
	(No symbol) [0x00007FF6238171DF]
	(No symbol) [0x00007FF62383853C]
	(No symbol) [0x00007FF623816F43]
	(No symbol) [0x00007FF6237E115F]
	(No symbol) [0x00007FF6237E22B1]
	GetHandleVerifier [0x00007FF623C9BE3D+3380653]
	GetHandleVerifier [0x00007FF623CE7943+3690675]
	GetHandleVerifier [0x00007FF623CDC83B+3645355]
	GetHandleVerifier [0x00007FF623A28DD6+812358]
	(No symbol) [0x00007FF6238EAA4F]
	(No symbol) [0x00007FF6238E6A64]
	(No symbol) [0x00007FF6238E6C00]
	(No symbol) [0x00007FF6238D5B3F]
	BaseThreadInitThunk [0x00007FFFCBDEE8D7+23]
	RtlUserThreadStart [0x00007FFFCC57FBCC+44]

2024-12-06 20:26:53,420 - ERROR - Critic reviews count not found for https://www.imdb.com/title/tt30761716/?ref_=sr_t_8: Message: no such element: Unable to locate element: {"method":"css selector","selector":"a.ipc-link--baseAlt[href*="/externalreviews/"] span.score"}
  (Session info: chrome=129.0.6668.42); For documentation on this error, please visit: https://www.selenium.dev/documentation/webdriver/troubleshooting/errors#no-such-element-exception
Stacktrace:
	GetHandleVerifier [0x00007FF623969C05+29557]
	(No symbol) [0x00007FF6238DF930]
	(No symbol) [0x00007FF62379B54A]
	(No symbol) [0x00007FF6237EF6A5]
	(No symbol) [0x00007FF6237EF8FC]
	(No symbol) [0x00007FF62383B797]
	(No symbol) [0x00007FF6238171DF]
	(No symbol) [0x00007FF62383853C]
	(No symbol) [0x00007FF623816F43]
	(No symbol) [0x00007FF6237E115F]
	(No symbol) [0x00007FF6237E22B1]
	GetHandleVerifier [0x00007FF623C9BE3D+3380653]
	GetHandleVerifier [0x00007FF623CE7943+3690675]
	GetHandleVerifier [0x00007FF623CDC83B+3645355]
	GetHandleVerifier [0x00007FF623A28DD6+812358]
	(No symbol) [0x00007FF6238EAA4F]
	(No symbol) [0x00007FF6238E6A64]
	(No symbol) [0x00007FF6238E6C00]
	(No symbol) [0x00007FF6238D5B3F]
	BaseThreadInitThunk [0x00007FFFCBDEE8D7+23]
	RtlUserThreadStart [0x00007FFFCC57FBCC+44]

2024-12-06 20:26:53,485 - ERROR - Failed to fetch user reviews link for https://www.imdb.com/title/tt30761716/?ref_=sr_t_8: Message: no such element: Unable to locate element: {"method":"css selector","selector":"a.isReview[href*="/reviews/"]"}
  (Session info: chrome=129.0.6668.42); For documentation on this error, please visit: https://www.selenium.dev/documentation/webdriver/troubleshooting/errors#no-such-element-exception
Stacktrace:
	GetHandleVerifier [0x00007FF623969C05+29557]
	(No symbol) [0x00007FF6238DF930]
	(No symbol) [0x00007FF62379B54A]
	(No symbol) [0x00007FF6237EF6A5]
	(No symbol) [0x00007FF6237EF8FC]
	(No symbol) [0x00007FF62383B797]
	(No symbol) [0x00007FF6238171DF]
	(No symbol) [0x00007FF62383853C]
	(No symbol) [0x00007FF623816F43]
	(No symbol) [0x00007FF6237E115F]
	(No symbol) [0x00007FF6237E22B1]
	GetHandleVerifier [0x00007FF623C9BE3D+3380653]
	GetHandleVerifier [0x00007FF623CE7943+3690675]
	GetHandleVerifier [0x00007FF623CDC83B+3645355]
	GetHandleVerifier [0x00007FF623A28DD6+812358]
	(No symbol) [0x00007FF6238EAA4F]
	(No symbol) [0x00007FF6238E6A64]
	(No symbol) [0x00007FF6238E6C00]
	(No symbol) [0x00007FF6238D5B3F]
	BaseThreadInitThunk [0x00007FFFCBDEE8D7+23]
	RtlUserThreadStart [0x00007FFFCC57FBCC+44]

2024-12-06 20:26:53,492 - ERROR - Failed to fetch critic reviews link for https://www.imdb.com/title/tt30761716/?ref_=sr_t_8: Message: no such element: Unable to locate element: {"method":"css selector","selector":"a.isReview[href*="/criticreviews/"]"}
  (Session info: chrome=129.0.6668.42); For documentation on this error, please visit: https://www.selenium.dev/documentation/webdriver/troubleshooting/errors#no-such-element-exception
Stacktrace:
	GetHandleVerifier [0x00007FF623969C05+29557]
	(No symbol) [0x00007FF6238DF930]
	(No symbol) [0x00007FF62379B54A]
	(No symbol) [0x00007FF6237EF6A5]
	(No symbol) [0x00007FF6237EF8FC]
	(No symbol) [0x00007FF62383B797]
	(No symbol) [0x00007FF6238171DF]
	(No symbol) [0x00007FF62383853C]
	(No symbol) [0x00007FF623816F43]
	(No symbol) [0x00007FF6237E115F]
	(No symbol) [0x00007FF6237E22B1]
	GetHandleVerifier [0x00007FF623C9BE3D+3380653]
	GetHandleVerifier [0x00007FF623CE7943+3690675]
	GetHandleVerifier [0x00007FF623CDC83B+3645355]
	GetHandleVerifier [0x00007FF623A28DD6+812358]
	(No symbol) [0x00007FF6238EAA4F]
	(No symbol) [0x00007FF6238E6A64]
	(No symbol) [0x00007FF6238E6C00]
	(No symbol) [0x00007FF6238D5B3F]
	BaseThreadInitThunk [0x00007FFFCBDEE8D7+23]
	RtlUserThreadStart [0x00007FFFCC57FBCC+44]

2024-12-06 20:26:58,637 - ERROR - Year not found for https://www.imdb.com/title/tt30320712/?ref_=sr_t_9: Message: no such element: Unable to locate element: {"method":"xpath","selector":"(//a[@class="ipc-link ipc-link--baseAlt ipc-link--inherit-color"])[6]"}
  (Session info: chrome=129.0.6668.42); For documentation on this error, please visit: https://www.selenium.dev/documentation/webdriver/troubleshooting/errors#no-such-element-exception
Stacktrace:
	GetHandleVerifier [0x00007FF623969C05+29557]
	(No symbol) [0x00007FF6238DF930]
	(No symbol) [0x00007FF62379B54A]
	(No symbol) [0x00007FF6237EF6A5]
	(No symbol) [0x00007FF6237EF8FC]
	(No symbol) [0x00007FF62383B797]
	(No symbol) [0x00007FF6238171DF]
	(No symbol) [0x00007FF62383853C]
	(No symbol) [0x00007FF623816F43]
	(No symbol) [0x00007FF6237E115F]
	(No symbol) [0x00007FF6237E22B1]
	GetHandleVerifier [0x00007FF623C9BE3D+3380653]
	GetHandleVerifier [0x00007FF623CE7943+3690675]
	GetHandleVerifier [0x00007FF623CDC83B+3645355]
	GetHandleVerifier [0x00007FF623A28DD6+812358]
	(No symbol) [0x00007FF6238EAA4F]
	(No symbol) [0x00007FF6238E6A64]
	(No symbol) [0x00007FF6238E6C00]
	(No symbol) [0x00007FF6238D5B3F]
	BaseThreadInitThunk [0x00007FFFCBDEE8D7+23]
	RtlUserThreadStart [0x00007FFFCC57FBCC+44]

2024-12-06 20:26:58,802 - ERROR - Metascore not found for https://www.imdb.com/title/tt30320712/?ref_=sr_t_9: Message: no such element: Unable to locate element: {"method":"css selector","selector":"span.sc-b0901df4-0"}
  (Session info: chrome=129.0.6668.42); For documentation on this error, please visit: https://www.selenium.dev/documentation/webdriver/troubleshooting/errors#no-such-element-exception
Stacktrace:
	GetHandleVerifier [0x00007FF623969C05+29557]
	(No symbol) [0x00007FF6238DF930]
	(No symbol) [0x00007FF62379B54A]
	(No symbol) [0x00007FF6237EF6A5]
	(No symbol) [0x00007FF6237EF8FC]
	(No symbol) [0x00007FF62383B797]
	(No symbol) [0x00007FF6238171DF]
	(No symbol) [0x00007FF62383853C]
	(No symbol) [0x00007FF623816F43]
	(No symbol) [0x00007FF6237E115F]
	(No symbol) [0x00007FF6237E22B1]
	GetHandleVerifier [0x00007FF623C9BE3D+3380653]
	GetHandleVerifier [0x00007FF623CE7943+3690675]
	GetHandleVerifier [0x00007FF623CDC83B+3645355]
	GetHandleVerifier [0x00007FF623A28DD6+812358]
	(No symbol) [0x00007FF6238EAA4F]
	(No symbol) [0x00007FF6238E6A64]
	(No symbol) [0x00007FF6238E6C00]
	(No symbol) [0x00007FF6238D5B3F]
	BaseThreadInitThunk [0x00007FFFCBDEE8D7+23]
	RtlUserThreadStart [0x00007FFFCC57FBCC+44]

2024-12-06 20:26:58,828 - ERROR - Runtime not found for https://www.imdb.com/title/tt30320712/?ref_=sr_t_9: Message: no such element: Unable to locate element: {"method":"css selector","selector":"li[data-testid="title-techspec_runtime"] .ipc-metadata-list-item__content-container"}
  (Session info: chrome=129.0.6668.42); For documentation on this error, please visit: https://www.selenium.dev/documentation/webdriver/troubleshooting/errors#no-such-element-exception
Stacktrace:
	GetHandleVerifier [0x00007FF623969C05+29557]
	(No symbol) [0x00007FF6238DF930]
	(No symbol) [0x00007FF62379B54A]
	(No symbol) [0x00007FF6237EF6A5]
	(No symbol) [0x00007FF6237EF8FC]
	(No symbol) [0x00007FF62383B797]
	(No symbol) [0x00007FF6238171DF]
	(No symbol) [0x00007FF62383853C]
	(No symbol) [0x00007FF623816F43]
	(No symbol) [0x00007FF6237E115F]
	(No symbol) [0x00007FF6237E22B1]
	GetHandleVerifier [0x00007FF623C9BE3D+3380653]
	GetHandleVerifier [0x00007FF623CE7943+3690675]
	GetHandleVerifier [0x00007FF623CDC83B+3645355]
	GetHandleVerifier [0x00007FF623A28DD6+812358]
	(No symbol) [0x00007FF6238EAA4F]
	(No symbol) [0x00007FF6238E6A64]
	(No symbol) [0x00007FF6238E6C00]
	(No symbol) [0x00007FF6238D5B3F]
	BaseThreadInitThunk [0x00007FFFCBDEE8D7+23]
	RtlUserThreadStart [0x00007FFFCC57FBCC+44]

2024-12-06 20:26:58,926 - ERROR - Critic reviews count not found for https://www.imdb.com/title/tt30320712/?ref_=sr_t_9: Message: no such element: Unable to locate element: {"method":"css selector","selector":"a.ipc-link--baseAlt[href*="/externalreviews/"] span.score"}
  (Session info: chrome=129.0.6668.42); For documentation on this error, please visit: https://www.selenium.dev/documentation/webdriver/troubleshooting/errors#no-such-element-exception
Stacktrace:
	GetHandleVerifier [0x00007FF623969C05+29557]
	(No symbol) [0x00007FF6238DF930]
	(No symbol) [0x00007FF62379B54A]
	(No symbol) [0x00007FF6237EF6A5]
	(No symbol) [0x00007FF6237EF8FC]
	(No symbol) [0x00007FF62383B797]
	(No symbol) [0x00007FF6238171DF]
	(No symbol) [0x00007FF62383853C]
	(No symbol) [0x00007FF623816F43]
	(No symbol) [0x00007FF6237E115F]
	(No symbol) [0x00007FF6237E22B1]
	GetHandleVerifier [0x00007FF623C9BE3D+3380653]
	GetHandleVerifier [0x00007FF623CE7943+3690675]
	GetHandleVerifier [0x00007FF623CDC83B+3645355]
	GetHandleVerifier [0x00007FF623A28DD6+812358]
	(No symbol) [0x00007FF6238EAA4F]
	(No symbol) [0x00007FF6238E6A64]
	(No symbol) [0x00007FF6238E6C00]
	(No symbol) [0x00007FF6238D5B3F]
	BaseThreadInitThunk [0x00007FFFCBDEE8D7+23]
	RtlUserThreadStart [0x00007FFFCC57FBCC+44]

2024-12-06 20:26:58,993 - ERROR - Failed to fetch critic reviews link for https://www.imdb.com/title/tt30320712/?ref_=sr_t_9: Message: no such element: Unable to locate element: {"method":"css selector","selector":"a.isReview[href*="/criticreviews/"]"}
  (Session info: chrome=129.0.6668.42); For documentation on this error, please visit: https://www.selenium.dev/documentation/webdriver/troubleshooting/errors#no-such-element-exception
Stacktrace:
	GetHandleVerifier [0x00007FF623969C05+29557]
	(No symbol) [0x00007FF6238DF930]
	(No symbol) [0x00007FF62379B54A]
	(No symbol) [0x00007FF6237EF6A5]
	(No symbol) [0x00007FF6237EF8FC]
	(No symbol) [0x00007FF62383B797]
	(No symbol) [0x00007FF6238171DF]
	(No symbol) [0x00007FF62383853C]
	(No symbol) [0x00007FF623816F43]
	(No symbol) [0x00007FF6237E115F]
	(No symbol) [0x00007FF6237E22B1]
	GetHandleVerifier [0x00007FF623C9BE3D+3380653]
	GetHandleVerifier [0x00007FF623CE7943+3690675]
	GetHandleVerifier [0x00007FF623CDC83B+3645355]
	GetHandleVerifier [0x00007FF623A28DD6+812358]
	(No symbol) [0x00007FF6238EAA4F]
	(No symbol) [0x00007FF6238E6A64]
	(No symbol) [0x00007FF6238E6C00]
	(No symbol) [0x00007FF6238D5B3F]
	BaseThreadInitThunk [0x00007FFFCBDEE8D7+23]
	RtlUserThreadStart [0x00007FFFCC57FBCC+44]

2024-12-06 20:27:20,992 - ERROR - Failed to fetch user reviews for https://www.imdb.com/title/tt30320712/reviews/?ref_=tt_ov_urv: Message: 

2024-12-06 20:27:29,259 - ERROR - Year not found for https://www.imdb.com/title/tt24444596/?ref_=sr_t_10: Message: no such element: Unable to locate element: {"method":"xpath","selector":"(//a[@class="ipc-link ipc-link--baseAlt ipc-link--inherit-color"])[6]"}
  (Session info: chrome=129.0.6668.42); For documentation on this error, please visit: https://www.selenium.dev/documentation/webdriver/troubleshooting/errors#no-such-element-exception
Stacktrace:
	GetHandleVerifier [0x00007FF623969C05+29557]
	(No symbol) [0x00007FF6238DF930]
	(No symbol) [0x00007FF62379B54A]
	(No symbol) [0x00007FF6237EF6A5]
	(No symbol) [0x00007FF6237EF8FC]
	(No symbol) [0x00007FF62383B797]
	(No symbol) [0x00007FF6238171DF]
	(No symbol) [0x00007FF62383853C]
	(No symbol) [0x00007FF623816F43]
	(No symbol) [0x00007FF6237E115F]
	(No symbol) [0x00007FF6237E22B1]
	GetHandleVerifier [0x00007FF623C9BE3D+3380653]
	GetHandleVerifier [0x00007FF623CE7943+3690675]
	GetHandleVerifier [0x00007FF623CDC83B+3645355]
	GetHandleVerifier [0x00007FF623A28DD6+812358]
	(No symbol) [0x00007FF6238EAA4F]
	(No symbol) [0x00007FF6238E6A64]
	(No symbol) [0x00007FF6238E6C00]
	(No symbol) [0x00007FF6238D5B3F]
	BaseThreadInitThunk [0x00007FFFCBDEE8D7+23]
	RtlUserThreadStart [0x00007FFFCC57FBCC+44]

2024-12-06 20:27:29,410 - ERROR - Metascore not found for https://www.imdb.com/title/tt24444596/?ref_=sr_t_10: Message: no such element: Unable to locate element: {"method":"css selector","selector":"span.sc-b0901df4-0"}
  (Session info: chrome=129.0.6668.42); For documentation on this error, please visit: https://www.selenium.dev/documentation/webdriver/troubleshooting/errors#no-such-element-exception
Stacktrace:
	GetHandleVerifier [0x00007FF623969C05+29557]
	(No symbol) [0x00007FF6238DF930]
	(No symbol) [0x00007FF62379B54A]
	(No symbol) [0x00007FF6237EF6A5]
	(No symbol) [0x00007FF6237EF8FC]
	(No symbol) [0x00007FF62383B797]
	(No symbol) [0x00007FF6238171DF]
	(No symbol) [0x00007FF62383853C]
	(No symbol) [0x00007FF623816F43]
	(No symbol) [0x00007FF6237E115F]
	(No symbol) [0x00007FF6237E22B1]
	GetHandleVerifier [0x00007FF623C9BE3D+3380653]
	GetHandleVerifier [0x00007FF623CE7943+3690675]
	GetHandleVerifier [0x00007FF623CDC83B+3645355]
	GetHandleVerifier [0x00007FF623A28DD6+812358]
	(No symbol) [0x00007FF6238EAA4F]
	(No symbol) [0x00007FF6238E6A64]
	(No symbol) [0x00007FF6238E6C00]
	(No symbol) [0x00007FF6238D5B3F]
	BaseThreadInitThunk [0x00007FFFCBDEE8D7+23]
	RtlUserThreadStart [0x00007FFFCC57FBCC+44]

2024-12-06 20:27:29,432 - ERROR - Runtime not found for https://www.imdb.com/title/tt24444596/?ref_=sr_t_10: Message: no such element: Unable to locate element: {"method":"css selector","selector":"li[data-testid="title-techspec_runtime"] .ipc-metadata-list-item__content-container"}
  (Session info: chrome=129.0.6668.42); For documentation on this error, please visit: https://www.selenium.dev/documentation/webdriver/troubleshooting/errors#no-such-element-exception
Stacktrace:
	GetHandleVerifier [0x00007FF623969C05+29557]
	(No symbol) [0x00007FF6238DF930]
	(No symbol) [0x00007FF62379B54A]
	(No symbol) [0x00007FF6237EF6A5]
	(No symbol) [0x00007FF6237EF8FC]
	(No symbol) [0x00007FF62383B797]
	(No symbol) [0x00007FF6238171DF]
	(No symbol) [0x00007FF62383853C]
	(No symbol) [0x00007FF623816F43]
	(No symbol) [0x00007FF6237E115F]
	(No symbol) [0x00007FF6237E22B1]
	GetHandleVerifier [0x00007FF623C9BE3D+3380653]
	GetHandleVerifier [0x00007FF623CE7943+3690675]
	GetHandleVerifier [0x00007FF623CDC83B+3645355]
	GetHandleVerifier [0x00007FF623A28DD6+812358]
	(No symbol) [0x00007FF6238EAA4F]
	(No symbol) [0x00007FF6238E6A64]
	(No symbol) [0x00007FF6238E6C00]
	(No symbol) [0x00007FF6238D5B3F]
	BaseThreadInitThunk [0x00007FFFCBDEE8D7+23]
	RtlUserThreadStart [0x00007FFFCC57FBCC+44]

2024-12-06 20:27:29,481 - ERROR - Critic reviews count not found for https://www.imdb.com/title/tt24444596/?ref_=sr_t_10: Message: no such element: Unable to locate element: {"method":"css selector","selector":"a.ipc-link--baseAlt[href*="/externalreviews/"] span.score"}
  (Session info: chrome=129.0.6668.42); For documentation on this error, please visit: https://www.selenium.dev/documentation/webdriver/troubleshooting/errors#no-such-element-exception
Stacktrace:
	GetHandleVerifier [0x00007FF623969C05+29557]
	(No symbol) [0x00007FF6238DF930]
	(No symbol) [0x00007FF62379B54A]
	(No symbol) [0x00007FF6237EF6A5]
	(No symbol) [0x00007FF6237EF8FC]
	(No symbol) [0x00007FF62383B797]
	(No symbol) [0x00007FF6238171DF]
	(No symbol) [0x00007FF62383853C]
	(No symbol) [0x00007FF623816F43]
	(No symbol) [0x00007FF6237E115F]
	(No symbol) [0x00007FF6237E22B1]
	GetHandleVerifier [0x00007FF623C9BE3D+3380653]
	GetHandleVerifier [0x00007FF623CE7943+3690675]
	GetHandleVerifier [0x00007FF623CDC83B+3645355]
	GetHandleVerifier [0x00007FF623A28DD6+812358]
	(No symbol) [0x00007FF6238EAA4F]
	(No symbol) [0x00007FF6238E6A64]
	(No symbol) [0x00007FF6238E6C00]
	(No symbol) [0x00007FF6238D5B3F]
	BaseThreadInitThunk [0x00007FFFCBDEE8D7+23]
	RtlUserThreadStart [0x00007FFFCC57FBCC+44]

2024-12-06 20:27:29,488 - ERROR - Failed to fetch box office data for https://www.imdb.com/title/tt24444596/?ref_=sr_t_10: Message: no such element: Unable to locate element: {"method":"css selector","selector":"section[data-testid="BoxOffice"]"}
  (Session info: chrome=129.0.6668.42); For documentation on this error, please visit: https://www.selenium.dev/documentation/webdriver/troubleshooting/errors#no-such-element-exception
Stacktrace:
	GetHandleVerifier [0x00007FF623969C05+29557]
	(No symbol) [0x00007FF6238DF930]
	(No symbol) [0x00007FF62379B54A]
	(No symbol) [0x00007FF6237EF6A5]
	(No symbol) [0x00007FF6237EF8FC]
	(No symbol) [0x00007FF62383B797]
	(No symbol) [0x00007FF6238171DF]
	(No symbol) [0x00007FF62383853C]
	(No symbol) [0x00007FF623816F43]
	(No symbol) [0x00007FF6237E115F]
	(No symbol) [0x00007FF6237E22B1]
	GetHandleVerifier [0x00007FF623C9BE3D+3380653]
	GetHandleVerifier [0x00007FF623CE7943+3690675]
	GetHandleVerifier [0x00007FF623CDC83B+3645355]
	GetHandleVerifier [0x00007FF623A28DD6+812358]
	(No symbol) [0x00007FF6238EAA4F]
	(No symbol) [0x00007FF6238E6A64]
	(No symbol) [0x00007FF6238E6C00]
	(No symbol) [0x00007FF6238D5B3F]
	BaseThreadInitThunk [0x00007FFFCBDEE8D7+23]
	RtlUserThreadStart [0x00007FFFCC57FBCC+44]

2024-12-06 20:27:29,519 - ERROR - Failed to fetch critic reviews link for https://www.imdb.com/title/tt24444596/?ref_=sr_t_10: Message: no such element: Unable to locate element: {"method":"css selector","selector":"a.isReview[href*="/criticreviews/"]"}
  (Session info: chrome=129.0.6668.42); For documentation on this error, please visit: https://www.selenium.dev/documentation/webdriver/troubleshooting/errors#no-such-element-exception
Stacktrace:
	GetHandleVerifier [0x00007FF623969C05+29557]
	(No symbol) [0x00007FF6238DF930]
	(No symbol) [0x00007FF62379B54A]
	(No symbol) [0x00007FF6237EF6A5]
	(No symbol) [0x00007FF6237EF8FC]
	(No symbol) [0x00007FF62383B797]
	(No symbol) [0x00007FF6238171DF]
	(No symbol) [0x00007FF62383853C]
	(No symbol) [0x00007FF623816F43]
	(No symbol) [0x00007FF6237E115F]
	(No symbol) [0x00007FF6237E22B1]
	GetHandleVerifier [0x00007FF623C9BE3D+3380653]
	GetHandleVerifier [0x00007FF623CE7943+3690675]
	GetHandleVerifier [0x00007FF623CDC83B+3645355]
	GetHandleVerifier [0x00007FF623A28DD6+812358]
	(No symbol) [0x00007FF6238EAA4F]
	(No symbol) [0x00007FF6238E6A64]
	(No symbol) [0x00007FF6238E6C00]
	(No symbol) [0x00007FF6238D5B3F]
	BaseThreadInitThunk [0x00007FFFCBDEE8D7+23]
	RtlUserThreadStart [0x00007FFFCC57FBCC+44]

2024-12-06 20:27:51,781 - ERROR - Failed to fetch user reviews for https://www.imdb.com/title/tt24444596/reviews/?ref_=tt_ov_urv: Message: 

2024-12-06 20:27:57,275 - ERROR - Year not found for https://www.imdb.com/title/tt27505523/?ref_=sr_t_11: Message: no such element: Unable to locate element: {"method":"xpath","selector":"(//a[@class="ipc-link ipc-link--baseAlt ipc-link--inherit-color"])[6]"}
  (Session info: chrome=129.0.6668.42); For documentation on this error, please visit: https://www.selenium.dev/documentation/webdriver/troubleshooting/errors#no-such-element-exception
Stacktrace:
	GetHandleVerifier [0x00007FF623969C05+29557]
	(No symbol) [0x00007FF6238DF930]
	(No symbol) [0x00007FF62379B54A]
	(No symbol) [0x00007FF6237EF6A5]
	(No symbol) [0x00007FF6237EF8FC]
	(No symbol) [0x00007FF62383B797]
	(No symbol) [0x00007FF6238171DF]
	(No symbol) [0x00007FF62383853C]
	(No symbol) [0x00007FF623816F43]
	(No symbol) [0x00007FF6237E115F]
	(No symbol) [0x00007FF6237E22B1]
	GetHandleVerifier [0x00007FF623C9BE3D+3380653]
	GetHandleVerifier [0x00007FF623CE7943+3690675]
	GetHandleVerifier [0x00007FF623CDC83B+3645355]
	GetHandleVerifier [0x00007FF623A28DD6+812358]
	(No symbol) [0x00007FF6238EAA4F]
	(No symbol) [0x00007FF6238E6A64]
	(No symbol) [0x00007FF6238E6C00]
	(No symbol) [0x00007FF6238D5B3F]
	BaseThreadInitThunk [0x00007FFFCBDEE8D7+23]
	RtlUserThreadStart [0x00007FFFCC57FBCC+44]

2024-12-06 20:27:57,508 - ERROR - Metascore not found for https://www.imdb.com/title/tt27505523/?ref_=sr_t_11: Message: no such element: Unable to locate element: {"method":"css selector","selector":"span.sc-b0901df4-0"}
  (Session info: chrome=129.0.6668.42); For documentation on this error, please visit: https://www.selenium.dev/documentation/webdriver/troubleshooting/errors#no-such-element-exception
Stacktrace:
	GetHandleVerifier [0x00007FF623969C05+29557]
	(No symbol) [0x00007FF6238DF930]
	(No symbol) [0x00007FF62379B54A]
	(No symbol) [0x00007FF6237EF6A5]
	(No symbol) [0x00007FF6237EF8FC]
	(No symbol) [0x00007FF62383B797]
	(No symbol) [0x00007FF6238171DF]
	(No symbol) [0x00007FF62383853C]
	(No symbol) [0x00007FF623816F43]
	(No symbol) [0x00007FF6237E115F]
	(No symbol) [0x00007FF6237E22B1]
	GetHandleVerifier [0x00007FF623C9BE3D+3380653]
	GetHandleVerifier [0x00007FF623CE7943+3690675]
	GetHandleVerifier [0x00007FF623CDC83B+3645355]
	GetHandleVerifier [0x00007FF623A28DD6+812358]
	(No symbol) [0x00007FF6238EAA4F]
	(No symbol) [0x00007FF6238E6A64]
	(No symbol) [0x00007FF6238E6C00]
	(No symbol) [0x00007FF6238D5B3F]
	BaseThreadInitThunk [0x00007FFFCBDEE8D7+23]
	RtlUserThreadStart [0x00007FFFCC57FBCC+44]

2024-12-06 20:27:57,801 - ERROR - Failed to fetch box office data for https://www.imdb.com/title/tt27505523/?ref_=sr_t_11: Message: no such element: Unable to locate element: {"method":"css selector","selector":"section[data-testid="BoxOffice"]"}
  (Session info: chrome=129.0.6668.42); For documentation on this error, please visit: https://www.selenium.dev/documentation/webdriver/troubleshooting/errors#no-such-element-exception
Stacktrace:
	GetHandleVerifier [0x00007FF623969C05+29557]
	(No symbol) [0x00007FF6238DF930]
	(No symbol) [0x00007FF62379B54A]
	(No symbol) [0x00007FF6237EF6A5]
	(No symbol) [0x00007FF6237EF8FC]
	(No symbol) [0x00007FF62383B797]
	(No symbol) [0x00007FF6238171DF]
	(No symbol) [0x00007FF62383853C]
	(No symbol) [0x00007FF623816F43]
	(No symbol) [0x00007FF6237E115F]
	(No symbol) [0x00007FF6237E22B1]
	GetHandleVerifier [0x00007FF623C9BE3D+3380653]
	GetHandleVerifier [0x00007FF623CE7943+3690675]
	GetHandleVerifier [0x00007FF623CDC83B+3645355]
	GetHandleVerifier [0x00007FF623A28DD6+812358]
	(No symbol) [0x00007FF6238EAA4F]
	(No symbol) [0x00007FF6238E6A64]
	(No symbol) [0x00007FF6238E6C00]
	(No symbol) [0x00007FF6238D5B3F]
	BaseThreadInitThunk [0x00007FFFCBDEE8D7+23]
	RtlUserThreadStart [0x00007FFFCC57FBCC+44]

2024-12-06 20:27:57,821 - ERROR - Failed to fetch critic reviews link for https://www.imdb.com/title/tt27505523/?ref_=sr_t_11: Message: no such element: Unable to locate element: {"method":"css selector","selector":"a.isReview[href*="/criticreviews/"]"}
  (Session info: chrome=129.0.6668.42); For documentation on this error, please visit: https://www.selenium.dev/documentation/webdriver/troubleshooting/errors#no-such-element-exception
Stacktrace:
	GetHandleVerifier [0x00007FF623969C05+29557]
	(No symbol) [0x00007FF6238DF930]
	(No symbol) [0x00007FF62379B54A]
	(No symbol) [0x00007FF6237EF6A5]
	(No symbol) [0x00007FF6237EF8FC]
	(No symbol) [0x00007FF62383B797]
	(No symbol) [0x00007FF6238171DF]
	(No symbol) [0x00007FF62383853C]
	(No symbol) [0x00007FF623816F43]
	(No symbol) [0x00007FF6237E115F]
	(No symbol) [0x00007FF6237E22B1]
	GetHandleVerifier [0x00007FF623C9BE3D+3380653]
	GetHandleVerifier [0x00007FF623CE7943+3690675]
	GetHandleVerifier [0x00007FF623CDC83B+3645355]
	GetHandleVerifier [0x00007FF623A28DD6+812358]
	(No symbol) [0x00007FF6238EAA4F]
	(No symbol) [0x00007FF6238E6A64]
	(No symbol) [0x00007FF6238E6C00]
	(No symbol) [0x00007FF6238D5B3F]
	BaseThreadInitThunk [0x00007FFFCBDEE8D7+23]
	RtlUserThreadStart [0x00007FFFCC57FBCC+44]

2024-12-06 20:28:20,222 - ERROR - Failed to fetch user reviews for https://www.imdb.com/title/tt27505523/reviews/?ref_=tt_ov_urv: Message: 

2024-12-06 20:28:27,611 - ERROR - Year not found for https://www.imdb.com/title/tt30819137/?ref_=sr_t_12: Message: no such element: Unable to locate element: {"method":"xpath","selector":"(//a[@class="ipc-link ipc-link--baseAlt ipc-link--inherit-color"])[6]"}
  (Session info: chrome=129.0.6668.42); For documentation on this error, please visit: https://www.selenium.dev/documentation/webdriver/troubleshooting/errors#no-such-element-exception
Stacktrace:
	GetHandleVerifier [0x00007FF623969C05+29557]
	(No symbol) [0x00007FF6238DF930]
	(No symbol) [0x00007FF62379B54A]
	(No symbol) [0x00007FF6237EF6A5]
	(No symbol) [0x00007FF6237EF8FC]
	(No symbol) [0x00007FF62383B797]
	(No symbol) [0x00007FF6238171DF]
	(No symbol) [0x00007FF62383853C]
	(No symbol) [0x00007FF623816F43]
	(No symbol) [0x00007FF6237E115F]
	(No symbol) [0x00007FF6237E22B1]
	GetHandleVerifier [0x00007FF623C9BE3D+3380653]
	GetHandleVerifier [0x00007FF623CE7943+3690675]
	GetHandleVerifier [0x00007FF623CDC83B+3645355]
	GetHandleVerifier [0x00007FF623A28DD6+812358]
	(No symbol) [0x00007FF6238EAA4F]
	(No symbol) [0x00007FF6238E6A64]
	(No symbol) [0x00007FF6238E6C00]
	(No symbol) [0x00007FF6238D5B3F]
	BaseThreadInitThunk [0x00007FFFCBDEE8D7+23]
	RtlUserThreadStart [0x00007FFFCC57FBCC+44]

2024-12-06 20:28:27,739 - ERROR - Metascore not found for https://www.imdb.com/title/tt30819137/?ref_=sr_t_12: Message: no such element: Unable to locate element: {"method":"css selector","selector":"span.sc-b0901df4-0"}
  (Session info: chrome=129.0.6668.42); For documentation on this error, please visit: https://www.selenium.dev/documentation/webdriver/troubleshooting/errors#no-such-element-exception
Stacktrace:
	GetHandleVerifier [0x00007FF623969C05+29557]
	(No symbol) [0x00007FF6238DF930]
	(No symbol) [0x00007FF62379B54A]
	(No symbol) [0x00007FF6237EF6A5]
	(No symbol) [0x00007FF6237EF8FC]
	(No symbol) [0x00007FF62383B797]
	(No symbol) [0x00007FF6238171DF]
	(No symbol) [0x00007FF62383853C]
	(No symbol) [0x00007FF623816F43]
	(No symbol) [0x00007FF6237E115F]
	(No symbol) [0x00007FF6237E22B1]
	GetHandleVerifier [0x00007FF623C9BE3D+3380653]
	GetHandleVerifier [0x00007FF623CE7943+3690675]
	GetHandleVerifier [0x00007FF623CDC83B+3645355]
	GetHandleVerifier [0x00007FF623A28DD6+812358]
	(No symbol) [0x00007FF6238EAA4F]
	(No symbol) [0x00007FF6238E6A64]
	(No symbol) [0x00007FF6238E6C00]
	(No symbol) [0x00007FF6238D5B3F]
	BaseThreadInitThunk [0x00007FFFCBDEE8D7+23]
	RtlUserThreadStart [0x00007FFFCC57FBCC+44]

2024-12-06 20:28:27,845 - ERROR - Critic reviews count not found for https://www.imdb.com/title/tt30819137/?ref_=sr_t_12: Message: no such element: Unable to locate element: {"method":"css selector","selector":"a.ipc-link--baseAlt[href*="/externalreviews/"] span.score"}
  (Session info: chrome=129.0.6668.42); For documentation on this error, please visit: https://www.selenium.dev/documentation/webdriver/troubleshooting/errors#no-such-element-exception
Stacktrace:
	GetHandleVerifier [0x00007FF623969C05+29557]
	(No symbol) [0x00007FF6238DF930]
	(No symbol) [0x00007FF62379B54A]
	(No symbol) [0x00007FF6237EF6A5]
	(No symbol) [0x00007FF6237EF8FC]
	(No symbol) [0x00007FF62383B797]
	(No symbol) [0x00007FF6238171DF]
	(No symbol) [0x00007FF62383853C]
	(No symbol) [0x00007FF623816F43]
	(No symbol) [0x00007FF6237E115F]
	(No symbol) [0x00007FF6237E22B1]
	GetHandleVerifier [0x00007FF623C9BE3D+3380653]
	GetHandleVerifier [0x00007FF623CE7943+3690675]
	GetHandleVerifier [0x00007FF623CDC83B+3645355]
	GetHandleVerifier [0x00007FF623A28DD6+812358]
	(No symbol) [0x00007FF6238EAA4F]
	(No symbol) [0x00007FF6238E6A64]
	(No symbol) [0x00007FF6238E6C00]
	(No symbol) [0x00007FF6238D5B3F]
	BaseThreadInitThunk [0x00007FFFCBDEE8D7+23]
	RtlUserThreadStart [0x00007FFFCC57FBCC+44]

2024-12-06 20:28:27,983 - ERROR - Failed to fetch critic reviews link for https://www.imdb.com/title/tt30819137/?ref_=sr_t_12: Message: no such element: Unable to locate element: {"method":"css selector","selector":"a.isReview[href*="/criticreviews/"]"}
  (Session info: chrome=129.0.6668.42); For documentation on this error, please visit: https://www.selenium.dev/documentation/webdriver/troubleshooting/errors#no-such-element-exception
Stacktrace:
	GetHandleVerifier [0x00007FF623969C05+29557]
	(No symbol) [0x00007FF6238DF930]
	(No symbol) [0x00007FF62379B54A]
	(No symbol) [0x00007FF6237EF6A5]
	(No symbol) [0x00007FF6237EF8FC]
	(No symbol) [0x00007FF62383B797]
	(No symbol) [0x00007FF6238171DF]
	(No symbol) [0x00007FF62383853C]
	(No symbol) [0x00007FF623816F43]
	(No symbol) [0x00007FF6237E115F]
	(No symbol) [0x00007FF6237E22B1]
	GetHandleVerifier [0x00007FF623C9BE3D+3380653]
	GetHandleVerifier [0x00007FF623CE7943+3690675]
	GetHandleVerifier [0x00007FF623CDC83B+3645355]
	GetHandleVerifier [0x00007FF623A28DD6+812358]
	(No symbol) [0x00007FF6238EAA4F]
	(No symbol) [0x00007FF6238E6A64]
	(No symbol) [0x00007FF6238E6C00]
	(No symbol) [0x00007FF6238D5B3F]
	BaseThreadInitThunk [0x00007FFFCBDEE8D7+23]
	RtlUserThreadStart [0x00007FFFCC57FBCC+44]

2024-12-06 20:28:51,770 - ERROR - Failed to fetch user reviews for https://www.imdb.com/title/tt30819137/reviews/?ref_=tt_ov_urv: Message: 

2024-12-06 20:28:59,122 - ERROR - Year not found for https://www.imdb.com/title/tt16153564/?ref_=sr_t_13: Message: no such element: Unable to locate element: {"method":"xpath","selector":"(//a[@class="ipc-link ipc-link--baseAlt ipc-link--inherit-color"])[6]"}
  (Session info: chrome=129.0.6668.42); For documentation on this error, please visit: https://www.selenium.dev/documentation/webdriver/troubleshooting/errors#no-such-element-exception
Stacktrace:
	GetHandleVerifier [0x00007FF623969C05+29557]
	(No symbol) [0x00007FF6238DF930]
	(No symbol) [0x00007FF62379B54A]
	(No symbol) [0x00007FF6237EF6A5]
	(No symbol) [0x00007FF6237EF8FC]
	(No symbol) [0x00007FF62383B797]
	(No symbol) [0x00007FF6238171DF]
	(No symbol) [0x00007FF62383853C]
	(No symbol) [0x00007FF623816F43]
	(No symbol) [0x00007FF6237E115F]
	(No symbol) [0x00007FF6237E22B1]
	GetHandleVerifier [0x00007FF623C9BE3D+3380653]
	GetHandleVerifier [0x00007FF623CE7943+3690675]
	GetHandleVerifier [0x00007FF623CDC83B+3645355]
	GetHandleVerifier [0x00007FF623A28DD6+812358]
	(No symbol) [0x00007FF6238EAA4F]
	(No symbol) [0x00007FF6238E6A64]
	(No symbol) [0x00007FF6238E6C00]
	(No symbol) [0x00007FF6238D5B3F]
	BaseThreadInitThunk [0x00007FFFCBDEE8D7+23]
	RtlUserThreadStart [0x00007FFFCC57FBCC+44]

2024-12-06 20:28:59,319 - ERROR - Metascore not found for https://www.imdb.com/title/tt16153564/?ref_=sr_t_13: Message: no such element: Unable to locate element: {"method":"css selector","selector":"span.sc-b0901df4-0"}
  (Session info: chrome=129.0.6668.42); For documentation on this error, please visit: https://www.selenium.dev/documentation/webdriver/troubleshooting/errors#no-such-element-exception
Stacktrace:
	GetHandleVerifier [0x00007FF623969C05+29557]
	(No symbol) [0x00007FF6238DF930]
	(No symbol) [0x00007FF62379B54A]
	(No symbol) [0x00007FF6237EF6A5]
	(No symbol) [0x00007FF6237EF8FC]
	(No symbol) [0x00007FF62383B797]
	(No symbol) [0x00007FF6238171DF]
	(No symbol) [0x00007FF62383853C]
	(No symbol) [0x00007FF623816F43]
	(No symbol) [0x00007FF6237E115F]
	(No symbol) [0x00007FF6237E22B1]
	GetHandleVerifier [0x00007FF623C9BE3D+3380653]
	GetHandleVerifier [0x00007FF623CE7943+3690675]
	GetHandleVerifier [0x00007FF623CDC83B+3645355]
	GetHandleVerifier [0x00007FF623A28DD6+812358]
	(No symbol) [0x00007FF6238EAA4F]
	(No symbol) [0x00007FF6238E6A64]
	(No symbol) [0x00007FF6238E6C00]
	(No symbol) [0x00007FF6238D5B3F]
	BaseThreadInitThunk [0x00007FFFCBDEE8D7+23]
	RtlUserThreadStart [0x00007FFFCC57FBCC+44]

2024-12-06 20:28:59,347 - ERROR - Runtime not found for https://www.imdb.com/title/tt16153564/?ref_=sr_t_13: Message: no such element: Unable to locate element: {"method":"css selector","selector":"li[data-testid="title-techspec_runtime"] .ipc-metadata-list-item__content-container"}
  (Session info: chrome=129.0.6668.42); For documentation on this error, please visit: https://www.selenium.dev/documentation/webdriver/troubleshooting/errors#no-such-element-exception
Stacktrace:
	GetHandleVerifier [0x00007FF623969C05+29557]
	(No symbol) [0x00007FF6238DF930]
	(No symbol) [0x00007FF62379B54A]
	(No symbol) [0x00007FF6237EF6A5]
	(No symbol) [0x00007FF6237EF8FC]
	(No symbol) [0x00007FF62383B797]
	(No symbol) [0x00007FF6238171DF]
	(No symbol) [0x00007FF62383853C]
	(No symbol) [0x00007FF623816F43]
	(No symbol) [0x00007FF6237E115F]
	(No symbol) [0x00007FF6237E22B1]
	GetHandleVerifier [0x00007FF623C9BE3D+3380653]
	GetHandleVerifier [0x00007FF623CE7943+3690675]
	GetHandleVerifier [0x00007FF623CDC83B+3645355]
	GetHandleVerifier [0x00007FF623A28DD6+812358]
	(No symbol) [0x00007FF6238EAA4F]
	(No symbol) [0x00007FF6238E6A64]
	(No symbol) [0x00007FF6238E6C00]
	(No symbol) [0x00007FF6238D5B3F]
	BaseThreadInitThunk [0x00007FFFCBDEE8D7+23]
	RtlUserThreadStart [0x00007FFFCC57FBCC+44]

2024-12-06 20:28:59,373 - ERROR - User reviews count not found for https://www.imdb.com/title/tt16153564/?ref_=sr_t_13: Message: no such element: Unable to locate element: {"method":"css selector","selector":"a.ipc-link--baseAlt[href*="/reviews/"] span.score"}
  (Session info: chrome=129.0.6668.42); For documentation on this error, please visit: https://www.selenium.dev/documentation/webdriver/troubleshooting/errors#no-such-element-exception
Stacktrace:
	GetHandleVerifier [0x00007FF623969C05+29557]
	(No symbol) [0x00007FF6238DF930]
	(No symbol) [0x00007FF62379B54A]
	(No symbol) [0x00007FF6237EF6A5]
	(No symbol) [0x00007FF6237EF8FC]
	(No symbol) [0x00007FF62383B797]
	(No symbol) [0x00007FF6238171DF]
	(No symbol) [0x00007FF62383853C]
	(No symbol) [0x00007FF623816F43]
	(No symbol) [0x00007FF6237E115F]
	(No symbol) [0x00007FF6237E22B1]
	GetHandleVerifier [0x00007FF623C9BE3D+3380653]
	GetHandleVerifier [0x00007FF623CE7943+3690675]
	GetHandleVerifier [0x00007FF623CDC83B+3645355]
	GetHandleVerifier [0x00007FF623A28DD6+812358]
	(No symbol) [0x00007FF6238EAA4F]
	(No symbol) [0x00007FF6238E6A64]
	(No symbol) [0x00007FF6238E6C00]
	(No symbol) [0x00007FF6238D5B3F]
	BaseThreadInitThunk [0x00007FFFCBDEE8D7+23]
	RtlUserThreadStart [0x00007FFFCC57FBCC+44]

2024-12-06 20:28:59,412 - ERROR - Failed to fetch box office data for https://www.imdb.com/title/tt16153564/?ref_=sr_t_13: Message: no such element: Unable to locate element: {"method":"css selector","selector":"section[data-testid="BoxOffice"]"}
  (Session info: chrome=129.0.6668.42); For documentation on this error, please visit: https://www.selenium.dev/documentation/webdriver/troubleshooting/errors#no-such-element-exception
Stacktrace:
	GetHandleVerifier [0x00007FF623969C05+29557]
	(No symbol) [0x00007FF6238DF930]
	(No symbol) [0x00007FF62379B54A]
	(No symbol) [0x00007FF6237EF6A5]
	(No symbol) [0x00007FF6237EF8FC]
	(No symbol) [0x00007FF62383B797]
	(No symbol) [0x00007FF6238171DF]
	(No symbol) [0x00007FF62383853C]
	(No symbol) [0x00007FF623816F43]
	(No symbol) [0x00007FF6237E115F]
	(No symbol) [0x00007FF6237E22B1]
	GetHandleVerifier [0x00007FF623C9BE3D+3380653]
	GetHandleVerifier [0x00007FF623CE7943+3690675]
	GetHandleVerifier [0x00007FF623CDC83B+3645355]
	GetHandleVerifier [0x00007FF623A28DD6+812358]
	(No symbol) [0x00007FF6238EAA4F]
	(No symbol) [0x00007FF6238E6A64]
	(No symbol) [0x00007FF6238E6C00]
	(No symbol) [0x00007FF6238D5B3F]
	BaseThreadInitThunk [0x00007FFFCBDEE8D7+23]
	RtlUserThreadStart [0x00007FFFCC57FBCC+44]

2024-12-06 20:28:59,420 - ERROR - Failed to fetch user reviews link for https://www.imdb.com/title/tt16153564/?ref_=sr_t_13: Message: no such element: Unable to locate element: {"method":"css selector","selector":"a.isReview[href*="/reviews/"]"}
  (Session info: chrome=129.0.6668.42); For documentation on this error, please visit: https://www.selenium.dev/documentation/webdriver/troubleshooting/errors#no-such-element-exception
Stacktrace:
	GetHandleVerifier [0x00007FF623969C05+29557]
	(No symbol) [0x00007FF6238DF930]
	(No symbol) [0x00007FF62379B54A]
	(No symbol) [0x00007FF6237EF6A5]
	(No symbol) [0x00007FF6237EF8FC]
	(No symbol) [0x00007FF62383B797]
	(No symbol) [0x00007FF6238171DF]
	(No symbol) [0x00007FF62383853C]
	(No symbol) [0x00007FF623816F43]
	(No symbol) [0x00007FF6237E115F]
	(No symbol) [0x00007FF6237E22B1]
	GetHandleVerifier [0x00007FF623C9BE3D+3380653]
	GetHandleVerifier [0x00007FF623CE7943+3690675]
	GetHandleVerifier [0x00007FF623CDC83B+3645355]
	GetHandleVerifier [0x00007FF623A28DD6+812358]
	(No symbol) [0x00007FF6238EAA4F]
	(No symbol) [0x00007FF6238E6A64]
	(No symbol) [0x00007FF6238E6C00]
	(No symbol) [0x00007FF6238D5B3F]
	BaseThreadInitThunk [0x00007FFFCBDEE8D7+23]
	RtlUserThreadStart [0x00007FFFCC57FBCC+44]

2024-12-06 20:28:59,431 - ERROR - Failed to fetch critic reviews link for https://www.imdb.com/title/tt16153564/?ref_=sr_t_13: Message: no such element: Unable to locate element: {"method":"css selector","selector":"a.isReview[href*="/criticreviews/"]"}
  (Session info: chrome=129.0.6668.42); For documentation on this error, please visit: https://www.selenium.dev/documentation/webdriver/troubleshooting/errors#no-such-element-exception
Stacktrace:
	GetHandleVerifier [0x00007FF623969C05+29557]
	(No symbol) [0x00007FF6238DF930]
	(No symbol) [0x00007FF62379B54A]
	(No symbol) [0x00007FF6237EF6A5]
	(No symbol) [0x00007FF6237EF8FC]
	(No symbol) [0x00007FF62383B797]
	(No symbol) [0x00007FF6238171DF]
	(No symbol) [0x00007FF62383853C]
	(No symbol) [0x00007FF623816F43]
	(No symbol) [0x00007FF6237E115F]
	(No symbol) [0x00007FF6237E22B1]
	GetHandleVerifier [0x00007FF623C9BE3D+3380653]
	GetHandleVerifier [0x00007FF623CE7943+3690675]
	GetHandleVerifier [0x00007FF623CDC83B+3645355]
	GetHandleVerifier [0x00007FF623A28DD6+812358]
	(No symbol) [0x00007FF6238EAA4F]
	(No symbol) [0x00007FF6238E6A64]
	(No symbol) [0x00007FF6238E6C00]
	(No symbol) [0x00007FF6238D5B3F]
	BaseThreadInitThunk [0x00007FFFCBDEE8D7+23]
	RtlUserThreadStart [0x00007FFFCC57FBCC+44]

2024-12-06 20:29:06,421 - ERROR - Year not found for https://www.imdb.com/title/tt24408496/?ref_=sr_t_14: Message: no such element: Unable to locate element: {"method":"xpath","selector":"(//a[@class="ipc-link ipc-link--baseAlt ipc-link--inherit-color"])[6]"}
  (Session info: chrome=129.0.6668.42); For documentation on this error, please visit: https://www.selenium.dev/documentation/webdriver/troubleshooting/errors#no-such-element-exception
Stacktrace:
	GetHandleVerifier [0x00007FF623969C05+29557]
	(No symbol) [0x00007FF6238DF930]
	(No symbol) [0x00007FF62379B54A]
	(No symbol) [0x00007FF6237EF6A5]
	(No symbol) [0x00007FF6237EF8FC]
	(No symbol) [0x00007FF62383B797]
	(No symbol) [0x00007FF6238171DF]
	(No symbol) [0x00007FF62383853C]
	(No symbol) [0x00007FF623816F43]
	(No symbol) [0x00007FF6237E115F]
	(No symbol) [0x00007FF6237E22B1]
	GetHandleVerifier [0x00007FF623C9BE3D+3380653]
	GetHandleVerifier [0x00007FF623CE7943+3690675]
	GetHandleVerifier [0x00007FF623CDC83B+3645355]
	GetHandleVerifier [0x00007FF623A28DD6+812358]
	(No symbol) [0x00007FF6238EAA4F]
	(No symbol) [0x00007FF6238E6A64]
	(No symbol) [0x00007FF6238E6C00]
	(No symbol) [0x00007FF6238D5B3F]
	BaseThreadInitThunk [0x00007FFFCBDEE8D7+23]
	RtlUserThreadStart [0x00007FFFCC57FBCC+44]

2024-12-06 20:29:06,719 - ERROR - Metascore not found for https://www.imdb.com/title/tt24408496/?ref_=sr_t_14: Message: no such element: Unable to locate element: {"method":"css selector","selector":"span.sc-b0901df4-0"}
  (Session info: chrome=129.0.6668.42); For documentation on this error, please visit: https://www.selenium.dev/documentation/webdriver/troubleshooting/errors#no-such-element-exception
Stacktrace:
	GetHandleVerifier [0x00007FF623969C05+29557]
	(No symbol) [0x00007FF6238DF930]
	(No symbol) [0x00007FF62379B54A]
	(No symbol) [0x00007FF6237EF6A5]
	(No symbol) [0x00007FF6237EF8FC]
	(No symbol) [0x00007FF62383B797]
	(No symbol) [0x00007FF6238171DF]
	(No symbol) [0x00007FF62383853C]
	(No symbol) [0x00007FF623816F43]
	(No symbol) [0x00007FF6237E115F]
	(No symbol) [0x00007FF6237E22B1]
	GetHandleVerifier [0x00007FF623C9BE3D+3380653]
	GetHandleVerifier [0x00007FF623CE7943+3690675]
	GetHandleVerifier [0x00007FF623CDC83B+3645355]
	GetHandleVerifier [0x00007FF623A28DD6+812358]
	(No symbol) [0x00007FF6238EAA4F]
	(No symbol) [0x00007FF6238E6A64]
	(No symbol) [0x00007FF6238E6C00]
	(No symbol) [0x00007FF6238D5B3F]
	BaseThreadInitThunk [0x00007FFFCBDEE8D7+23]
	RtlUserThreadStart [0x00007FFFCC57FBCC+44]

2024-12-06 20:29:06,751 - ERROR - Runtime not found for https://www.imdb.com/title/tt24408496/?ref_=sr_t_14: Message: no such element: Unable to locate element: {"method":"css selector","selector":"li[data-testid="title-techspec_runtime"] .ipc-metadata-list-item__content-container"}
  (Session info: chrome=129.0.6668.42); For documentation on this error, please visit: https://www.selenium.dev/documentation/webdriver/troubleshooting/errors#no-such-element-exception
Stacktrace:
	GetHandleVerifier [0x00007FF623969C05+29557]
	(No symbol) [0x00007FF6238DF930]
	(No symbol) [0x00007FF62379B54A]
	(No symbol) [0x00007FF6237EF6A5]
	(No symbol) [0x00007FF6237EF8FC]
	(No symbol) [0x00007FF62383B797]
	(No symbol) [0x00007FF6238171DF]
	(No symbol) [0x00007FF62383853C]
	(No symbol) [0x00007FF623816F43]
	(No symbol) [0x00007FF6237E115F]
	(No symbol) [0x00007FF6237E22B1]
	GetHandleVerifier [0x00007FF623C9BE3D+3380653]
	GetHandleVerifier [0x00007FF623CE7943+3690675]
	GetHandleVerifier [0x00007FF623CDC83B+3645355]
	GetHandleVerifier [0x00007FF623A28DD6+812358]
	(No symbol) [0x00007FF6238EAA4F]
	(No symbol) [0x00007FF6238E6A64]
	(No symbol) [0x00007FF6238E6C00]
	(No symbol) [0x00007FF6238D5B3F]
	BaseThreadInitThunk [0x00007FFFCBDEE8D7+23]
	RtlUserThreadStart [0x00007FFFCC57FBCC+44]

2024-12-06 20:29:06,799 - ERROR - Critic reviews count not found for https://www.imdb.com/title/tt24408496/?ref_=sr_t_14: Message: no such element: Unable to locate element: {"method":"css selector","selector":"a.ipc-link--baseAlt[href*="/externalreviews/"] span.score"}
  (Session info: chrome=129.0.6668.42); For documentation on this error, please visit: https://www.selenium.dev/documentation/webdriver/troubleshooting/errors#no-such-element-exception
Stacktrace:
	GetHandleVerifier [0x00007FF623969C05+29557]
	(No symbol) [0x00007FF6238DF930]
	(No symbol) [0x00007FF62379B54A]
	(No symbol) [0x00007FF6237EF6A5]
	(No symbol) [0x00007FF6237EF8FC]
	(No symbol) [0x00007FF62383B797]
	(No symbol) [0x00007FF6238171DF]
	(No symbol) [0x00007FF62383853C]
	(No symbol) [0x00007FF623816F43]
	(No symbol) [0x00007FF6237E115F]
	(No symbol) [0x00007FF6237E22B1]
	GetHandleVerifier [0x00007FF623C9BE3D+3380653]
	GetHandleVerifier [0x00007FF623CE7943+3690675]
	GetHandleVerifier [0x00007FF623CDC83B+3645355]
	GetHandleVerifier [0x00007FF623A28DD6+812358]
	(No symbol) [0x00007FF6238EAA4F]
	(No symbol) [0x00007FF6238E6A64]
	(No symbol) [0x00007FF6238E6C00]
	(No symbol) [0x00007FF6238D5B3F]
	BaseThreadInitThunk [0x00007FFFCBDEE8D7+23]
	RtlUserThreadStart [0x00007FFFCC57FBCC+44]

2024-12-06 20:29:06,806 - ERROR - Failed to fetch box office data for https://www.imdb.com/title/tt24408496/?ref_=sr_t_14: Message: no such element: Unable to locate element: {"method":"css selector","selector":"section[data-testid="BoxOffice"]"}
  (Session info: chrome=129.0.6668.42); For documentation on this error, please visit: https://www.selenium.dev/documentation/webdriver/troubleshooting/errors#no-such-element-exception
Stacktrace:
	GetHandleVerifier [0x00007FF623969C05+29557]
	(No symbol) [0x00007FF6238DF930]
	(No symbol) [0x00007FF62379B54A]
	(No symbol) [0x00007FF6237EF6A5]
	(No symbol) [0x00007FF6237EF8FC]
	(No symbol) [0x00007FF62383B797]
	(No symbol) [0x00007FF6238171DF]
	(No symbol) [0x00007FF62383853C]
	(No symbol) [0x00007FF623816F43]
	(No symbol) [0x00007FF6237E115F]
	(No symbol) [0x00007FF6237E22B1]
	GetHandleVerifier [0x00007FF623C9BE3D+3380653]
	GetHandleVerifier [0x00007FF623CE7943+3690675]
	GetHandleVerifier [0x00007FF623CDC83B+3645355]
	GetHandleVerifier [0x00007FF623A28DD6+812358]
	(No symbol) [0x00007FF6238EAA4F]
	(No symbol) [0x00007FF6238E6A64]
	(No symbol) [0x00007FF6238E6C00]
	(No symbol) [0x00007FF6238D5B3F]
	BaseThreadInitThunk [0x00007FFFCBDEE8D7+23]
	RtlUserThreadStart [0x00007FFFCC57FBCC+44]

2024-12-06 20:29:06,831 - ERROR - Failed to fetch critic reviews link for https://www.imdb.com/title/tt24408496/?ref_=sr_t_14: Message: no such element: Unable to locate element: {"method":"css selector","selector":"a.isReview[href*="/criticreviews/"]"}
  (Session info: chrome=129.0.6668.42); For documentation on this error, please visit: https://www.selenium.dev/documentation/webdriver/troubleshooting/errors#no-such-element-exception
Stacktrace:
	GetHandleVerifier [0x00007FF623969C05+29557]
	(No symbol) [0x00007FF6238DF930]
	(No symbol) [0x00007FF62379B54A]
	(No symbol) [0x00007FF6237EF6A5]
	(No symbol) [0x00007FF6237EF8FC]
	(No symbol) [0x00007FF62383B797]
	(No symbol) [0x00007FF6238171DF]
	(No symbol) [0x00007FF62383853C]
	(No symbol) [0x00007FF623816F43]
	(No symbol) [0x00007FF6237E115F]
	(No symbol) [0x00007FF6237E22B1]
	GetHandleVerifier [0x00007FF623C9BE3D+3380653]
	GetHandleVerifier [0x00007FF623CE7943+3690675]
	GetHandleVerifier [0x00007FF623CDC83B+3645355]
	GetHandleVerifier [0x00007FF623A28DD6+812358]
	(No symbol) [0x00007FF6238EAA4F]
	(No symbol) [0x00007FF6238E6A64]
	(No symbol) [0x00007FF6238E6C00]
	(No symbol) [0x00007FF6238D5B3F]
	BaseThreadInitThunk [0x00007FFFCBDEE8D7+23]
	RtlUserThreadStart [0x00007FFFCC57FBCC+44]

2024-12-06 20:29:28,917 - ERROR - Failed to fetch user reviews for https://www.imdb.com/title/tt24408496/reviews/?ref_=tt_ov_urv: Message: 

2024-12-06 20:29:35,054 - ERROR - Year not found for https://www.imdb.com/title/tt11995448/?ref_=sr_t_15: Message: no such element: Unable to locate element: {"method":"xpath","selector":"(//a[@class="ipc-link ipc-link--baseAlt ipc-link--inherit-color"])[6]"}
  (Session info: chrome=129.0.6668.42); For documentation on this error, please visit: https://www.selenium.dev/documentation/webdriver/troubleshooting/errors#no-such-element-exception
Stacktrace:
	GetHandleVerifier [0x00007FF623969C05+29557]
	(No symbol) [0x00007FF6238DF930]
	(No symbol) [0x00007FF62379B54A]
	(No symbol) [0x00007FF6237EF6A5]
	(No symbol) [0x00007FF6237EF8FC]
	(No symbol) [0x00007FF62383B797]
	(No symbol) [0x00007FF6238171DF]
	(No symbol) [0x00007FF62383853C]
	(No symbol) [0x00007FF623816F43]
	(No symbol) [0x00007FF6237E115F]
	(No symbol) [0x00007FF6237E22B1]
	GetHandleVerifier [0x00007FF623C9BE3D+3380653]
	GetHandleVerifier [0x00007FF623CE7943+3690675]
	GetHandleVerifier [0x00007FF623CDC83B+3645355]
	GetHandleVerifier [0x00007FF623A28DD6+812358]
	(No symbol) [0x00007FF6238EAA4F]
	(No symbol) [0x00007FF6238E6A64]
	(No symbol) [0x00007FF6238E6C00]
	(No symbol) [0x00007FF6238D5B3F]
	BaseThreadInitThunk [0x00007FFFCBDEE8D7+23]
	RtlUserThreadStart [0x00007FFFCC57FBCC+44]

2024-12-06 20:29:35,329 - ERROR - Metascore not found for https://www.imdb.com/title/tt11995448/?ref_=sr_t_15: Message: no such element: Unable to locate element: {"method":"css selector","selector":"span.sc-b0901df4-0"}
  (Session info: chrome=129.0.6668.42); For documentation on this error, please visit: https://www.selenium.dev/documentation/webdriver/troubleshooting/errors#no-such-element-exception
Stacktrace:
	GetHandleVerifier [0x00007FF623969C05+29557]
	(No symbol) [0x00007FF6238DF930]
	(No symbol) [0x00007FF62379B54A]
	(No symbol) [0x00007FF6237EF6A5]
	(No symbol) [0x00007FF6237EF8FC]
	(No symbol) [0x00007FF62383B797]
	(No symbol) [0x00007FF6238171DF]
	(No symbol) [0x00007FF62383853C]
	(No symbol) [0x00007FF623816F43]
	(No symbol) [0x00007FF6237E115F]
	(No symbol) [0x00007FF6237E22B1]
	GetHandleVerifier [0x00007FF623C9BE3D+3380653]
	GetHandleVerifier [0x00007FF623CE7943+3690675]
	GetHandleVerifier [0x00007FF623CDC83B+3645355]
	GetHandleVerifier [0x00007FF623A28DD6+812358]
	(No symbol) [0x00007FF6238EAA4F]
	(No symbol) [0x00007FF6238E6A64]
	(No symbol) [0x00007FF6238E6C00]
	(No symbol) [0x00007FF6238D5B3F]
	BaseThreadInitThunk [0x00007FFFCBDEE8D7+23]
	RtlUserThreadStart [0x00007FFFCC57FBCC+44]

2024-12-06 20:29:35,355 - ERROR - Runtime not found for https://www.imdb.com/title/tt11995448/?ref_=sr_t_15: Message: no such element: Unable to locate element: {"method":"css selector","selector":"li[data-testid="title-techspec_runtime"] .ipc-metadata-list-item__content-container"}
  (Session info: chrome=129.0.6668.42); For documentation on this error, please visit: https://www.selenium.dev/documentation/webdriver/troubleshooting/errors#no-such-element-exception
Stacktrace:
	GetHandleVerifier [0x00007FF623969C05+29557]
	(No symbol) [0x00007FF6238DF930]
	(No symbol) [0x00007FF62379B54A]
	(No symbol) [0x00007FF6237EF6A5]
	(No symbol) [0x00007FF6237EF8FC]
	(No symbol) [0x00007FF62383B797]
	(No symbol) [0x00007FF6238171DF]
	(No symbol) [0x00007FF62383853C]
	(No symbol) [0x00007FF623816F43]
	(No symbol) [0x00007FF6237E115F]
	(No symbol) [0x00007FF6237E22B1]
	GetHandleVerifier [0x00007FF623C9BE3D+3380653]
	GetHandleVerifier [0x00007FF623CE7943+3690675]
	GetHandleVerifier [0x00007FF623CDC83B+3645355]
	GetHandleVerifier [0x00007FF623A28DD6+812358]
	(No symbol) [0x00007FF6238EAA4F]
	(No symbol) [0x00007FF6238E6A64]
	(No symbol) [0x00007FF6238E6C00]
	(No symbol) [0x00007FF6238D5B3F]
	BaseThreadInitThunk [0x00007FFFCBDEE8D7+23]
	RtlUserThreadStart [0x00007FFFCC57FBCC+44]

2024-12-06 20:29:35,378 - ERROR - User reviews count not found for https://www.imdb.com/title/tt11995448/?ref_=sr_t_15: Message: no such element: Unable to locate element: {"method":"css selector","selector":"a.ipc-link--baseAlt[href*="/reviews/"] span.score"}
  (Session info: chrome=129.0.6668.42); For documentation on this error, please visit: https://www.selenium.dev/documentation/webdriver/troubleshooting/errors#no-such-element-exception
Stacktrace:
	GetHandleVerifier [0x00007FF623969C05+29557]
	(No symbol) [0x00007FF6238DF930]
	(No symbol) [0x00007FF62379B54A]
	(No symbol) [0x00007FF6237EF6A5]
	(No symbol) [0x00007FF6237EF8FC]
	(No symbol) [0x00007FF62383B797]
	(No symbol) [0x00007FF6238171DF]
	(No symbol) [0x00007FF62383853C]
	(No symbol) [0x00007FF623816F43]
	(No symbol) [0x00007FF6237E115F]
	(No symbol) [0x00007FF6237E22B1]
	GetHandleVerifier [0x00007FF623C9BE3D+3380653]
	GetHandleVerifier [0x00007FF623CE7943+3690675]
	GetHandleVerifier [0x00007FF623CDC83B+3645355]
	GetHandleVerifier [0x00007FF623A28DD6+812358]
	(No symbol) [0x00007FF6238EAA4F]
	(No symbol) [0x00007FF6238E6A64]
	(No symbol) [0x00007FF6238E6C00]
	(No symbol) [0x00007FF6238D5B3F]
	BaseThreadInitThunk [0x00007FFFCBDEE8D7+23]
	RtlUserThreadStart [0x00007FFFCC57FBCC+44]

2024-12-06 20:29:35,388 - ERROR - Critic reviews count not found for https://www.imdb.com/title/tt11995448/?ref_=sr_t_15: Message: no such element: Unable to locate element: {"method":"css selector","selector":"a.ipc-link--baseAlt[href*="/externalreviews/"] span.score"}
  (Session info: chrome=129.0.6668.42); For documentation on this error, please visit: https://www.selenium.dev/documentation/webdriver/troubleshooting/errors#no-such-element-exception
Stacktrace:
	GetHandleVerifier [0x00007FF623969C05+29557]
	(No symbol) [0x00007FF6238DF930]
	(No symbol) [0x00007FF62379B54A]
	(No symbol) [0x00007FF6237EF6A5]
	(No symbol) [0x00007FF6237EF8FC]
	(No symbol) [0x00007FF62383B797]
	(No symbol) [0x00007FF6238171DF]
	(No symbol) [0x00007FF62383853C]
	(No symbol) [0x00007FF623816F43]
	(No symbol) [0x00007FF6237E115F]
	(No symbol) [0x00007FF6237E22B1]
	GetHandleVerifier [0x00007FF623C9BE3D+3380653]
	GetHandleVerifier [0x00007FF623CE7943+3690675]
	GetHandleVerifier [0x00007FF623CDC83B+3645355]
	GetHandleVerifier [0x00007FF623A28DD6+812358]
	(No symbol) [0x00007FF6238EAA4F]
	(No symbol) [0x00007FF6238E6A64]
	(No symbol) [0x00007FF6238E6C00]
	(No symbol) [0x00007FF6238D5B3F]
	BaseThreadInitThunk [0x00007FFFCBDEE8D7+23]
	RtlUserThreadStart [0x00007FFFCC57FBCC+44]

2024-12-06 20:29:35,395 - ERROR - Failed to fetch box office data for https://www.imdb.com/title/tt11995448/?ref_=sr_t_15: Message: no such element: Unable to locate element: {"method":"css selector","selector":"section[data-testid="BoxOffice"]"}
  (Session info: chrome=129.0.6668.42); For documentation on this error, please visit: https://www.selenium.dev/documentation/webdriver/troubleshooting/errors#no-such-element-exception
Stacktrace:
	GetHandleVerifier [0x00007FF623969C05+29557]
	(No symbol) [0x00007FF6238DF930]
	(No symbol) [0x00007FF62379B54A]
	(No symbol) [0x00007FF6237EF6A5]
	(No symbol) [0x00007FF6237EF8FC]
	(No symbol) [0x00007FF62383B797]
	(No symbol) [0x00007FF6238171DF]
	(No symbol) [0x00007FF62383853C]
	(No symbol) [0x00007FF623816F43]
	(No symbol) [0x00007FF6237E115F]
	(No symbol) [0x00007FF6237E22B1]
	GetHandleVerifier [0x00007FF623C9BE3D+3380653]
	GetHandleVerifier [0x00007FF623CE7943+3690675]
	GetHandleVerifier [0x00007FF623CDC83B+3645355]
	GetHandleVerifier [0x00007FF623A28DD6+812358]
	(No symbol) [0x00007FF6238EAA4F]
	(No symbol) [0x00007FF6238E6A64]
	(No symbol) [0x00007FF6238E6C00]
	(No symbol) [0x00007FF6238D5B3F]
	BaseThreadInitThunk [0x00007FFFCBDEE8D7+23]
	RtlUserThreadStart [0x00007FFFCC57FBCC+44]

2024-12-06 20:29:35,403 - ERROR - Failed to fetch user reviews link for https://www.imdb.com/title/tt11995448/?ref_=sr_t_15: Message: no such element: Unable to locate element: {"method":"css selector","selector":"a.isReview[href*="/reviews/"]"}
  (Session info: chrome=129.0.6668.42); For documentation on this error, please visit: https://www.selenium.dev/documentation/webdriver/troubleshooting/errors#no-such-element-exception
Stacktrace:
	GetHandleVerifier [0x00007FF623969C05+29557]
	(No symbol) [0x00007FF6238DF930]
	(No symbol) [0x00007FF62379B54A]
	(No symbol) [0x00007FF6237EF6A5]
	(No symbol) [0x00007FF6237EF8FC]
	(No symbol) [0x00007FF62383B797]
	(No symbol) [0x00007FF6238171DF]
	(No symbol) [0x00007FF62383853C]
	(No symbol) [0x00007FF623816F43]
	(No symbol) [0x00007FF6237E115F]
	(No symbol) [0x00007FF6237E22B1]
	GetHandleVerifier [0x00007FF623C9BE3D+3380653]
	GetHandleVerifier [0x00007FF623CE7943+3690675]
	GetHandleVerifier [0x00007FF623CDC83B+3645355]
	GetHandleVerifier [0x00007FF623A28DD6+812358]
	(No symbol) [0x00007FF6238EAA4F]
	(No symbol) [0x00007FF6238E6A64]
	(No symbol) [0x00007FF6238E6C00]
	(No symbol) [0x00007FF6238D5B3F]
	BaseThreadInitThunk [0x00007FFFCBDEE8D7+23]
	RtlUserThreadStart [0x00007FFFCC57FBCC+44]

2024-12-06 20:29:35,411 - ERROR - Failed to fetch critic reviews link for https://www.imdb.com/title/tt11995448/?ref_=sr_t_15: Message: no such element: Unable to locate element: {"method":"css selector","selector":"a.isReview[href*="/criticreviews/"]"}
  (Session info: chrome=129.0.6668.42); For documentation on this error, please visit: https://www.selenium.dev/documentation/webdriver/troubleshooting/errors#no-such-element-exception
Stacktrace:
	GetHandleVerifier [0x00007FF623969C05+29557]
	(No symbol) [0x00007FF6238DF930]
	(No symbol) [0x00007FF62379B54A]
	(No symbol) [0x00007FF6237EF6A5]
	(No symbol) [0x00007FF6237EF8FC]
	(No symbol) [0x00007FF62383B797]
	(No symbol) [0x00007FF6238171DF]
	(No symbol) [0x00007FF62383853C]
	(No symbol) [0x00007FF623816F43]
	(No symbol) [0x00007FF6237E115F]
	(No symbol) [0x00007FF6237E22B1]
	GetHandleVerifier [0x00007FF623C9BE3D+3380653]
	GetHandleVerifier [0x00007FF623CE7943+3690675]
	GetHandleVerifier [0x00007FF623CDC83B+3645355]
	GetHandleVerifier [0x00007FF623A28DD6+812358]
	(No symbol) [0x00007FF6238EAA4F]
	(No symbol) [0x00007FF6238E6A64]
	(No symbol) [0x00007FF6238E6C00]
	(No symbol) [0x00007FF6238D5B3F]
	BaseThreadInitThunk [0x00007FFFCBDEE8D7+23]
	RtlUserThreadStart [0x00007FFFCC57FBCC+44]

2024-12-06 20:29:41,103 - ERROR - Year not found for https://www.imdb.com/title/tt21959272/?ref_=sr_t_16: Message: no such element: Unable to locate element: {"method":"xpath","selector":"(//a[@class="ipc-link ipc-link--baseAlt ipc-link--inherit-color"])[6]"}
  (Session info: chrome=129.0.6668.42); For documentation on this error, please visit: https://www.selenium.dev/documentation/webdriver/troubleshooting/errors#no-such-element-exception
Stacktrace:
	GetHandleVerifier [0x00007FF623969C05+29557]
	(No symbol) [0x00007FF6238DF930]
	(No symbol) [0x00007FF62379B54A]
	(No symbol) [0x00007FF6237EF6A5]
	(No symbol) [0x00007FF6237EF8FC]
	(No symbol) [0x00007FF62383B797]
	(No symbol) [0x00007FF6238171DF]
	(No symbol) [0x00007FF62383853C]
	(No symbol) [0x00007FF623816F43]
	(No symbol) [0x00007FF6237E115F]
	(No symbol) [0x00007FF6237E22B1]
	GetHandleVerifier [0x00007FF623C9BE3D+3380653]
	GetHandleVerifier [0x00007FF623CE7943+3690675]
	GetHandleVerifier [0x00007FF623CDC83B+3645355]
	GetHandleVerifier [0x00007FF623A28DD6+812358]
	(No symbol) [0x00007FF6238EAA4F]
	(No symbol) [0x00007FF6238E6A64]
	(No symbol) [0x00007FF6238E6C00]
	(No symbol) [0x00007FF6238D5B3F]
	BaseThreadInitThunk [0x00007FFFCBDEE8D7+23]
	RtlUserThreadStart [0x00007FFFCC57FBCC+44]

2024-12-06 20:29:41,265 - ERROR - Metascore not found for https://www.imdb.com/title/tt21959272/?ref_=sr_t_16: Message: no such element: Unable to locate element: {"method":"css selector","selector":"span.sc-b0901df4-0"}
  (Session info: chrome=129.0.6668.42); For documentation on this error, please visit: https://www.selenium.dev/documentation/webdriver/troubleshooting/errors#no-such-element-exception
Stacktrace:
	GetHandleVerifier [0x00007FF623969C05+29557]
	(No symbol) [0x00007FF6238DF930]
	(No symbol) [0x00007FF62379B54A]
	(No symbol) [0x00007FF6237EF6A5]
	(No symbol) [0x00007FF6237EF8FC]
	(No symbol) [0x00007FF62383B797]
	(No symbol) [0x00007FF6238171DF]
	(No symbol) [0x00007FF62383853C]
	(No symbol) [0x00007FF623816F43]
	(No symbol) [0x00007FF6237E115F]
	(No symbol) [0x00007FF6237E22B1]
	GetHandleVerifier [0x00007FF623C9BE3D+3380653]
	GetHandleVerifier [0x00007FF623CE7943+3690675]
	GetHandleVerifier [0x00007FF623CDC83B+3645355]
	GetHandleVerifier [0x00007FF623A28DD6+812358]
	(No symbol) [0x00007FF6238EAA4F]
	(No symbol) [0x00007FF6238E6A64]
	(No symbol) [0x00007FF6238E6C00]
	(No symbol) [0x00007FF6238D5B3F]
	BaseThreadInitThunk [0x00007FFFCBDEE8D7+23]
	RtlUserThreadStart [0x00007FFFCC57FBCC+44]

2024-12-06 20:29:41,346 - ERROR - Failed to fetch box office data for https://www.imdb.com/title/tt21959272/?ref_=sr_t_16: Message: no such element: Unable to locate element: {"method":"css selector","selector":"section[data-testid="BoxOffice"]"}
  (Session info: chrome=129.0.6668.42); For documentation on this error, please visit: https://www.selenium.dev/documentation/webdriver/troubleshooting/errors#no-such-element-exception
Stacktrace:
	GetHandleVerifier [0x00007FF623969C05+29557]
	(No symbol) [0x00007FF6238DF930]
	(No symbol) [0x00007FF62379B54A]
	(No symbol) [0x00007FF6237EF6A5]
	(No symbol) [0x00007FF6237EF8FC]
	(No symbol) [0x00007FF62383B797]
	(No symbol) [0x00007FF6238171DF]
	(No symbol) [0x00007FF62383853C]
	(No symbol) [0x00007FF623816F43]
	(No symbol) [0x00007FF6237E115F]
	(No symbol) [0x00007FF6237E22B1]
	GetHandleVerifier [0x00007FF623C9BE3D+3380653]
	GetHandleVerifier [0x00007FF623CE7943+3690675]
	GetHandleVerifier [0x00007FF623CDC83B+3645355]
	GetHandleVerifier [0x00007FF623A28DD6+812358]
	(No symbol) [0x00007FF6238EAA4F]
	(No symbol) [0x00007FF6238E6A64]
	(No symbol) [0x00007FF6238E6C00]
	(No symbol) [0x00007FF6238D5B3F]
	BaseThreadInitThunk [0x00007FFFCBDEE8D7+23]
	RtlUserThreadStart [0x00007FFFCC57FBCC+44]

2024-12-06 20:29:41,373 - ERROR - Failed to fetch critic reviews link for https://www.imdb.com/title/tt21959272/?ref_=sr_t_16: Message: no such element: Unable to locate element: {"method":"css selector","selector":"a.isReview[href*="/criticreviews/"]"}
  (Session info: chrome=129.0.6668.42); For documentation on this error, please visit: https://www.selenium.dev/documentation/webdriver/troubleshooting/errors#no-such-element-exception
Stacktrace:
	GetHandleVerifier [0x00007FF623969C05+29557]
	(No symbol) [0x00007FF6238DF930]
	(No symbol) [0x00007FF62379B54A]
	(No symbol) [0x00007FF6237EF6A5]
	(No symbol) [0x00007FF6237EF8FC]
	(No symbol) [0x00007FF62383B797]
	(No symbol) [0x00007FF6238171DF]
	(No symbol) [0x00007FF62383853C]
	(No symbol) [0x00007FF623816F43]
	(No symbol) [0x00007FF6237E115F]
	(No symbol) [0x00007FF6237E22B1]
	GetHandleVerifier [0x00007FF623C9BE3D+3380653]
	GetHandleVerifier [0x00007FF623CE7943+3690675]
	GetHandleVerifier [0x00007FF623CDC83B+3645355]
	GetHandleVerifier [0x00007FF623A28DD6+812358]
	(No symbol) [0x00007FF6238EAA4F]
	(No symbol) [0x00007FF6238E6A64]
	(No symbol) [0x00007FF6238E6C00]
	(No symbol) [0x00007FF6238D5B3F]
	BaseThreadInitThunk [0x00007FFFCBDEE8D7+23]
	RtlUserThreadStart [0x00007FFFCC57FBCC+44]

2024-12-06 20:29:50,637 - WARNING - Retrying (Retry(total=2, connect=None, read=None, redirect=None, status=None)) after connection broken by 'ConnectionResetError(10054, 'An existing connection was forcibly closed by the remote host', None, 10054, None)': /session/6b3e56e86dc2ebb614dd28010071d17c
2024-12-06 20:34:20,684 - INFO - Navigating to search URL
2024-12-06 20:34:27,121 - INFO - Clicked 'See More' button
2024-12-06 20:34:32,160 - INFO - New movies loaded
2024-12-06 20:34:32,175 - ERROR - Error while trying to click 'See More' button: Message: no such element: Unable to locate element: {"method":"xpath","selector":"//span[contains(@class, "ipc-see-more")]/button[contains(@class, "ipc-see-more__button")]"}
  (Session info: chrome=129.0.6668.42); For documentation on this error, please visit: https://www.selenium.dev/documentation/webdriver/troubleshooting/errors#no-such-element-exception
Stacktrace:
	GetHandleVerifier [0x00007FF623969C05+29557]
	(No symbol) [0x00007FF6238DF930]
	(No symbol) [0x00007FF62379B54A]
	(No symbol) [0x00007FF6237EF6A5]
	(No symbol) [0x00007FF6237EF8FC]
	(No symbol) [0x00007FF62383B797]
	(No symbol) [0x00007FF6238171DF]
	(No symbol) [0x00007FF62383853C]
	(No symbol) [0x00007FF623816F43]
	(No symbol) [0x00007FF6237E115F]
	(No symbol) [0x00007FF6237E22B1]
	GetHandleVerifier [0x00007FF623C9BE3D+3380653]
	GetHandleVerifier [0x00007FF623CE7943+3690675]
	GetHandleVerifier [0x00007FF623CDC83B+3645355]
	GetHandleVerifier [0x00007FF623A28DD6+812358]
	(No symbol) [0x00007FF6238EAA4F]
	(No symbol) [0x00007FF6238E6A64]
	(No symbol) [0x00007FF6238E6C00]
	(No symbol) [0x00007FF6238D5B3F]
	BaseThreadInitThunk [0x00007FFFCBDEE8D7+23]
	RtlUserThreadStart [0x00007FFFCC57FBCC+44]

2024-12-06 20:34:32,739 - INFO - Found 72 movie URLs on the final page
2024-12-06 20:34:38,000 - ERROR - Year not found for https://www.imdb.com/title/tt30317302/?ref_=sr_t_1: Message: no such element: Unable to locate element: {"method":"xpath","selector":"(//a[@class="ipc-link ipc-link--baseAlt ipc-link--inherit-color"])[6]"}
  (Session info: chrome=129.0.6668.42); For documentation on this error, please visit: https://www.selenium.dev/documentation/webdriver/troubleshooting/errors#no-such-element-exception
Stacktrace:
	GetHandleVerifier [0x00007FF623969C05+29557]
	(No symbol) [0x00007FF6238DF930]
	(No symbol) [0x00007FF62379B54A]
	(No symbol) [0x00007FF6237EF6A5]
	(No symbol) [0x00007FF6237EF8FC]
	(No symbol) [0x00007FF62383B797]
	(No symbol) [0x00007FF6238171DF]
	(No symbol) [0x00007FF62383853C]
	(No symbol) [0x00007FF623816F43]
	(No symbol) [0x00007FF6237E115F]
	(No symbol) [0x00007FF6237E22B1]
	GetHandleVerifier [0x00007FF623C9BE3D+3380653]
	GetHandleVerifier [0x00007FF623CE7943+3690675]
	GetHandleVerifier [0x00007FF623CDC83B+3645355]
	GetHandleVerifier [0x00007FF623A28DD6+812358]
	(No symbol) [0x00007FF6238EAA4F]
	(No symbol) [0x00007FF6238E6A64]
	(No symbol) [0x00007FF6238E6C00]
	(No symbol) [0x00007FF6238D5B3F]
	BaseThreadInitThunk [0x00007FFFCBDEE8D7+23]
	RtlUserThreadStart [0x00007FFFCC57FBCC+44]

2024-12-06 20:34:38,218 - ERROR - Metascore not found for https://www.imdb.com/title/tt30317302/?ref_=sr_t_1: Message: no such element: Unable to locate element: {"method":"css selector","selector":"span.sc-b0901df4-0"}
  (Session info: chrome=129.0.6668.42); For documentation on this error, please visit: https://www.selenium.dev/documentation/webdriver/troubleshooting/errors#no-such-element-exception
Stacktrace:
	GetHandleVerifier [0x00007FF623969C05+29557]
	(No symbol) [0x00007FF6238DF930]
	(No symbol) [0x00007FF62379B54A]
	(No symbol) [0x00007FF6237EF6A5]
	(No symbol) [0x00007FF6237EF8FC]
	(No symbol) [0x00007FF62383B797]
	(No symbol) [0x00007FF6238171DF]
	(No symbol) [0x00007FF62383853C]
	(No symbol) [0x00007FF623816F43]
	(No symbol) [0x00007FF6237E115F]
	(No symbol) [0x00007FF6237E22B1]
	GetHandleVerifier [0x00007FF623C9BE3D+3380653]
	GetHandleVerifier [0x00007FF623CE7943+3690675]
	GetHandleVerifier [0x00007FF623CDC83B+3645355]
	GetHandleVerifier [0x00007FF623A28DD6+812358]
	(No symbol) [0x00007FF6238EAA4F]
	(No symbol) [0x00007FF6238E6A64]
	(No symbol) [0x00007FF6238E6C00]
	(No symbol) [0x00007FF6238D5B3F]
	BaseThreadInitThunk [0x00007FFFCBDEE8D7+23]
	RtlUserThreadStart [0x00007FFFCC57FBCC+44]

2024-12-06 20:34:38,421 - ERROR - Failed to fetch box office data for https://www.imdb.com/title/tt30317302/?ref_=sr_t_1: Message: no such element: Unable to locate element: {"method":"css selector","selector":"section[data-testid="BoxOffice"]"}
  (Session info: chrome=129.0.6668.42); For documentation on this error, please visit: https://www.selenium.dev/documentation/webdriver/troubleshooting/errors#no-such-element-exception
Stacktrace:
	GetHandleVerifier [0x00007FF623969C05+29557]
	(No symbol) [0x00007FF6238DF930]
	(No symbol) [0x00007FF62379B54A]
	(No symbol) [0x00007FF6237EF6A5]
	(No symbol) [0x00007FF6237EF8FC]
	(No symbol) [0x00007FF62383B797]
	(No symbol) [0x00007FF6238171DF]
	(No symbol) [0x00007FF62383853C]
	(No symbol) [0x00007FF623816F43]
	(No symbol) [0x00007FF6237E115F]
	(No symbol) [0x00007FF6237E22B1]
	GetHandleVerifier [0x00007FF623C9BE3D+3380653]
	GetHandleVerifier [0x00007FF623CE7943+3690675]
	GetHandleVerifier [0x00007FF623CDC83B+3645355]
	GetHandleVerifier [0x00007FF623A28DD6+812358]
	(No symbol) [0x00007FF6238EAA4F]
	(No symbol) [0x00007FF6238E6A64]
	(No symbol) [0x00007FF6238E6C00]
	(No symbol) [0x00007FF6238D5B3F]
	BaseThreadInitThunk [0x00007FFFCBDEE8D7+23]
	RtlUserThreadStart [0x00007FFFCC57FBCC+44]

2024-12-06 20:34:38,485 - ERROR - Failed to fetch critic reviews link for https://www.imdb.com/title/tt30317302/?ref_=sr_t_1: Message: no such element: Unable to locate element: {"method":"css selector","selector":"a.isReview[href*="/criticreviews/"]"}
  (Session info: chrome=129.0.6668.42); For documentation on this error, please visit: https://www.selenium.dev/documentation/webdriver/troubleshooting/errors#no-such-element-exception
Stacktrace:
	GetHandleVerifier [0x00007FF623969C05+29557]
	(No symbol) [0x00007FF6238DF930]
	(No symbol) [0x00007FF62379B54A]
	(No symbol) [0x00007FF6237EF6A5]
	(No symbol) [0x00007FF6237EF8FC]
	(No symbol) [0x00007FF62383B797]
	(No symbol) [0x00007FF6238171DF]
	(No symbol) [0x00007FF62383853C]
	(No symbol) [0x00007FF623816F43]
	(No symbol) [0x00007FF6237E115F]
	(No symbol) [0x00007FF6237E22B1]
	GetHandleVerifier [0x00007FF623C9BE3D+3380653]
	GetHandleVerifier [0x00007FF623CE7943+3690675]
	GetHandleVerifier [0x00007FF623CDC83B+3645355]
	GetHandleVerifier [0x00007FF623A28DD6+812358]
	(No symbol) [0x00007FF6238EAA4F]
	(No symbol) [0x00007FF6238E6A64]
	(No symbol) [0x00007FF6238E6C00]
	(No symbol) [0x00007FF6238D5B3F]
	BaseThreadInitThunk [0x00007FFFCBDEE8D7+23]
	RtlUserThreadStart [0x00007FFFCC57FBCC+44]

2024-12-06 20:34:48,766 - ERROR - Year not found for https://www.imdb.com/title/tt26902267/?ref_=sr_t_2: Message: no such element: Unable to locate element: {"method":"xpath","selector":"(//a[@class="ipc-link ipc-link--baseAlt ipc-link--inherit-color"])[6]"}
  (Session info: chrome=129.0.6668.42); For documentation on this error, please visit: https://www.selenium.dev/documentation/webdriver/troubleshooting/errors#no-such-element-exception
Stacktrace:
	GetHandleVerifier [0x00007FF623969C05+29557]
	(No symbol) [0x00007FF6238DF930]
	(No symbol) [0x00007FF62379B54A]
	(No symbol) [0x00007FF6237EF6A5]
	(No symbol) [0x00007FF6237EF8FC]
	(No symbol) [0x00007FF62383B797]
	(No symbol) [0x00007FF6238171DF]
	(No symbol) [0x00007FF62383853C]
	(No symbol) [0x00007FF623816F43]
	(No symbol) [0x00007FF6237E115F]
	(No symbol) [0x00007FF6237E22B1]
	GetHandleVerifier [0x00007FF623C9BE3D+3380653]
	GetHandleVerifier [0x00007FF623CE7943+3690675]
	GetHandleVerifier [0x00007FF623CDC83B+3645355]
	GetHandleVerifier [0x00007FF623A28DD6+812358]
	(No symbol) [0x00007FF6238EAA4F]
	(No symbol) [0x00007FF6238E6A64]
	(No symbol) [0x00007FF6238E6C00]
	(No symbol) [0x00007FF6238D5B3F]
	BaseThreadInitThunk [0x00007FFFCBDEE8D7+23]
	RtlUserThreadStart [0x00007FFFCC57FBCC+44]

2024-12-06 20:34:49,044 - ERROR - Metascore not found for https://www.imdb.com/title/tt26902267/?ref_=sr_t_2: Message: no such element: Unable to locate element: {"method":"css selector","selector":"span.sc-b0901df4-0"}
  (Session info: chrome=129.0.6668.42); For documentation on this error, please visit: https://www.selenium.dev/documentation/webdriver/troubleshooting/errors#no-such-element-exception
Stacktrace:
	GetHandleVerifier [0x00007FF623969C05+29557]
	(No symbol) [0x00007FF6238DF930]
	(No symbol) [0x00007FF62379B54A]
	(No symbol) [0x00007FF6237EF6A5]
	(No symbol) [0x00007FF6237EF8FC]
	(No symbol) [0x00007FF62383B797]
	(No symbol) [0x00007FF6238171DF]
	(No symbol) [0x00007FF62383853C]
	(No symbol) [0x00007FF623816F43]
	(No symbol) [0x00007FF6237E115F]
	(No symbol) [0x00007FF6237E22B1]
	GetHandleVerifier [0x00007FF623C9BE3D+3380653]
	GetHandleVerifier [0x00007FF623CE7943+3690675]
	GetHandleVerifier [0x00007FF623CDC83B+3645355]
	GetHandleVerifier [0x00007FF623A28DD6+812358]
	(No symbol) [0x00007FF6238EAA4F]
	(No symbol) [0x00007FF6238E6A64]
	(No symbol) [0x00007FF6238E6C00]
	(No symbol) [0x00007FF6238D5B3F]
	BaseThreadInitThunk [0x00007FFFCBDEE8D7+23]
	RtlUserThreadStart [0x00007FFFCC57FBCC+44]

2024-12-06 20:34:49,200 - ERROR - Failed to fetch box office data for https://www.imdb.com/title/tt26902267/?ref_=sr_t_2: Message: no such element: Unable to locate element: {"method":"css selector","selector":"section[data-testid="BoxOffice"]"}
  (Session info: chrome=129.0.6668.42); For documentation on this error, please visit: https://www.selenium.dev/documentation/webdriver/troubleshooting/errors#no-such-element-exception
Stacktrace:
	GetHandleVerifier [0x00007FF623969C05+29557]
	(No symbol) [0x00007FF6238DF930]
	(No symbol) [0x00007FF62379B54A]
	(No symbol) [0x00007FF6237EF6A5]
	(No symbol) [0x00007FF6237EF8FC]
	(No symbol) [0x00007FF62383B797]
	(No symbol) [0x00007FF6238171DF]
	(No symbol) [0x00007FF62383853C]
	(No symbol) [0x00007FF623816F43]
	(No symbol) [0x00007FF6237E115F]
	(No symbol) [0x00007FF6237E22B1]
	GetHandleVerifier [0x00007FF623C9BE3D+3380653]
	GetHandleVerifier [0x00007FF623CE7943+3690675]
	GetHandleVerifier [0x00007FF623CDC83B+3645355]
	GetHandleVerifier [0x00007FF623A28DD6+812358]
	(No symbol) [0x00007FF6238EAA4F]
	(No symbol) [0x00007FF6238E6A64]
	(No symbol) [0x00007FF6238E6C00]
	(No symbol) [0x00007FF6238D5B3F]
	BaseThreadInitThunk [0x00007FFFCBDEE8D7+23]
	RtlUserThreadStart [0x00007FFFCC57FBCC+44]

2024-12-06 20:34:49,233 - ERROR - Failed to fetch critic reviews link for https://www.imdb.com/title/tt26902267/?ref_=sr_t_2: Message: no such element: Unable to locate element: {"method":"css selector","selector":"a.isReview[href*="/criticreviews/"]"}
  (Session info: chrome=129.0.6668.42); For documentation on this error, please visit: https://www.selenium.dev/documentation/webdriver/troubleshooting/errors#no-such-element-exception
Stacktrace:
	GetHandleVerifier [0x00007FF623969C05+29557]
	(No symbol) [0x00007FF6238DF930]
	(No symbol) [0x00007FF62379B54A]
	(No symbol) [0x00007FF6237EF6A5]
	(No symbol) [0x00007FF6237EF8FC]
	(No symbol) [0x00007FF62383B797]
	(No symbol) [0x00007FF6238171DF]
	(No symbol) [0x00007FF62383853C]
	(No symbol) [0x00007FF623816F43]
	(No symbol) [0x00007FF6237E115F]
	(No symbol) [0x00007FF6237E22B1]
	GetHandleVerifier [0x00007FF623C9BE3D+3380653]
	GetHandleVerifier [0x00007FF623CE7943+3690675]
	GetHandleVerifier [0x00007FF623CDC83B+3645355]
	GetHandleVerifier [0x00007FF623A28DD6+812358]
	(No symbol) [0x00007FF6238EAA4F]
	(No symbol) [0x00007FF6238E6A64]
	(No symbol) [0x00007FF6238E6C00]
	(No symbol) [0x00007FF6238D5B3F]
	BaseThreadInitThunk [0x00007FFFCBDEE8D7+23]
	RtlUserThreadStart [0x00007FFFCC57FBCC+44]

2024-12-06 20:34:58,169 - ERROR - Year not found for https://www.imdb.com/title/tt28480262/?ref_=sr_t_3: Message: no such element: Unable to locate element: {"method":"xpath","selector":"(//a[@class="ipc-link ipc-link--baseAlt ipc-link--inherit-color"])[6]"}
  (Session info: chrome=129.0.6668.42); For documentation on this error, please visit: https://www.selenium.dev/documentation/webdriver/troubleshooting/errors#no-such-element-exception
Stacktrace:
	GetHandleVerifier [0x00007FF623969C05+29557]
	(No symbol) [0x00007FF6238DF930]
	(No symbol) [0x00007FF62379B54A]
	(No symbol) [0x00007FF6237EF6A5]
	(No symbol) [0x00007FF6237EF8FC]
	(No symbol) [0x00007FF62383B797]
	(No symbol) [0x00007FF6238171DF]
	(No symbol) [0x00007FF62383853C]
	(No symbol) [0x00007FF623816F43]
	(No symbol) [0x00007FF6237E115F]
	(No symbol) [0x00007FF6237E22B1]
	GetHandleVerifier [0x00007FF623C9BE3D+3380653]
	GetHandleVerifier [0x00007FF623CE7943+3690675]
	GetHandleVerifier [0x00007FF623CDC83B+3645355]
	GetHandleVerifier [0x00007FF623A28DD6+812358]
	(No symbol) [0x00007FF6238EAA4F]
	(No symbol) [0x00007FF6238E6A64]
	(No symbol) [0x00007FF6238E6C00]
	(No symbol) [0x00007FF6238D5B3F]
	BaseThreadInitThunk [0x00007FFFCBDEE8D7+23]
	RtlUserThreadStart [0x00007FFFCC57FBCC+44]

2024-12-06 20:34:58,467 - ERROR - Metascore not found for https://www.imdb.com/title/tt28480262/?ref_=sr_t_3: Message: no such element: Unable to locate element: {"method":"css selector","selector":"span.sc-b0901df4-0"}
  (Session info: chrome=129.0.6668.42); For documentation on this error, please visit: https://www.selenium.dev/documentation/webdriver/troubleshooting/errors#no-such-element-exception
Stacktrace:
	GetHandleVerifier [0x00007FF623969C05+29557]
	(No symbol) [0x00007FF6238DF930]
	(No symbol) [0x00007FF62379B54A]
	(No symbol) [0x00007FF6237EF6A5]
	(No symbol) [0x00007FF6237EF8FC]
	(No symbol) [0x00007FF62383B797]
	(No symbol) [0x00007FF6238171DF]
	(No symbol) [0x00007FF62383853C]
	(No symbol) [0x00007FF623816F43]
	(No symbol) [0x00007FF6237E115F]
	(No symbol) [0x00007FF6237E22B1]
	GetHandleVerifier [0x00007FF623C9BE3D+3380653]
	GetHandleVerifier [0x00007FF623CE7943+3690675]
	GetHandleVerifier [0x00007FF623CDC83B+3645355]
	GetHandleVerifier [0x00007FF623A28DD6+812358]
	(No symbol) [0x00007FF6238EAA4F]
	(No symbol) [0x00007FF6238E6A64]
	(No symbol) [0x00007FF6238E6C00]
	(No symbol) [0x00007FF6238D5B3F]
	BaseThreadInitThunk [0x00007FFFCBDEE8D7+23]
	RtlUserThreadStart [0x00007FFFCC57FBCC+44]

2024-12-06 20:34:58,492 - ERROR - Runtime not found for https://www.imdb.com/title/tt28480262/?ref_=sr_t_3: Message: no such element: Unable to locate element: {"method":"css selector","selector":"li[data-testid="title-techspec_runtime"] .ipc-metadata-list-item__content-container"}
  (Session info: chrome=129.0.6668.42); For documentation on this error, please visit: https://www.selenium.dev/documentation/webdriver/troubleshooting/errors#no-such-element-exception
Stacktrace:
	GetHandleVerifier [0x00007FF623969C05+29557]
	(No symbol) [0x00007FF6238DF930]
	(No symbol) [0x00007FF62379B54A]
	(No symbol) [0x00007FF6237EF6A5]
	(No symbol) [0x00007FF6237EF8FC]
	(No symbol) [0x00007FF62383B797]
	(No symbol) [0x00007FF6238171DF]
	(No symbol) [0x00007FF62383853C]
	(No symbol) [0x00007FF623816F43]
	(No symbol) [0x00007FF6237E115F]
	(No symbol) [0x00007FF6237E22B1]
	GetHandleVerifier [0x00007FF623C9BE3D+3380653]
	GetHandleVerifier [0x00007FF623CE7943+3690675]
	GetHandleVerifier [0x00007FF623CDC83B+3645355]
	GetHandleVerifier [0x00007FF623A28DD6+812358]
	(No symbol) [0x00007FF6238EAA4F]
	(No symbol) [0x00007FF6238E6A64]
	(No symbol) [0x00007FF6238E6C00]
	(No symbol) [0x00007FF6238D5B3F]
	BaseThreadInitThunk [0x00007FFFCBDEE8D7+23]
	RtlUserThreadStart [0x00007FFFCC57FBCC+44]

2024-12-06 20:34:58,509 - ERROR - User reviews count not found for https://www.imdb.com/title/tt28480262/?ref_=sr_t_3: Message: no such element: Unable to locate element: {"method":"css selector","selector":"a.ipc-link--baseAlt[href*="/reviews/"] span.score"}
  (Session info: chrome=129.0.6668.42); For documentation on this error, please visit: https://www.selenium.dev/documentation/webdriver/troubleshooting/errors#no-such-element-exception
Stacktrace:
	GetHandleVerifier [0x00007FF623969C05+29557]
	(No symbol) [0x00007FF6238DF930]
	(No symbol) [0x00007FF62379B54A]
	(No symbol) [0x00007FF6237EF6A5]
	(No symbol) [0x00007FF6237EF8FC]
	(No symbol) [0x00007FF62383B797]
	(No symbol) [0x00007FF6238171DF]
	(No symbol) [0x00007FF62383853C]
	(No symbol) [0x00007FF623816F43]
	(No symbol) [0x00007FF6237E115F]
	(No symbol) [0x00007FF6237E22B1]
	GetHandleVerifier [0x00007FF623C9BE3D+3380653]
	GetHandleVerifier [0x00007FF623CE7943+3690675]
	GetHandleVerifier [0x00007FF623CDC83B+3645355]
	GetHandleVerifier [0x00007FF623A28DD6+812358]
	(No symbol) [0x00007FF6238EAA4F]
	(No symbol) [0x00007FF6238E6A64]
	(No symbol) [0x00007FF6238E6C00]
	(No symbol) [0x00007FF6238D5B3F]
	BaseThreadInitThunk [0x00007FFFCBDEE8D7+23]
	RtlUserThreadStart [0x00007FFFCC57FBCC+44]

2024-12-06 20:34:58,519 - ERROR - Critic reviews count not found for https://www.imdb.com/title/tt28480262/?ref_=sr_t_3: Message: no such element: Unable to locate element: {"method":"css selector","selector":"a.ipc-link--baseAlt[href*="/externalreviews/"] span.score"}
  (Session info: chrome=129.0.6668.42); For documentation on this error, please visit: https://www.selenium.dev/documentation/webdriver/troubleshooting/errors#no-such-element-exception
Stacktrace:
	GetHandleVerifier [0x00007FF623969C05+29557]
	(No symbol) [0x00007FF6238DF930]
	(No symbol) [0x00007FF62379B54A]
	(No symbol) [0x00007FF6237EF6A5]
	(No symbol) [0x00007FF6237EF8FC]
	(No symbol) [0x00007FF62383B797]
	(No symbol) [0x00007FF6238171DF]
	(No symbol) [0x00007FF62383853C]
	(No symbol) [0x00007FF623816F43]
	(No symbol) [0x00007FF6237E115F]
	(No symbol) [0x00007FF6237E22B1]
	GetHandleVerifier [0x00007FF623C9BE3D+3380653]
	GetHandleVerifier [0x00007FF623CE7943+3690675]
	GetHandleVerifier [0x00007FF623CDC83B+3645355]
	GetHandleVerifier [0x00007FF623A28DD6+812358]
	(No symbol) [0x00007FF6238EAA4F]
	(No symbol) [0x00007FF6238E6A64]
	(No symbol) [0x00007FF6238E6C00]
	(No symbol) [0x00007FF6238D5B3F]
	BaseThreadInitThunk [0x00007FFFCBDEE8D7+23]
	RtlUserThreadStart [0x00007FFFCC57FBCC+44]

2024-12-06 20:34:58,623 - ERROR - Failed to fetch user reviews link for https://www.imdb.com/title/tt28480262/?ref_=sr_t_3: Message: no such element: Unable to locate element: {"method":"css selector","selector":"a.isReview[href*="/reviews/"]"}
  (Session info: chrome=129.0.6668.42); For documentation on this error, please visit: https://www.selenium.dev/documentation/webdriver/troubleshooting/errors#no-such-element-exception
Stacktrace:
	GetHandleVerifier [0x00007FF623969C05+29557]
	(No symbol) [0x00007FF6238DF930]
	(No symbol) [0x00007FF62379B54A]
	(No symbol) [0x00007FF6237EF6A5]
	(No symbol) [0x00007FF6237EF8FC]
	(No symbol) [0x00007FF62383B797]
	(No symbol) [0x00007FF6238171DF]
	(No symbol) [0x00007FF62383853C]
	(No symbol) [0x00007FF623816F43]
	(No symbol) [0x00007FF6237E115F]
	(No symbol) [0x00007FF6237E22B1]
	GetHandleVerifier [0x00007FF623C9BE3D+3380653]
	GetHandleVerifier [0x00007FF623CE7943+3690675]
	GetHandleVerifier [0x00007FF623CDC83B+3645355]
	GetHandleVerifier [0x00007FF623A28DD6+812358]
	(No symbol) [0x00007FF6238EAA4F]
	(No symbol) [0x00007FF6238E6A64]
	(No symbol) [0x00007FF6238E6C00]
	(No symbol) [0x00007FF6238D5B3F]
	BaseThreadInitThunk [0x00007FFFCBDEE8D7+23]
	RtlUserThreadStart [0x00007FFFCC57FBCC+44]

2024-12-06 20:34:58,636 - ERROR - Failed to fetch critic reviews link for https://www.imdb.com/title/tt28480262/?ref_=sr_t_3: Message: no such element: Unable to locate element: {"method":"css selector","selector":"a.isReview[href*="/criticreviews/"]"}
  (Session info: chrome=129.0.6668.42); For documentation on this error, please visit: https://www.selenium.dev/documentation/webdriver/troubleshooting/errors#no-such-element-exception
Stacktrace:
	GetHandleVerifier [0x00007FF623969C05+29557]
	(No symbol) [0x00007FF6238DF930]
	(No symbol) [0x00007FF62379B54A]
	(No symbol) [0x00007FF6237EF6A5]
	(No symbol) [0x00007FF6237EF8FC]
	(No symbol) [0x00007FF62383B797]
	(No symbol) [0x00007FF6238171DF]
	(No symbol) [0x00007FF62383853C]
	(No symbol) [0x00007FF623816F43]
	(No symbol) [0x00007FF6237E115F]
	(No symbol) [0x00007FF6237E22B1]
	GetHandleVerifier [0x00007FF623C9BE3D+3380653]
	GetHandleVerifier [0x00007FF623CE7943+3690675]
	GetHandleVerifier [0x00007FF623CDC83B+3645355]
	GetHandleVerifier [0x00007FF623A28DD6+812358]
	(No symbol) [0x00007FF6238EAA4F]
	(No symbol) [0x00007FF6238E6A64]
	(No symbol) [0x00007FF6238E6C00]
	(No symbol) [0x00007FF6238D5B3F]
	BaseThreadInitThunk [0x00007FFFCBDEE8D7+23]
	RtlUserThreadStart [0x00007FFFCC57FBCC+44]

2024-12-06 20:35:04,576 - ERROR - Year not found for https://www.imdb.com/title/tt27726037/?ref_=sr_t_4: Message: no such element: Unable to locate element: {"method":"xpath","selector":"(//a[@class="ipc-link ipc-link--baseAlt ipc-link--inherit-color"])[6]"}
  (Session info: chrome=129.0.6668.42); For documentation on this error, please visit: https://www.selenium.dev/documentation/webdriver/troubleshooting/errors#no-such-element-exception
Stacktrace:
	GetHandleVerifier [0x00007FF623969C05+29557]
	(No symbol) [0x00007FF6238DF930]
	(No symbol) [0x00007FF62379B54A]
	(No symbol) [0x00007FF6237EF6A5]
	(No symbol) [0x00007FF6237EF8FC]
	(No symbol) [0x00007FF62383B797]
	(No symbol) [0x00007FF6238171DF]
	(No symbol) [0x00007FF62383853C]
	(No symbol) [0x00007FF623816F43]
	(No symbol) [0x00007FF6237E115F]
	(No symbol) [0x00007FF6237E22B1]
	GetHandleVerifier [0x00007FF623C9BE3D+3380653]
	GetHandleVerifier [0x00007FF623CE7943+3690675]
	GetHandleVerifier [0x00007FF623CDC83B+3645355]
	GetHandleVerifier [0x00007FF623A28DD6+812358]
	(No symbol) [0x00007FF6238EAA4F]
	(No symbol) [0x00007FF6238E6A64]
	(No symbol) [0x00007FF6238E6C00]
	(No symbol) [0x00007FF6238D5B3F]
	BaseThreadInitThunk [0x00007FFFCBDEE8D7+23]
	RtlUserThreadStart [0x00007FFFCC57FBCC+44]

2024-12-06 20:35:04,768 - ERROR - Metascore not found for https://www.imdb.com/title/tt27726037/?ref_=sr_t_4: Message: no such element: Unable to locate element: {"method":"css selector","selector":"span.sc-b0901df4-0"}
  (Session info: chrome=129.0.6668.42); For documentation on this error, please visit: https://www.selenium.dev/documentation/webdriver/troubleshooting/errors#no-such-element-exception
Stacktrace:
	GetHandleVerifier [0x00007FF623969C05+29557]
	(No symbol) [0x00007FF6238DF930]
	(No symbol) [0x00007FF62379B54A]
	(No symbol) [0x00007FF6237EF6A5]
	(No symbol) [0x00007FF6237EF8FC]
	(No symbol) [0x00007FF62383B797]
	(No symbol) [0x00007FF6238171DF]
	(No symbol) [0x00007FF62383853C]
	(No symbol) [0x00007FF623816F43]
	(No symbol) [0x00007FF6237E115F]
	(No symbol) [0x00007FF6237E22B1]
	GetHandleVerifier [0x00007FF623C9BE3D+3380653]
	GetHandleVerifier [0x00007FF623CE7943+3690675]
	GetHandleVerifier [0x00007FF623CDC83B+3645355]
	GetHandleVerifier [0x00007FF623A28DD6+812358]
	(No symbol) [0x00007FF6238EAA4F]
	(No symbol) [0x00007FF6238E6A64]
	(No symbol) [0x00007FF6238E6C00]
	(No symbol) [0x00007FF6238D5B3F]
	BaseThreadInitThunk [0x00007FFFCBDEE8D7+23]
	RtlUserThreadStart [0x00007FFFCC57FBCC+44]

2024-12-06 20:35:04,848 - ERROR - User reviews count not found for https://www.imdb.com/title/tt27726037/?ref_=sr_t_4: Message: no such element: Unable to locate element: {"method":"css selector","selector":"a.ipc-link--baseAlt[href*="/reviews/"] span.score"}
  (Session info: chrome=129.0.6668.42); For documentation on this error, please visit: https://www.selenium.dev/documentation/webdriver/troubleshooting/errors#no-such-element-exception
Stacktrace:
	GetHandleVerifier [0x00007FF623969C05+29557]
	(No symbol) [0x00007FF6238DF930]
	(No symbol) [0x00007FF62379B54A]
	(No symbol) [0x00007FF6237EF6A5]
	(No symbol) [0x00007FF6237EF8FC]
	(No symbol) [0x00007FF62383B797]
	(No symbol) [0x00007FF6238171DF]
	(No symbol) [0x00007FF62383853C]
	(No symbol) [0x00007FF623816F43]
	(No symbol) [0x00007FF6237E115F]
	(No symbol) [0x00007FF6237E22B1]
	GetHandleVerifier [0x00007FF623C9BE3D+3380653]
	GetHandleVerifier [0x00007FF623CE7943+3690675]
	GetHandleVerifier [0x00007FF623CDC83B+3645355]
	GetHandleVerifier [0x00007FF623A28DD6+812358]
	(No symbol) [0x00007FF6238EAA4F]
	(No symbol) [0x00007FF6238E6A64]
	(No symbol) [0x00007FF6238E6C00]
	(No symbol) [0x00007FF6238D5B3F]
	BaseThreadInitThunk [0x00007FFFCBDEE8D7+23]
	RtlUserThreadStart [0x00007FFFCC57FBCC+44]

2024-12-06 20:35:04,860 - ERROR - Critic reviews count not found for https://www.imdb.com/title/tt27726037/?ref_=sr_t_4: Message: no such element: Unable to locate element: {"method":"css selector","selector":"a.ipc-link--baseAlt[href*="/externalreviews/"] span.score"}
  (Session info: chrome=129.0.6668.42); For documentation on this error, please visit: https://www.selenium.dev/documentation/webdriver/troubleshooting/errors#no-such-element-exception
Stacktrace:
	GetHandleVerifier [0x00007FF623969C05+29557]
	(No symbol) [0x00007FF6238DF930]
	(No symbol) [0x00007FF62379B54A]
	(No symbol) [0x00007FF6237EF6A5]
	(No symbol) [0x00007FF6237EF8FC]
	(No symbol) [0x00007FF62383B797]
	(No symbol) [0x00007FF6238171DF]
	(No symbol) [0x00007FF62383853C]
	(No symbol) [0x00007FF623816F43]
	(No symbol) [0x00007FF6237E115F]
	(No symbol) [0x00007FF6237E22B1]
	GetHandleVerifier [0x00007FF623C9BE3D+3380653]
	GetHandleVerifier [0x00007FF623CE7943+3690675]
	GetHandleVerifier [0x00007FF623CDC83B+3645355]
	GetHandleVerifier [0x00007FF623A28DD6+812358]
	(No symbol) [0x00007FF6238EAA4F]
	(No symbol) [0x00007FF6238E6A64]
	(No symbol) [0x00007FF6238E6C00]
	(No symbol) [0x00007FF6238D5B3F]
	BaseThreadInitThunk [0x00007FFFCBDEE8D7+23]
	RtlUserThreadStart [0x00007FFFCC57FBCC+44]

2024-12-06 20:35:04,871 - ERROR - Failed to fetch box office data for https://www.imdb.com/title/tt27726037/?ref_=sr_t_4: Message: no such element: Unable to locate element: {"method":"css selector","selector":"section[data-testid="BoxOffice"]"}
  (Session info: chrome=129.0.6668.42); For documentation on this error, please visit: https://www.selenium.dev/documentation/webdriver/troubleshooting/errors#no-such-element-exception
Stacktrace:
	GetHandleVerifier [0x00007FF623969C05+29557]
	(No symbol) [0x00007FF6238DF930]
	(No symbol) [0x00007FF62379B54A]
	(No symbol) [0x00007FF6237EF6A5]
	(No symbol) [0x00007FF6237EF8FC]
	(No symbol) [0x00007FF62383B797]
	(No symbol) [0x00007FF6238171DF]
	(No symbol) [0x00007FF62383853C]
	(No symbol) [0x00007FF623816F43]
	(No symbol) [0x00007FF6237E115F]
	(No symbol) [0x00007FF6237E22B1]
	GetHandleVerifier [0x00007FF623C9BE3D+3380653]
	GetHandleVerifier [0x00007FF623CE7943+3690675]
	GetHandleVerifier [0x00007FF623CDC83B+3645355]
	GetHandleVerifier [0x00007FF623A28DD6+812358]
	(No symbol) [0x00007FF6238EAA4F]
	(No symbol) [0x00007FF6238E6A64]
	(No symbol) [0x00007FF6238E6C00]
	(No symbol) [0x00007FF6238D5B3F]
	BaseThreadInitThunk [0x00007FFFCBDEE8D7+23]
	RtlUserThreadStart [0x00007FFFCC57FBCC+44]

2024-12-06 20:35:04,882 - ERROR - Failed to fetch user reviews link for https://www.imdb.com/title/tt27726037/?ref_=sr_t_4: Message: no such element: Unable to locate element: {"method":"css selector","selector":"a.isReview[href*="/reviews/"]"}
  (Session info: chrome=129.0.6668.42); For documentation on this error, please visit: https://www.selenium.dev/documentation/webdriver/troubleshooting/errors#no-such-element-exception
Stacktrace:
	GetHandleVerifier [0x00007FF623969C05+29557]
	(No symbol) [0x00007FF6238DF930]
	(No symbol) [0x00007FF62379B54A]
	(No symbol) [0x00007FF6237EF6A5]
	(No symbol) [0x00007FF6237EF8FC]
	(No symbol) [0x00007FF62383B797]
	(No symbol) [0x00007FF6238171DF]
	(No symbol) [0x00007FF62383853C]
	(No symbol) [0x00007FF623816F43]
	(No symbol) [0x00007FF6237E115F]
	(No symbol) [0x00007FF6237E22B1]
	GetHandleVerifier [0x00007FF623C9BE3D+3380653]
	GetHandleVerifier [0x00007FF623CE7943+3690675]
	GetHandleVerifier [0x00007FF623CDC83B+3645355]
	GetHandleVerifier [0x00007FF623A28DD6+812358]
	(No symbol) [0x00007FF6238EAA4F]
	(No symbol) [0x00007FF6238E6A64]
	(No symbol) [0x00007FF6238E6C00]
	(No symbol) [0x00007FF6238D5B3F]
	BaseThreadInitThunk [0x00007FFFCBDEE8D7+23]
	RtlUserThreadStart [0x00007FFFCC57FBCC+44]

2024-12-06 20:35:04,894 - ERROR - Failed to fetch critic reviews link for https://www.imdb.com/title/tt27726037/?ref_=sr_t_4: Message: no such element: Unable to locate element: {"method":"css selector","selector":"a.isReview[href*="/criticreviews/"]"}
  (Session info: chrome=129.0.6668.42); For documentation on this error, please visit: https://www.selenium.dev/documentation/webdriver/troubleshooting/errors#no-such-element-exception
Stacktrace:
	GetHandleVerifier [0x00007FF623969C05+29557]
	(No symbol) [0x00007FF6238DF930]
	(No symbol) [0x00007FF62379B54A]
	(No symbol) [0x00007FF6237EF6A5]
	(No symbol) [0x00007FF6237EF8FC]
	(No symbol) [0x00007FF62383B797]
	(No symbol) [0x00007FF6238171DF]
	(No symbol) [0x00007FF62383853C]
	(No symbol) [0x00007FF623816F43]
	(No symbol) [0x00007FF6237E115F]
	(No symbol) [0x00007FF6237E22B1]
	GetHandleVerifier [0x00007FF623C9BE3D+3380653]
	GetHandleVerifier [0x00007FF623CE7943+3690675]
	GetHandleVerifier [0x00007FF623CDC83B+3645355]
	GetHandleVerifier [0x00007FF623A28DD6+812358]
	(No symbol) [0x00007FF6238EAA4F]
	(No symbol) [0x00007FF6238E6A64]
	(No symbol) [0x00007FF6238E6C00]
	(No symbol) [0x00007FF6238D5B3F]
	BaseThreadInitThunk [0x00007FFFCBDEE8D7+23]
	RtlUserThreadStart [0x00007FFFCC57FBCC+44]

2024-12-06 20:35:10,853 - ERROR - Year not found for https://www.imdb.com/title/tt13009044/?ref_=sr_t_5: Message: no such element: Unable to locate element: {"method":"xpath","selector":"(//a[@class="ipc-link ipc-link--baseAlt ipc-link--inherit-color"])[6]"}
  (Session info: chrome=129.0.6668.42); For documentation on this error, please visit: https://www.selenium.dev/documentation/webdriver/troubleshooting/errors#no-such-element-exception
Stacktrace:
	GetHandleVerifier [0x00007FF623969C05+29557]
	(No symbol) [0x00007FF6238DF930]
	(No symbol) [0x00007FF62379B54A]
	(No symbol) [0x00007FF6237EF6A5]
	(No symbol) [0x00007FF6237EF8FC]
	(No symbol) [0x00007FF62383B797]
	(No symbol) [0x00007FF6238171DF]
	(No symbol) [0x00007FF62383853C]
	(No symbol) [0x00007FF623816F43]
	(No symbol) [0x00007FF6237E115F]
	(No symbol) [0x00007FF6237E22B1]
	GetHandleVerifier [0x00007FF623C9BE3D+3380653]
	GetHandleVerifier [0x00007FF623CE7943+3690675]
	GetHandleVerifier [0x00007FF623CDC83B+3645355]
	GetHandleVerifier [0x00007FF623A28DD6+812358]
	(No symbol) [0x00007FF6238EAA4F]
	(No symbol) [0x00007FF6238E6A64]
	(No symbol) [0x00007FF6238E6C00]
	(No symbol) [0x00007FF6238D5B3F]
	BaseThreadInitThunk [0x00007FFFCBDEE8D7+23]
	RtlUserThreadStart [0x00007FFFCC57FBCC+44]

2024-12-06 20:35:11,194 - ERROR - Metascore not found for https://www.imdb.com/title/tt13009044/?ref_=sr_t_5: Message: no such element: Unable to locate element: {"method":"css selector","selector":"span.sc-b0901df4-0"}
  (Session info: chrome=129.0.6668.42); For documentation on this error, please visit: https://www.selenium.dev/documentation/webdriver/troubleshooting/errors#no-such-element-exception
Stacktrace:
	GetHandleVerifier [0x00007FF623969C05+29557]
	(No symbol) [0x00007FF6238DF930]
	(No symbol) [0x00007FF62379B54A]
	(No symbol) [0x00007FF6237EF6A5]
	(No symbol) [0x00007FF6237EF8FC]
	(No symbol) [0x00007FF62383B797]
	(No symbol) [0x00007FF6238171DF]
	(No symbol) [0x00007FF62383853C]
	(No symbol) [0x00007FF623816F43]
	(No symbol) [0x00007FF6237E115F]
	(No symbol) [0x00007FF6237E22B1]
	GetHandleVerifier [0x00007FF623C9BE3D+3380653]
	GetHandleVerifier [0x00007FF623CE7943+3690675]
	GetHandleVerifier [0x00007FF623CDC83B+3645355]
	GetHandleVerifier [0x00007FF623A28DD6+812358]
	(No symbol) [0x00007FF6238EAA4F]
	(No symbol) [0x00007FF6238E6A64]
	(No symbol) [0x00007FF6238E6C00]
	(No symbol) [0x00007FF6238D5B3F]
	BaseThreadInitThunk [0x00007FFFCBDEE8D7+23]
	RtlUserThreadStart [0x00007FFFCC57FBCC+44]

2024-12-06 20:35:11,295 - ERROR - Critic reviews count not found for https://www.imdb.com/title/tt13009044/?ref_=sr_t_5: Message: no such element: Unable to locate element: {"method":"css selector","selector":"a.ipc-link--baseAlt[href*="/externalreviews/"] span.score"}
  (Session info: chrome=129.0.6668.42); For documentation on this error, please visit: https://www.selenium.dev/documentation/webdriver/troubleshooting/errors#no-such-element-exception
Stacktrace:
	GetHandleVerifier [0x00007FF623969C05+29557]
	(No symbol) [0x00007FF6238DF930]
	(No symbol) [0x00007FF62379B54A]
	(No symbol) [0x00007FF6237EF6A5]
	(No symbol) [0x00007FF6237EF8FC]
	(No symbol) [0x00007FF62383B797]
	(No symbol) [0x00007FF6238171DF]
	(No symbol) [0x00007FF62383853C]
	(No symbol) [0x00007FF623816F43]
	(No symbol) [0x00007FF6237E115F]
	(No symbol) [0x00007FF6237E22B1]
	GetHandleVerifier [0x00007FF623C9BE3D+3380653]
	GetHandleVerifier [0x00007FF623CE7943+3690675]
	GetHandleVerifier [0x00007FF623CDC83B+3645355]
	GetHandleVerifier [0x00007FF623A28DD6+812358]
	(No symbol) [0x00007FF6238EAA4F]
	(No symbol) [0x00007FF6238E6A64]
	(No symbol) [0x00007FF6238E6C00]
	(No symbol) [0x00007FF6238D5B3F]
	BaseThreadInitThunk [0x00007FFFCBDEE8D7+23]
	RtlUserThreadStart [0x00007FFFCC57FBCC+44]

2024-12-06 20:35:11,434 - ERROR - Failed to fetch critic reviews link for https://www.imdb.com/title/tt13009044/?ref_=sr_t_5: Message: no such element: Unable to locate element: {"method":"css selector","selector":"a.isReview[href*="/criticreviews/"]"}
  (Session info: chrome=129.0.6668.42); For documentation on this error, please visit: https://www.selenium.dev/documentation/webdriver/troubleshooting/errors#no-such-element-exception
Stacktrace:
	GetHandleVerifier [0x00007FF623969C05+29557]
	(No symbol) [0x00007FF6238DF930]
	(No symbol) [0x00007FF62379B54A]
	(No symbol) [0x00007FF6237EF6A5]
	(No symbol) [0x00007FF6237EF8FC]
	(No symbol) [0x00007FF62383B797]
	(No symbol) [0x00007FF6238171DF]
	(No symbol) [0x00007FF62383853C]
	(No symbol) [0x00007FF623816F43]
	(No symbol) [0x00007FF6237E115F]
	(No symbol) [0x00007FF6237E22B1]
	GetHandleVerifier [0x00007FF623C9BE3D+3380653]
	GetHandleVerifier [0x00007FF623CE7943+3690675]
	GetHandleVerifier [0x00007FF623CDC83B+3645355]
	GetHandleVerifier [0x00007FF623A28DD6+812358]
	(No symbol) [0x00007FF6238EAA4F]
	(No symbol) [0x00007FF6238E6A64]
	(No symbol) [0x00007FF6238E6C00]
	(No symbol) [0x00007FF6238D5B3F]
	BaseThreadInitThunk [0x00007FFFCBDEE8D7+23]
	RtlUserThreadStart [0x00007FFFCC57FBCC+44]

2024-12-06 20:35:18,738 - ERROR - Year not found for https://www.imdb.com/title/tt29220279/?ref_=sr_t_6: Message: no such element: Unable to locate element: {"method":"xpath","selector":"(//a[@class="ipc-link ipc-link--baseAlt ipc-link--inherit-color"])[6]"}
  (Session info: chrome=129.0.6668.42); For documentation on this error, please visit: https://www.selenium.dev/documentation/webdriver/troubleshooting/errors#no-such-element-exception
Stacktrace:
	GetHandleVerifier [0x00007FF623969C05+29557]
	(No symbol) [0x00007FF6238DF930]
	(No symbol) [0x00007FF62379B54A]
	(No symbol) [0x00007FF6237EF6A5]
	(No symbol) [0x00007FF6237EF8FC]
	(No symbol) [0x00007FF62383B797]
	(No symbol) [0x00007FF6238171DF]
	(No symbol) [0x00007FF62383853C]
	(No symbol) [0x00007FF623816F43]
	(No symbol) [0x00007FF6237E115F]
	(No symbol) [0x00007FF6237E22B1]
	GetHandleVerifier [0x00007FF623C9BE3D+3380653]
	GetHandleVerifier [0x00007FF623CE7943+3690675]
	GetHandleVerifier [0x00007FF623CDC83B+3645355]
	GetHandleVerifier [0x00007FF623A28DD6+812358]
	(No symbol) [0x00007FF6238EAA4F]
	(No symbol) [0x00007FF6238E6A64]
	(No symbol) [0x00007FF6238E6C00]
	(No symbol) [0x00007FF6238D5B3F]
	BaseThreadInitThunk [0x00007FFFCBDEE8D7+23]
	RtlUserThreadStart [0x00007FFFCC57FBCC+44]

2024-12-06 20:35:18,975 - ERROR - Metascore not found for https://www.imdb.com/title/tt29220279/?ref_=sr_t_6: Message: no such element: Unable to locate element: {"method":"css selector","selector":"span.sc-b0901df4-0"}
  (Session info: chrome=129.0.6668.42); For documentation on this error, please visit: https://www.selenium.dev/documentation/webdriver/troubleshooting/errors#no-such-element-exception
Stacktrace:
	GetHandleVerifier [0x00007FF623969C05+29557]
	(No symbol) [0x00007FF6238DF930]
	(No symbol) [0x00007FF62379B54A]
	(No symbol) [0x00007FF6237EF6A5]
	(No symbol) [0x00007FF6237EF8FC]
	(No symbol) [0x00007FF62383B797]
	(No symbol) [0x00007FF6238171DF]
	(No symbol) [0x00007FF62383853C]
	(No symbol) [0x00007FF623816F43]
	(No symbol) [0x00007FF6237E115F]
	(No symbol) [0x00007FF6237E22B1]
	GetHandleVerifier [0x00007FF623C9BE3D+3380653]
	GetHandleVerifier [0x00007FF623CE7943+3690675]
	GetHandleVerifier [0x00007FF623CDC83B+3645355]
	GetHandleVerifier [0x00007FF623A28DD6+812358]
	(No symbol) [0x00007FF6238EAA4F]
	(No symbol) [0x00007FF6238E6A64]
	(No symbol) [0x00007FF6238E6C00]
	(No symbol) [0x00007FF6238D5B3F]
	BaseThreadInitThunk [0x00007FFFCBDEE8D7+23]
	RtlUserThreadStart [0x00007FFFCC57FBCC+44]

2024-12-06 20:35:19,054 - ERROR - Critic reviews count not found for https://www.imdb.com/title/tt29220279/?ref_=sr_t_6: Message: no such element: Unable to locate element: {"method":"css selector","selector":"a.ipc-link--baseAlt[href*="/externalreviews/"] span.score"}
  (Session info: chrome=129.0.6668.42); For documentation on this error, please visit: https://www.selenium.dev/documentation/webdriver/troubleshooting/errors#no-such-element-exception
Stacktrace:
	GetHandleVerifier [0x00007FF623969C05+29557]
	(No symbol) [0x00007FF6238DF930]
	(No symbol) [0x00007FF62379B54A]
	(No symbol) [0x00007FF6237EF6A5]
	(No symbol) [0x00007FF6237EF8FC]
	(No symbol) [0x00007FF62383B797]
	(No symbol) [0x00007FF6238171DF]
	(No symbol) [0x00007FF62383853C]
	(No symbol) [0x00007FF623816F43]
	(No symbol) [0x00007FF6237E115F]
	(No symbol) [0x00007FF6237E22B1]
	GetHandleVerifier [0x00007FF623C9BE3D+3380653]
	GetHandleVerifier [0x00007FF623CE7943+3690675]
	GetHandleVerifier [0x00007FF623CDC83B+3645355]
	GetHandleVerifier [0x00007FF623A28DD6+812358]
	(No symbol) [0x00007FF6238EAA4F]
	(No symbol) [0x00007FF6238E6A64]
	(No symbol) [0x00007FF6238E6C00]
	(No symbol) [0x00007FF6238D5B3F]
	BaseThreadInitThunk [0x00007FFFCBDEE8D7+23]
	RtlUserThreadStart [0x00007FFFCC57FBCC+44]

2024-12-06 20:35:19,216 - ERROR - Failed to fetch critic reviews link for https://www.imdb.com/title/tt29220279/?ref_=sr_t_6: Message: no such element: Unable to locate element: {"method":"css selector","selector":"a.isReview[href*="/criticreviews/"]"}
  (Session info: chrome=129.0.6668.42); For documentation on this error, please visit: https://www.selenium.dev/documentation/webdriver/troubleshooting/errors#no-such-element-exception
Stacktrace:
	GetHandleVerifier [0x00007FF623969C05+29557]
	(No symbol) [0x00007FF6238DF930]
	(No symbol) [0x00007FF62379B54A]
	(No symbol) [0x00007FF6237EF6A5]
	(No symbol) [0x00007FF6237EF8FC]
	(No symbol) [0x00007FF62383B797]
	(No symbol) [0x00007FF6238171DF]
	(No symbol) [0x00007FF62383853C]
	(No symbol) [0x00007FF623816F43]
	(No symbol) [0x00007FF6237E115F]
	(No symbol) [0x00007FF6237E22B1]
	GetHandleVerifier [0x00007FF623C9BE3D+3380653]
	GetHandleVerifier [0x00007FF623CE7943+3690675]
	GetHandleVerifier [0x00007FF623CDC83B+3645355]
	GetHandleVerifier [0x00007FF623A28DD6+812358]
	(No symbol) [0x00007FF6238EAA4F]
	(No symbol) [0x00007FF6238E6A64]
	(No symbol) [0x00007FF6238E6C00]
	(No symbol) [0x00007FF6238D5B3F]
	BaseThreadInitThunk [0x00007FFFCBDEE8D7+23]
	RtlUserThreadStart [0x00007FFFCC57FBCC+44]

2024-12-06 20:35:23,202 - WARNING - Retrying (Retry(total=2, connect=None, read=None, redirect=None, status=None)) after connection broken by 'ConnectionResetError(10054, 'An existing connection was forcibly closed by the remote host', None, 10054, None)': /session/7905e05b8d8bf7c6a895f507e3759c42
2024-12-06 20:35:27,406 - ERROR - Task exception was never retrieved
future: <Task finished name='Task-1' coro=<main() done, defined at C:\Users\Tirtub\Desktop\IMDB SCRAPER\script.py:271> exception=KeyboardInterrupt()>
Traceback (most recent call last):
  File "C:\Program Files\WindowsApps\PythonSoftwareFoundation.Python.3.10_3.10.3056.0_x64__qbz5n2kfra8p0\lib\asyncio\runners.py", line 44, in run
    return loop.run_until_complete(main)
  File "C:\Program Files\WindowsApps\PythonSoftwareFoundation.Python.3.10_3.10.3056.0_x64__qbz5n2kfra8p0\lib\asyncio\base_events.py", line 636, in run_until_complete
    self.run_forever()
  File "C:\Program Files\WindowsApps\PythonSoftwareFoundation.Python.3.10_3.10.3056.0_x64__qbz5n2kfra8p0\lib\asyncio\windows_events.py", line 321, in run_forever
    super().run_forever()
  File "C:\Program Files\WindowsApps\PythonSoftwareFoundation.Python.3.10_3.10.3056.0_x64__qbz5n2kfra8p0\lib\asyncio\base_events.py", line 603, in run_forever
    self._run_once()
  File "C:\Program Files\WindowsApps\PythonSoftwareFoundation.Python.3.10_3.10.3056.0_x64__qbz5n2kfra8p0\lib\asyncio\base_events.py", line 1871, in _run_once
    event_list = self._selector.select(timeout)
  File "C:\Program Files\WindowsApps\PythonSoftwareFoundation.Python.3.10_3.10.3056.0_x64__qbz5n2kfra8p0\lib\asyncio\windows_events.py", line 444, in select
    self._poll(timeout)
  File "C:\Program Files\WindowsApps\PythonSoftwareFoundation.Python.3.10_3.10.3056.0_x64__qbz5n2kfra8p0\lib\asyncio\windows_events.py", line 797, in _poll
    status = _overlapped.GetQueuedCompletionStatus(self._iocp, ms)
KeyboardInterrupt

During handling of the above exception, another exception occurred:

Traceback (most recent call last):
  File "C:\Users\Tirtub\Desktop\IMDB SCRAPER\script.py", line 323, in main
    await asyncio.sleep(2)
  File "C:\Program Files\WindowsApps\PythonSoftwareFoundation.Python.3.10_3.10.3056.0_x64__qbz5n2kfra8p0\lib\asyncio\tasks.py", line 605, in sleep
    return await future
asyncio.exceptions.CancelledError

During handling of the above exception, another exception occurred:

Traceback (most recent call last):
  File "C:\Users\Tirtub\Desktop\IMDB SCRAPER\.venv\lib\site-packages\urllib3\util\connection.py", line 73, in create_connection
    sock.connect(sa)
ConnectionRefusedError: [WinError 10061] No connection could be made because the target machine actively refused it

During handling of the above exception, another exception occurred:

Traceback (most recent call last):
  File "C:\Users\Tirtub\Desktop\IMDB SCRAPER\.venv\lib\site-packages\selenium\webdriver\chromium\webdriver.py", line 188, in quit
    super().quit()
  File "C:\Users\Tirtub\Desktop\IMDB SCRAPER\.venv\lib\site-packages\selenium\webdriver\remote\webdriver.py", line 506, in quit
    self.execute(Command.QUIT)
  File "C:\Users\Tirtub\Desktop\IMDB SCRAPER\.venv\lib\site-packages\selenium\webdriver\remote\webdriver.py", line 382, in execute
    response = self.command_executor.execute(driver_command, params)
  File "C:\Users\Tirtub\Desktop\IMDB SCRAPER\.venv\lib\site-packages\selenium\webdriver\remote\remote_connection.py", line 404, in execute
    return self._request(command_info[0], url, body=data)
  File "C:\Users\Tirtub\Desktop\IMDB SCRAPER\.venv\lib\site-packages\selenium\webdriver\remote\remote_connection.py", line 428, in _request
    response = self._conn.request(method, url, body=body, headers=headers, timeout=self._client_config.timeout)
  File "C:\Users\Tirtub\Desktop\IMDB SCRAPER\.venv\lib\site-packages\urllib3\_request_methods.py", line 135, in request
    return self.request_encode_url(
  File "C:\Users\Tirtub\Desktop\IMDB SCRAPER\.venv\lib\site-packages\urllib3\_request_methods.py", line 182, in request_encode_url
    return self.urlopen(method, url, **extra_kw)
  File "C:\Users\Tirtub\Desktop\IMDB SCRAPER\.venv\lib\site-packages\urllib3\poolmanager.py", line 443, in urlopen
    response = conn.urlopen(method, u.request_uri, **kw)
  File "C:\Users\Tirtub\Desktop\IMDB SCRAPER\.venv\lib\site-packages\urllib3\connectionpool.py", line 873, in urlopen
    return self.urlopen(
  File "C:\Users\Tirtub\Desktop\IMDB SCRAPER\.venv\lib\site-packages\urllib3\connectionpool.py", line 789, in urlopen
    response = self._make_request(
  File "C:\Users\Tirtub\Desktop\IMDB SCRAPER\.venv\lib\site-packages\urllib3\connectionpool.py", line 495, in _make_request
    conn.request(
  File "C:\Users\Tirtub\Desktop\IMDB SCRAPER\.venv\lib\site-packages\urllib3\connection.py", line 441, in request
    self.endheaders()
  File "C:\Program Files\WindowsApps\PythonSoftwareFoundation.Python.3.10_3.10.3056.0_x64__qbz5n2kfra8p0\lib\http\client.py", line 1278, in endheaders
    self._send_output(message_body, encode_chunked=encode_chunked)
  File "C:\Program Files\WindowsApps\PythonSoftwareFoundation.Python.3.10_3.10.3056.0_x64__qbz5n2kfra8p0\lib\http\client.py", line 1038, in _send_output
    self.send(msg)
  File "C:\Program Files\WindowsApps\PythonSoftwareFoundation.Python.3.10_3.10.3056.0_x64__qbz5n2kfra8p0\lib\http\client.py", line 976, in send
    self.connect()
  File "C:\Users\Tirtub\Desktop\IMDB SCRAPER\.venv\lib\site-packages\urllib3\connection.py", line 279, in connect
    self.sock = self._new_conn()
  File "C:\Users\Tirtub\Desktop\IMDB SCRAPER\.venv\lib\site-packages\urllib3\connection.py", line 199, in _new_conn
    sock = connection.create_connection(
  File "C:\Users\Tirtub\Desktop\IMDB SCRAPER\.venv\lib\site-packages\urllib3\util\connection.py", line 73, in create_connection
    sock.connect(sa)
KeyboardInterrupt

During handling of the above exception, another exception occurred:

Traceback (most recent call last):
  File "C:\Program Files\WindowsApps\PythonSoftwareFoundation.Python.3.10_3.10.3056.0_x64__qbz5n2kfra8p0\lib\socket.py", line 833, in create_connection
    sock.connect(sa)
ConnectionRefusedError: [WinError 10061] No connection could be made because the target machine actively refused it

During handling of the above exception, another exception occurred:

Traceback (most recent call last):
  File "C:\Users\Tirtub\Desktop\IMDB SCRAPER\script.py", line 338, in <module>
    asyncio.run(main())
  File "C:\Program Files\WindowsApps\PythonSoftwareFoundation.Python.3.10_3.10.3056.0_x64__qbz5n2kfra8p0\lib\asyncio\runners.py", line 47, in run
    _cancel_all_tasks(loop)
  File "C:\Program Files\WindowsApps\PythonSoftwareFoundation.Python.3.10_3.10.3056.0_x64__qbz5n2kfra8p0\lib\asyncio\runners.py", line 63, in _cancel_all_tasks
    loop.run_until_complete(tasks.gather(*to_cancel, return_exceptions=True))
  File "C:\Program Files\WindowsApps\PythonSoftwareFoundation.Python.3.10_3.10.3056.0_x64__qbz5n2kfra8p0\lib\asyncio\base_events.py", line 636, in run_until_complete
    self.run_forever()
  File "C:\Program Files\WindowsApps\PythonSoftwareFoundation.Python.3.10_3.10.3056.0_x64__qbz5n2kfra8p0\lib\asyncio\windows_events.py", line 321, in run_forever
    super().run_forever()
  File "C:\Program Files\WindowsApps\PythonSoftwareFoundation.Python.3.10_3.10.3056.0_x64__qbz5n2kfra8p0\lib\asyncio\base_events.py", line 603, in run_forever
    self._run_once()
  File "C:\Program Files\WindowsApps\PythonSoftwareFoundation.Python.3.10_3.10.3056.0_x64__qbz5n2kfra8p0\lib\asyncio\base_events.py", line 1909, in _run_once
    handle._run()
  File "C:\Program Files\WindowsApps\PythonSoftwareFoundation.Python.3.10_3.10.3056.0_x64__qbz5n2kfra8p0\lib\asyncio\events.py", line 80, in _run
    self._context.run(self._callback, *self._args)
  File "C:\Users\Tirtub\Desktop\IMDB SCRAPER\script.py", line 328, in main
    driver.quit()
  File "C:\Users\Tirtub\Desktop\IMDB SCRAPER\.venv\lib\site-packages\selenium\webdriver\chromium\webdriver.py", line 193, in quit
    self.service.stop()
  File "C:\Users\Tirtub\Desktop\IMDB SCRAPER\.venv\lib\site-packages\selenium\webdriver\common\service.py", line 152, in stop
    self.send_remote_shutdown_command()
  File "C:\Users\Tirtub\Desktop\IMDB SCRAPER\.venv\lib\site-packages\selenium\webdriver\common\service.py", line 132, in send_remote_shutdown_command
    request.urlopen(f"{self.service_url}/shutdown")
  File "C:\Program Files\WindowsApps\PythonSoftwareFoundation.Python.3.10_3.10.3056.0_x64__qbz5n2kfra8p0\lib\urllib\request.py", line 216, in urlopen
    return opener.open(url, data, timeout)
  File "C:\Program Files\WindowsApps\PythonSoftwareFoundation.Python.3.10_3.10.3056.0_x64__qbz5n2kfra8p0\lib\urllib\request.py", line 519, in open
    response = self._open(req, data)
  File "C:\Program Files\WindowsApps\PythonSoftwareFoundation.Python.3.10_3.10.3056.0_x64__qbz5n2kfra8p0\lib\urllib\request.py", line 536, in _open
    result = self._call_chain(self.handle_open, protocol, protocol +
  File "C:\Program Files\WindowsApps\PythonSoftwareFoundation.Python.3.10_3.10.3056.0_x64__qbz5n2kfra8p0\lib\urllib\request.py", line 496, in _call_chain
    result = func(*args)
  File "C:\Program Files\WindowsApps\PythonSoftwareFoundation.Python.3.10_3.10.3056.0_x64__qbz5n2kfra8p0\lib\urllib\request.py", line 1377, in http_open
    return self.do_open(http.client.HTTPConnection, req)
  File "C:\Program Files\WindowsApps\PythonSoftwareFoundation.Python.3.10_3.10.3056.0_x64__qbz5n2kfra8p0\lib\urllib\request.py", line 1348, in do_open
    h.request(req.get_method(), req.selector, req.data, headers,
  File "C:\Program Files\WindowsApps\PythonSoftwareFoundation.Python.3.10_3.10.3056.0_x64__qbz5n2kfra8p0\lib\http\client.py", line 1283, in request
    self._send_request(method, url, body, headers, encode_chunked)
  File "C:\Program Files\WindowsApps\PythonSoftwareFoundation.Python.3.10_3.10.3056.0_x64__qbz5n2kfra8p0\lib\http\client.py", line 1329, in _send_request
    self.endheaders(body, encode_chunked=encode_chunked)
  File "C:\Program Files\WindowsApps\PythonSoftwareFoundation.Python.3.10_3.10.3056.0_x64__qbz5n2kfra8p0\lib\http\client.py", line 1278, in endheaders
    self._send_output(message_body, encode_chunked=encode_chunked)
  File "C:\Program Files\WindowsApps\PythonSoftwareFoundation.Python.3.10_3.10.3056.0_x64__qbz5n2kfra8p0\lib\http\client.py", line 1038, in _send_output
    self.send(msg)
  File "C:\Program Files\WindowsApps\PythonSoftwareFoundation.Python.3.10_3.10.3056.0_x64__qbz5n2kfra8p0\lib\http\client.py", line 976, in send
    self.connect()
  File "C:\Program Files\WindowsApps\PythonSoftwareFoundation.Python.3.10_3.10.3056.0_x64__qbz5n2kfra8p0\lib\http\client.py", line 942, in connect
    self.sock = self._create_connection(
  File "C:\Program Files\WindowsApps\PythonSoftwareFoundation.Python.3.10_3.10.3056.0_x64__qbz5n2kfra8p0\lib\socket.py", line 833, in create_connection
    sock.connect(sa)
KeyboardInterrupt
